{"C:\\xampp\\htdocs\\Pet_Spa_Sist\\backend\\src\\middleware\\auth.js": {"path":"C:\\xampp\\htdocs\\Pet_Spa_Sist\\backend\\src\\middleware\\auth.js","statementMap":{"0":{"start":{"line":1,"column":12},"end":{"line":1,"column":35}},"1":{"start":{"line":2,"column":0},"end":{"line":2,"column":27}},"2":{"start":{"line":4,"column":26},"end":{"line":20,"column":1}},"3":{"start":{"line":5,"column":21},"end":{"line":5,"column":49}},"4":{"start":{"line":6,"column":16},"end":{"line":6,"column":54}},"5":{"start":{"line":8,"column":2},"end":{"line":10,"column":3}},"6":{"start":{"line":9,"column":4},"end":{"line":9,"column":72}},"7":{"start":{"line":12,"column":2},"end":{"line":19,"column":5}},"8":{"start":{"line":13,"column":4},"end":{"line":15,"column":5}},"9":{"start":{"line":14,"column":6},"end":{"line":14,"column":74}},"10":{"start":{"line":17,"column":4},"end":{"line":17,"column":20}},"11":{"start":{"line":18,"column":4},"end":{"line":18,"column":11}},"12":{"start":{"line":22,"column":20},"end":{"line":42,"column":1}},"13":{"start":{"line":23,"column":2},"end":{"line":41,"column":4}},"14":{"start":{"line":24,"column":4},"end":{"line":26,"column":5}},"15":{"start":{"line":25,"column":6},"end":{"line":25,"column":63}},"16":{"start":{"line":29,"column":25},"end":{"line":29,"column":78}},"17":{"start":{"line":30,"column":20},"end":{"line":30,"column":55}},"18":{"start":{"line":32,"column":4},"end":{"line":38,"column":5}},"19":{"start":{"line":33,"column":6},"end":{"line":37,"column":9}},"20":{"start":{"line":40,"column":4},"end":{"line":40,"column":11}},"21":{"start":{"line":44,"column":21},"end":{"line":57,"column":1}},"22":{"start":{"line":45,"column":21},"end":{"line":45,"column":49}},"23":{"start":{"line":46,"column":16},"end":{"line":46,"column":54}},"24":{"start":{"line":48,"column":2},"end":{"line":54,"column":3}},"25":{"start":{"line":49,"column":4},"end":{"line":53,"column":7}},"26":{"start":{"line":50,"column":6},"end":{"line":52,"column":7}},"27":{"start":{"line":51,"column":8},"end":{"line":51,"column":24}},"28":{"start":{"line":56,"column":2},"end":{"line":56,"column":9}},"29":{"start":{"line":59,"column":0},"end":{"line":63,"column":2}}},"fnMap":{"0":{"name":"(anonymous_0)","decl":{"start":{"line":4,"column":26},"end":{"line":4,"column":27}},"loc":{"start":{"line":4,"column":46},"end":{"line":20,"column":1}},"line":4},"1":{"name":"(anonymous_1)","decl":{"start":{"line":12,"column":44},"end":{"line":12,"column":45}},"loc":{"start":{"line":12,"column":59},"end":{"line":19,"column":3}},"line":12},"2":{"name":"(anonymous_2)","decl":{"start":{"line":22,"column":20},"end":{"line":22,"column":21}},"loc":{"start":{"line":22,"column":36},"end":{"line":42,"column":1}},"line":22},"3":{"name":"(anonymous_3)","decl":{"start":{"line":23,"column":9},"end":{"line":23,"column":10}},"loc":{"start":{"line":23,"column":29},"end":{"line":41,"column":3}},"line":23},"4":{"name":"(anonymous_4)","decl":{"start":{"line":44,"column":21},"end":{"line":44,"column":22}},"loc":{"start":{"line":44,"column":41},"end":{"line":57,"column":1}},"line":44},"5":{"name":"(anonymous_5)","decl":{"start":{"line":49,"column":46},"end":{"line":49,"column":47}},"loc":{"start":{"line":49,"column":61},"end":{"line":53,"column":5}},"line":49}},"branchMap":{"0":{"loc":{"start":{"line":6,"column":16},"end":{"line":6,"column":54}},"type":"binary-expr","locations":[{"start":{"line":6,"column":16},"end":{"line":6,"column":26}},{"start":{"line":6,"column":30},"end":{"line":6,"column":54}}],"line":6},"1":{"loc":{"start":{"line":8,"column":2},"end":{"line":10,"column":3}},"type":"if","locations":[{"start":{"line":8,"column":2},"end":{"line":10,"column":3}},{"start":{},"end":{}}],"line":8},"2":{"loc":{"start":{"line":13,"column":4},"end":{"line":15,"column":5}},"type":"if","locations":[{"start":{"line":13,"column":4},"end":{"line":15,"column":5}},{"start":{},"end":{}}],"line":13},"3":{"loc":{"start":{"line":24,"column":4},"end":{"line":26,"column":5}},"type":"if","locations":[{"start":{"line":24,"column":4},"end":{"line":26,"column":5}},{"start":{},"end":{}}],"line":24},"4":{"loc":{"start":{"line":29,"column":25},"end":{"line":29,"column":78}},"type":"cond-expr","locations":[{"start":{"line":29,"column":53},"end":{"line":29,"column":63}},{"start":{"line":29,"column":66},"end":{"line":29,"column":78}}],"line":29},"5":{"loc":{"start":{"line":32,"column":4},"end":{"line":38,"column":5}},"type":"if","locations":[{"start":{"line":32,"column":4},"end":{"line":38,"column":5}},{"start":{},"end":{}}],"line":32},"6":{"loc":{"start":{"line":46,"column":16},"end":{"line":46,"column":54}},"type":"binary-expr","locations":[{"start":{"line":46,"column":16},"end":{"line":46,"column":26}},{"start":{"line":46,"column":30},"end":{"line":46,"column":54}}],"line":46},"7":{"loc":{"start":{"line":48,"column":2},"end":{"line":54,"column":3}},"type":"if","locations":[{"start":{"line":48,"column":2},"end":{"line":54,"column":3}},{"start":{},"end":{}}],"line":48},"8":{"loc":{"start":{"line":50,"column":6},"end":{"line":52,"column":7}},"type":"if","locations":[{"start":{"line":50,"column":6},"end":{"line":52,"column":7}},{"start":{},"end":{}}],"line":50}},"s":{"0":1,"1":1,"2":1,"3":3,"4":3,"5":3,"6":1,"7":2,"8":2,"9":1,"10":1,"11":1,"12":1,"13":2,"14":2,"15":0,"16":2,"17":2,"18":2,"19":1,"20":1,"21":1,"22":0,"23":0,"24":0,"25":0,"26":0,"27":0,"28":0,"29":1},"f":{"0":3,"1":2,"2":2,"3":2,"4":0,"5":0},"b":{"0":[3,2],"1":[1,2],"2":[1,1],"3":[0,2],"4":[0,2],"5":[1,1],"6":[0,0],"7":[0,0],"8":[0,0]},"_coverageSchema":"1a1c01bbd47fc00a2c39e90264f33305004495a9","hash":"89af11dc197234346dd9a28725a638879c572e75"}
,"C:\\xampp\\htdocs\\Pet_Spa_Sist\\backend\\src\\services\\agendaService.js": {"path":"C:\\xampp\\htdocs\\Pet_Spa_Sist\\backend\\src\\services\\agendaService.js","statementMap":{"0":{"start":{"line":1,"column":13},"end":{"line":1,"column":42}},"1":{"start":{"line":2,"column":20},"end":{"line":2,"column":44}},"2":{"start":{"line":6,"column":16},"end":{"line":30,"column":5}},"3":{"start":{"line":32,"column":19},"end":{"line":32,"column":21}},"4":{"start":{"line":34,"column":4},"end":{"line":37,"column":5}},"5":{"start":{"line":35,"column":6},"end":{"line":35,"column":45}},"6":{"start":{"line":36,"column":6},"end":{"line":36,"column":33}},"7":{"start":{"line":39,"column":4},"end":{"line":42,"column":5}},"8":{"start":{"line":40,"column":6},"end":{"line":40,"column":35}},"9":{"start":{"line":41,"column":6},"end":{"line":41,"column":34}},"10":{"start":{"line":44,"column":4},"end":{"line":47,"column":5}},"11":{"start":{"line":45,"column":6},"end":{"line":45,"column":31}},"12":{"start":{"line":46,"column":6},"end":{"line":46,"column":38}},"13":{"start":{"line":49,"column":4},"end":{"line":49,"column":38}},"14":{"start":{"line":51,"column":21},"end":{"line":51,"column":54}},"15":{"start":{"line":52,"column":4},"end":{"line":52,"column":18}},"16":{"start":{"line":56,"column":21},"end":{"line":81,"column":5}},"17":{"start":{"line":83,"column":4},"end":{"line":85,"column":5}},"18":{"start":{"line":84,"column":6},"end":{"line":84,"column":47}},"19":{"start":{"line":87,"column":4},"end":{"line":87,"column":21}},"20":{"start":{"line":91,"column":68},"end":{"line":91,"column":79}},"21":{"start":{"line":93,"column":4},"end":{"line":95,"column":5}},"22":{"start":{"line":94,"column":6},"end":{"line":94,"column":65}},"23":{"start":{"line":97,"column":24},"end":{"line":100,"column":5}},"24":{"start":{"line":102,"column":4},"end":{"line":104,"column":5}},"25":{"start":{"line":103,"column":6},"end":{"line":103,"column":48}},"26":{"start":{"line":106,"column":63},"end":{"line":106,"column":75}},"27":{"start":{"line":107,"column":26},"end":{"line":107,"column":67}},"28":{"start":{"line":109,"column":28},"end":{"line":109,"column":56}},"29":{"start":{"line":110,"column":4},"end":{"line":112,"column":5}},"30":{"start":{"line":111,"column":6},"end":{"line":111,"column":48}},"31":{"start":{"line":114,"column":25},"end":{"line":114,"column":84}},"32":{"start":{"line":115,"column":22},"end":{"line":115,"column":82}},"33":{"start":{"line":116,"column":20},"end":{"line":116,"column":77}},"34":{"start":{"line":118,"column":27},"end":{"line":118,"column":81}},"35":{"start":{"line":119,"column":4},"end":{"line":121,"column":5}},"36":{"start":{"line":120,"column":6},"end":{"line":120,"column":55}},"37":{"start":{"line":123,"column":23},"end":{"line":123,"column":87}},"38":{"start":{"line":124,"column":4},"end":{"line":126,"column":5}},"39":{"start":{"line":125,"column":6},"end":{"line":125,"column":65}},"40":{"start":{"line":128,"column":22},"end":{"line":128,"column":36}},"41":{"start":{"line":130,"column":21},"end":{"line":134,"column":5}},"42":{"start":{"line":136,"column":4},"end":{"line":136,"column":93}},"43":{"start":{"line":138,"column":4},"end":{"line":138,"column":41}},"44":{"start":{"line":142,"column":28},"end":{"line":142,"column":50}},"45":{"start":{"line":143,"column":51},"end":{"line":143,"column":62}},"46":{"start":{"line":145,"column":23},"end":{"line":145,"column":25}},"47":{"start":{"line":146,"column":17},"end":{"line":146,"column":19}},"48":{"start":{"line":148,"column":4},"end":{"line":151,"column":5}},"49":{"start":{"line":149,"column":6},"end":{"line":149,"column":38}},"50":{"start":{"line":150,"column":6},"end":{"line":150,"column":26}},"51":{"start":{"line":153,"column":4},"end":{"line":156,"column":5}},"52":{"start":{"line":154,"column":6},"end":{"line":154,"column":45}},"53":{"start":{"line":155,"column":6},"end":{"line":155,"column":33}},"54":{"start":{"line":158,"column":4},"end":{"line":180,"column":5}},"55":{"start":{"line":159,"column":23},"end":{"line":159,"column":53}},"56":{"start":{"line":160,"column":22},"end":{"line":160,"column":50}},"57":{"start":{"line":161,"column":26},"end":{"line":161,"column":146}},"58":{"start":{"line":162,"column":6},"end":{"line":164,"column":7}},"59":{"start":{"line":163,"column":8},"end":{"line":163,"column":50}},"60":{"start":{"line":165,"column":52},"end":{"line":165,"column":64}},"61":{"start":{"line":166,"column":28},"end":{"line":166,"column":69}},"62":{"start":{"line":167,"column":30},"end":{"line":167,"column":64}},"63":{"start":{"line":168,"column":27},"end":{"line":168,"column":86}},"64":{"start":{"line":169,"column":24},"end":{"line":169,"column":84}},"65":{"start":{"line":170,"column":22},"end":{"line":170,"column":79}},"66":{"start":{"line":172,"column":29},"end":{"line":172,"column":81}},"67":{"start":{"line":173,"column":6},"end":{"line":175,"column":7}},"68":{"start":{"line":174,"column":8},"end":{"line":174,"column":57}},"69":{"start":{"line":177,"column":6},"end":{"line":177,"column":42}},"70":{"start":{"line":178,"column":6},"end":{"line":178,"column":46}},"71":{"start":{"line":179,"column":6},"end":{"line":179,"column":38}},"72":{"start":{"line":182,"column":4},"end":{"line":184,"column":5}},"73":{"start":{"line":183,"column":6},"end":{"line":183,"column":30}},"74":{"start":{"line":186,"column":18},"end":{"line":186,"column":83}},"75":{"start":{"line":187,"column":4},"end":{"line":187,"column":20}},"76":{"start":{"line":189,"column":4},"end":{"line":189,"column":38}},"77":{"start":{"line":190,"column":4},"end":{"line":190,"column":136}},"78":{"start":{"line":191,"column":4},"end":{"line":191,"column":28}},"79":{"start":{"line":195,"column":20},"end":{"line":195,"column":42}},"80":{"start":{"line":196,"column":4},"end":{"line":196,"column":70}},"81":{"start":{"line":197,"column":4},"end":{"line":197,"column":92}},"82":{"start":{"line":198,"column":4},"end":{"line":198,"column":58}},"83":{"start":{"line":202,"column":16},"end":{"line":205,"column":5}},"84":{"start":{"line":207,"column":19},"end":{"line":207,"column":50}},"85":{"start":{"line":208,"column":4},"end":{"line":211,"column":5}},"86":{"start":{"line":209,"column":6},"end":{"line":209,"column":30}},"87":{"start":{"line":210,"column":6},"end":{"line":210,"column":29}},"88":{"start":{"line":213,"column":21},"end":{"line":213,"column":54}},"89":{"start":{"line":214,"column":4},"end":{"line":214,"column":33}},"90":{"start":{"line":218,"column":24},"end":{"line":221,"column":5}},"91":{"start":{"line":223,"column":4},"end":{"line":225,"column":5}},"92":{"start":{"line":224,"column":6},"end":{"line":224,"column":48}},"93":{"start":{"line":227,"column":50},"end":{"line":227,"column":62}},"94":{"start":{"line":228,"column":26},"end":{"line":228,"column":67}},"95":{"start":{"line":230,"column":23},"end":{"line":234,"column":5}},"96":{"start":{"line":236,"column":21},"end":{"line":236,"column":23}},"97":{"start":{"line":237,"column":25},"end":{"line":237,"column":26}},"98":{"start":{"line":238,"column":23},"end":{"line":238,"column":25}},"99":{"start":{"line":240,"column":4},"end":{"line":265,"column":5}},"100":{"start":{"line":240,"column":20},"end":{"line":240,"column":32}},"101":{"start":{"line":241,"column":6},"end":{"line":264,"column":7}},"102":{"start":{"line":241,"column":24},"end":{"line":241,"column":25}},"103":{"start":{"line":242,"column":24},"end":{"line":242,"column":102}},"104":{"start":{"line":243,"column":30},"end":{"line":243,"column":61}},"105":{"start":{"line":244,"column":27},"end":{"line":244,"column":84}},"106":{"start":{"line":246,"column":8},"end":{"line":248,"column":9}},"107":{"start":{"line":247,"column":10},"end":{"line":247,"column":19}},"108":{"start":{"line":250,"column":25},"end":{"line":250,"column":29}},"109":{"start":{"line":251,"column":8},"end":{"line":259,"column":9}},"110":{"start":{"line":252,"column":32},"end":{"line":252,"column":60}},"111":{"start":{"line":253,"column":29},"end":{"line":253,"column":61}},"112":{"start":{"line":255,"column":10},"end":{"line":258,"column":11}},"113":{"start":{"line":256,"column":12},"end":{"line":256,"column":31}},"114":{"start":{"line":257,"column":12},"end":{"line":257,"column":18}},"115":{"start":{"line":261,"column":8},"end":{"line":263,"column":9}},"116":{"start":{"line":262,"column":10},"end":{"line":262,"column":33}},"117":{"start":{"line":267,"column":4},"end":{"line":267,"column":20}},"118":{"start":{"line":271,"column":30},"end":{"line":271,"column":49}},"119":{"start":{"line":272,"column":0},"end":{"line":272,"column":39}},"120":{"start":{"line":273,"column":0},"end":{"line":273,"column":47}}},"fnMap":{"0":{"name":"(anonymous_0)","decl":{"start":{"line":5,"column":2},"end":{"line":5,"column":3}},"loc":{"start":{"line":5,"column":29},"end":{"line":53,"column":3}},"line":5},"1":{"name":"(anonymous_1)","decl":{"start":{"line":55,"column":2},"end":{"line":55,"column":3}},"loc":{"start":{"line":55,"column":20},"end":{"line":88,"column":3}},"line":55},"2":{"name":"(anonymous_2)","decl":{"start":{"line":90,"column":2},"end":{"line":90,"column":3}},"loc":{"start":{"line":90,"column":36},"end":{"line":139,"column":3}},"line":90},"3":{"name":"(anonymous_3)","decl":{"start":{"line":141,"column":2},"end":{"line":141,"column":3}},"loc":{"start":{"line":141,"column":40},"end":{"line":192,"column":3}},"line":141},"4":{"name":"(anonymous_4)","decl":{"start":{"line":194,"column":2},"end":{"line":194,"column":3}},"loc":{"start":{"line":194,"column":27},"end":{"line":199,"column":3}},"line":194},"5":{"name":"(anonymous_5)","decl":{"start":{"line":201,"column":2},"end":{"line":201,"column":3}},"loc":{"start":{"line":201,"column":75},"end":{"line":215,"column":3}},"line":201},"6":{"name":"(anonymous_6)","decl":{"start":{"line":217,"column":2},"end":{"line":217,"column":3}},"loc":{"start":{"line":217,"column":50},"end":{"line":268,"column":3}},"line":217}},"branchMap":{"0":{"loc":{"start":{"line":5,"column":15},"end":{"line":5,"column":27}},"type":"default-arg","locations":[{"start":{"line":5,"column":25},"end":{"line":5,"column":27}}],"line":5},"1":{"loc":{"start":{"line":34,"column":4},"end":{"line":37,"column":5}},"type":"if","locations":[{"start":{"line":34,"column":4},"end":{"line":37,"column":5}},{"start":{},"end":{}}],"line":34},"2":{"loc":{"start":{"line":39,"column":4},"end":{"line":42,"column":5}},"type":"if","locations":[{"start":{"line":39,"column":4},"end":{"line":42,"column":5}},{"start":{},"end":{}}],"line":39},"3":{"loc":{"start":{"line":44,"column":4},"end":{"line":47,"column":5}},"type":"if","locations":[{"start":{"line":44,"column":4},"end":{"line":47,"column":5}},{"start":{},"end":{}}],"line":44},"4":{"loc":{"start":{"line":83,"column":4},"end":{"line":85,"column":5}},"type":"if","locations":[{"start":{"line":83,"column":4},"end":{"line":85,"column":5}},{"start":{},"end":{}}],"line":83},"5":{"loc":{"start":{"line":93,"column":4},"end":{"line":95,"column":5}},"type":"if","locations":[{"start":{"line":93,"column":4},"end":{"line":95,"column":5}},{"start":{},"end":{}}],"line":93},"6":{"loc":{"start":{"line":93,"column":8},"end":{"line":93,"column":54}},"type":"binary-expr","locations":[{"start":{"line":93,"column":8},"end":{"line":93,"column":19}},{"start":{"line":93,"column":23},"end":{"line":93,"column":35}},{"start":{"line":93,"column":39},"end":{"line":93,"column":45}},{"start":{"line":93,"column":49},"end":{"line":93,"column":54}}],"line":93},"7":{"loc":{"start":{"line":102,"column":4},"end":{"line":104,"column":5}},"type":"if","locations":[{"start":{"line":102,"column":4},"end":{"line":104,"column":5}},{"start":{},"end":{}}],"line":102},"8":{"loc":{"start":{"line":107,"column":42},"end":{"line":107,"column":66}},"type":"binary-expr","locations":[{"start":{"line":107,"column":42},"end":{"line":107,"column":61}},{"start":{"line":107,"column":65},"end":{"line":107,"column":66}}],"line":107},"9":{"loc":{"start":{"line":110,"column":4},"end":{"line":112,"column":5}},"type":"if","locations":[{"start":{"line":110,"column":4},"end":{"line":112,"column":5}},{"start":{},"end":{}}],"line":110},"10":{"loc":{"start":{"line":119,"column":4},"end":{"line":121,"column":5}},"type":"if","locations":[{"start":{"line":119,"column":4},"end":{"line":121,"column":5}},{"start":{},"end":{}}],"line":119},"11":{"loc":{"start":{"line":124,"column":4},"end":{"line":126,"column":5}},"type":"if","locations":[{"start":{"line":124,"column":4},"end":{"line":126,"column":5}},{"start":{},"end":{}}],"line":124},"12":{"loc":{"start":{"line":148,"column":4},"end":{"line":151,"column":5}},"type":"if","locations":[{"start":{"line":148,"column":4},"end":{"line":151,"column":5}},{"start":{},"end":{}}],"line":148},"13":{"loc":{"start":{"line":153,"column":4},"end":{"line":156,"column":5}},"type":"if","locations":[{"start":{"line":153,"column":4},"end":{"line":156,"column":5}},{"start":{},"end":{}}],"line":153},"14":{"loc":{"start":{"line":158,"column":4},"end":{"line":180,"column":5}},"type":"if","locations":[{"start":{"line":158,"column":4},"end":{"line":180,"column":5}},{"start":{},"end":{}}],"line":158},"15":{"loc":{"start":{"line":158,"column":8},"end":{"line":158,"column":21}},"type":"binary-expr","locations":[{"start":{"line":158,"column":8},"end":{"line":158,"column":13}},{"start":{"line":158,"column":17},"end":{"line":158,"column":21}}],"line":158},"16":{"loc":{"start":{"line":159,"column":23},"end":{"line":159,"column":53}},"type":"binary-expr","locations":[{"start":{"line":159,"column":23},"end":{"line":159,"column":28}},{"start":{"line":159,"column":32},"end":{"line":159,"column":53}}],"line":159},"17":{"loc":{"start":{"line":160,"column":22},"end":{"line":160,"column":50}},"type":"binary-expr","locations":[{"start":{"line":160,"column":22},"end":{"line":160,"column":26}},{"start":{"line":160,"column":30},"end":{"line":160,"column":50}}],"line":160},"18":{"loc":{"start":{"line":162,"column":6},"end":{"line":164,"column":7}},"type":"if","locations":[{"start":{"line":162,"column":6},"end":{"line":164,"column":7}},{"start":{},"end":{}}],"line":162},"19":{"loc":{"start":{"line":166,"column":44},"end":{"line":166,"column":68}},"type":"binary-expr","locations":[{"start":{"line":166,"column":44},"end":{"line":166,"column":63}},{"start":{"line":166,"column":67},"end":{"line":166,"column":68}}],"line":166},"20":{"loc":{"start":{"line":173,"column":6},"end":{"line":175,"column":7}},"type":"if","locations":[{"start":{"line":173,"column":6},"end":{"line":175,"column":7}},{"start":{},"end":{}}],"line":173},"21":{"loc":{"start":{"line":182,"column":4},"end":{"line":184,"column":5}},"type":"if","locations":[{"start":{"line":182,"column":4},"end":{"line":184,"column":5}},{"start":{},"end":{}}],"line":182},"22":{"loc":{"start":{"line":201,"column":57},"end":{"line":201,"column":73}},"type":"default-arg","locations":[{"start":{"line":201,"column":69},"end":{"line":201,"column":73}}],"line":201},"23":{"loc":{"start":{"line":208,"column":4},"end":{"line":211,"column":5}},"type":"if","locations":[{"start":{"line":208,"column":4},"end":{"line":211,"column":5}},{"start":{},"end":{}}],"line":208},"24":{"loc":{"start":{"line":223,"column":4},"end":{"line":225,"column":5}},"type":"if","locations":[{"start":{"line":223,"column":4},"end":{"line":225,"column":5}},{"start":{},"end":{}}],"line":223},"25":{"loc":{"start":{"line":228,"column":42},"end":{"line":228,"column":66}},"type":"binary-expr","locations":[{"start":{"line":228,"column":42},"end":{"line":228,"column":61}},{"start":{"line":228,"column":65},"end":{"line":228,"column":66}}],"line":228},"26":{"loc":{"start":{"line":246,"column":8},"end":{"line":248,"column":9}},"type":"if","locations":[{"start":{"line":246,"column":8},"end":{"line":248,"column":9}},{"start":{},"end":{}}],"line":246},"27":{"loc":{"start":{"line":246,"column":12},"end":{"line":246,"column":119}},"type":"binary-expr","locations":[{"start":{"line":246,"column":12},"end":{"line":246,"column":46}},{"start":{"line":246,"column":51},"end":{"line":246,"column":87}},{"start":{"line":246,"column":91},"end":{"line":246,"column":118}}],"line":246},"28":{"loc":{"start":{"line":255,"column":10},"end":{"line":258,"column":11}},"type":"if","locations":[{"start":{"line":255,"column":10},"end":{"line":258,"column":11}},{"start":{},"end":{}}],"line":255},"29":{"loc":{"start":{"line":255,"column":14},"end":{"line":255,"column":70}},"type":"binary-expr","locations":[{"start":{"line":255,"column":14},"end":{"line":255,"column":40}},{"start":{"line":255,"column":44},"end":{"line":255,"column":70}}],"line":255},"30":{"loc":{"start":{"line":261,"column":8},"end":{"line":263,"column":9}},"type":"if","locations":[{"start":{"line":261,"column":8},"end":{"line":263,"column":9}},{"start":{},"end":{}}],"line":261}},"s":{"0":1,"1":1,"2":0,"3":0,"4":0,"5":0,"6":0,"7":0,"8":0,"9":0,"10":0,"11":0,"12":0,"13":0,"14":0,"15":0,"16":0,"17":0,"18":0,"19":0,"20":2,"21":2,"22":0,"23":2,"24":2,"25":0,"26":2,"27":1,"28":1,"29":1,"30":0,"31":1,"32":1,"33":1,"34":1,"35":1,"36":0,"37":1,"38":1,"39":0,"40":1,"41":0,"42":0,"43":0,"44":0,"45":0,"46":0,"47":0,"48":0,"49":0,"50":0,"51":0,"52":0,"53":0,"54":0,"55":0,"56":0,"57":0,"58":0,"59":0,"60":0,"61":0,"62":0,"63":0,"64":0,"65":0,"66":0,"67":0,"68":0,"69":0,"70":0,"71":0,"72":0,"73":0,"74":0,"75":0,"76":0,"77":0,"78":0,"79":0,"80":0,"81":0,"82":0,"83":1,"84":1,"85":1,"86":0,"87":0,"88":1,"89":1,"90":1,"91":1,"92":0,"93":1,"94":1,"95":1,"96":1,"97":1,"98":1,"99":1,"100":1,"101":9,"102":9,"103":18,"104":18,"105":18,"106":18,"107":2,"108":16,"109":16,"110":16,"111":16,"112":16,"113":0,"114":0,"115":16,"116":16,"117":1,"118":1,"119":1,"120":1},"f":{"0":0,"1":0,"2":2,"3":0,"4":0,"5":1,"6":1},"b":{"0":[0],"1":[0,0],"2":[0,0],"3":[0,0],"4":[0,0],"5":[0,2],"6":[2,2,2,2],"7":[0,2],"8":[1,0],"9":[0,1],"10":[0,1],"11":[0,1],"12":[0,0],"13":[0,0],"14":[0,0],"15":[0,0],"16":[0,0],"17":[0,0],"18":[0,0],"19":[0,0],"20":[0,0],"21":[0,0],"22":[0],"23":[0,1],"24":[0,1],"25":[1,0],"26":[2,16],"27":[18,18,2],"28":[0,16],"29":[16,0],"30":[16,0]},"_coverageSchema":"1a1c01bbd47fc00a2c39e90264f33305004495a9","hash":"0e6b4edc232191281a556e5c4a18945ebd703aaf"}
,"C:\\xampp\\htdocs\\Pet_Spa_Sist\\backend\\src\\services\\authService.js": {"path":"C:\\xampp\\htdocs\\Pet_Spa_Sist\\backend\\src\\services\\authService.js","statementMap":{"0":{"start":{"line":1,"column":15},"end":{"line":1,"column":34}},"1":{"start":{"line":2,"column":12},"end":{"line":2,"column":35}},"2":{"start":{"line":3,"column":23},"end":{"line":3,"column":38}},"3":{"start":{"line":4,"column":13},"end":{"line":4,"column":42}},"4":{"start":{"line":5,"column":26},"end":{"line":5,"column":43}},"5":{"start":{"line":6,"column":15},"end":{"line":6,"column":32}},"6":{"start":{"line":7,"column":37},"end":{"line":7,"column":74}},"7":{"start":{"line":8,"column":0},"end":{"line":8,"column":27}},"8":{"start":{"line":13,"column":121},"end":{"line":13,"column":129}},"9":{"start":{"line":15,"column":4},"end":{"line":17,"column":5}},"10":{"start":{"line":16,"column":6},"end":{"line":16,"column":53}},"11":{"start":{"line":19,"column":4},"end":{"line":21,"column":5}},"12":{"start":{"line":20,"column":6},"end":{"line":20,"column":124}},"13":{"start":{"line":24,"column":31},"end":{"line":24,"column":65}},"14":{"start":{"line":25,"column":4},"end":{"line":30,"column":5}},"15":{"start":{"line":26,"column":20},"end":{"line":26,"column":49}},"16":{"start":{"line":27,"column":6},"end":{"line":27,"column":47}},"17":{"start":{"line":28,"column":6},"end":{"line":28,"column":45}},"18":{"start":{"line":29,"column":6},"end":{"line":29,"column":18}},"19":{"start":{"line":33,"column":23},"end":{"line":36,"column":5}},"20":{"start":{"line":38,"column":4},"end":{"line":40,"column":5}},"21":{"start":{"line":39,"column":6},"end":{"line":39,"column":53}},"22":{"start":{"line":43,"column":17},"end":{"line":43,"column":41}},"23":{"start":{"line":44,"column":25},"end":{"line":44,"column":58}},"24":{"start":{"line":47,"column":30},"end":{"line":51,"column":5}},"25":{"start":{"line":52,"column":32},"end":{"line":52,"column":69}},"26":{"start":{"line":55,"column":21},"end":{"line":59,"column":5}},"27":{"start":{"line":62,"column":4},"end":{"line":65,"column":6}},"28":{"start":{"line":67,"column":4},"end":{"line":74,"column":6}},"29":{"start":{"line":79,"column":92},"end":{"line":79,"column":100}},"30":{"start":{"line":81,"column":4},"end":{"line":83,"column":5}},"31":{"start":{"line":82,"column":6},"end":{"line":82,"column":77}},"32":{"start":{"line":85,"column":23},"end":{"line":85,"column":70}},"33":{"start":{"line":86,"column":4},"end":{"line":88,"column":5}},"34":{"start":{"line":87,"column":6},"end":{"line":87,"column":95}},"35":{"start":{"line":90,"column":31},"end":{"line":90,"column":65}},"36":{"start":{"line":91,"column":4},"end":{"line":96,"column":5}},"37":{"start":{"line":92,"column":20},"end":{"line":92,"column":49}},"38":{"start":{"line":93,"column":6},"end":{"line":93,"column":47}},"39":{"start":{"line":94,"column":6},"end":{"line":94,"column":45}},"40":{"start":{"line":95,"column":6},"end":{"line":95,"column":18}},"41":{"start":{"line":98,"column":23},"end":{"line":101,"column":5}},"42":{"start":{"line":103,"column":4},"end":{"line":105,"column":5}},"43":{"start":{"line":104,"column":6},"end":{"line":104,"column":53}},"44":{"start":{"line":107,"column":17},"end":{"line":107,"column":41}},"45":{"start":{"line":108,"column":25},"end":{"line":108,"column":58}},"46":{"start":{"line":110,"column":21},"end":{"line":114,"column":5}},"47":{"start":{"line":116,"column":4},"end":{"line":121,"column":5}},"48":{"start":{"line":117,"column":6},"end":{"line":120,"column":8}},"49":{"start":{"line":123,"column":4},"end":{"line":128,"column":5}},"50":{"start":{"line":124,"column":6},"end":{"line":127,"column":8}},"51":{"start":{"line":130,"column":4},"end":{"line":135,"column":5}},"52":{"start":{"line":131,"column":6},"end":{"line":134,"column":8}},"53":{"start":{"line":137,"column":4},"end":{"line":142,"column":6}},"54":{"start":{"line":147,"column":4},"end":{"line":149,"column":5}},"55":{"start":{"line":148,"column":6},"end":{"line":148,"column":59}},"56":{"start":{"line":152,"column":20},"end":{"line":155,"column":5}},"57":{"start":{"line":157,"column":4},"end":{"line":160,"column":5}},"58":{"start":{"line":158,"column":6},"end":{"line":158,"column":120}},"59":{"start":{"line":159,"column":6},"end":{"line":159,"column":48}},"60":{"start":{"line":162,"column":17},"end":{"line":162,"column":25}},"61":{"start":{"line":165,"column":4},"end":{"line":167,"column":5}},"62":{"start":{"line":166,"column":6},"end":{"line":166,"column":42}},"63":{"start":{"line":170,"column":4},"end":{"line":172,"column":5}},"64":{"start":{"line":171,"column":6},"end":{"line":171,"column":73}},"65":{"start":{"line":175,"column":4},"end":{"line":187,"column":5}},"66":{"start":{"line":176,"column":18},"end":{"line":176,"column":28}},"67":{"start":{"line":177,"column":6},"end":{"line":186,"column":7}},"68":{"start":{"line":178,"column":33},"end":{"line":178,"column":87}},"69":{"start":{"line":179,"column":8},"end":{"line":179,"column":95}},"70":{"start":{"line":182,"column":8},"end":{"line":185,"column":10}},"71":{"start":{"line":190,"column":28},"end":{"line":190,"column":78}},"72":{"start":{"line":192,"column":4},"end":{"line":208,"column":5}},"73":{"start":{"line":194,"column":26},"end":{"line":194,"column":56}},"74":{"start":{"line":195,"column":24},"end":{"line":195,"column":76}},"75":{"start":{"line":196,"column":19},"end":{"line":196,"column":41}},"76":{"start":{"line":199,"column":6},"end":{"line":203,"column":7}},"77":{"start":{"line":200,"column":28},"end":{"line":200,"column":65}},"78":{"start":{"line":201,"column":8},"end":{"line":201,"column":93}},"79":{"start":{"line":202,"column":8},"end":{"line":202,"column":53}},"80":{"start":{"line":205,"column":6},"end":{"line":205,"column":46}},"81":{"start":{"line":206,"column":6},"end":{"line":206,"column":113}},"82":{"start":{"line":207,"column":6},"end":{"line":207,"column":48}},"83":{"start":{"line":211,"column":4},"end":{"line":217,"column":5}},"84":{"start":{"line":212,"column":6},"end":{"line":216,"column":8}},"85":{"start":{"line":220,"column":4},"end":{"line":220,"column":76}},"86":{"start":{"line":225,"column":20},"end":{"line":228,"column":5}},"87":{"start":{"line":230,"column":4},"end":{"line":232,"column":5}},"88":{"start":{"line":231,"column":6},"end":{"line":231,"column":47}},"89":{"start":{"line":234,"column":17},"end":{"line":234,"column":25}},"90":{"start":{"line":236,"column":4},"end":{"line":238,"column":5}},"91":{"start":{"line":237,"column":6},"end":{"line":237,"column":44}},"92":{"start":{"line":241,"column":20},"end":{"line":244,"column":6}},"93":{"start":{"line":246,"column":4},"end":{"line":248,"column":5}},"94":{"start":{"line":247,"column":6},"end":{"line":247,"column":45}},"95":{"start":{"line":250,"column":4},"end":{"line":250,"column":76}},"96":{"start":{"line":256,"column":24},"end":{"line":260,"column":5}},"97":{"start":{"line":263,"column":25},"end":{"line":267,"column":5}},"98":{"start":{"line":270,"column":4},"end":{"line":273,"column":6}},"99":{"start":{"line":276,"column":4},"end":{"line":276,"column":109}},"100":{"start":{"line":278,"column":4},"end":{"line":289,"column":6}},"101":{"start":{"line":294,"column":4},"end":{"line":319,"column":5}},"102":{"start":{"line":295,"column":22},"end":{"line":295,"column":78}},"103":{"start":{"line":298,"column":22},"end":{"line":301,"column":7}},"104":{"start":{"line":303,"column":6},"end":{"line":305,"column":7}},"105":{"start":{"line":304,"column":8},"end":{"line":304,"column":49}},"106":{"start":{"line":307,"column":19},"end":{"line":307,"column":27}},"107":{"start":{"line":310,"column":26},"end":{"line":314,"column":7}},"108":{"start":{"line":316,"column":6},"end":{"line":316,"column":29}},"109":{"start":{"line":318,"column":6},"end":{"line":318,"column":51}},"110":{"start":{"line":324,"column":4},"end":{"line":324,"column":70}},"111":{"start":{"line":325,"column":4},"end":{"line":325,"column":55}},"112":{"start":{"line":330,"column":20},"end":{"line":333,"column":5}},"113":{"start":{"line":335,"column":4},"end":{"line":337,"column":5}},"114":{"start":{"line":336,"column":6},"end":{"line":336,"column":56}},"115":{"start":{"line":339,"column":17},"end":{"line":339,"column":25}},"116":{"start":{"line":341,"column":4},"end":{"line":348,"column":5}},"117":{"start":{"line":342,"column":22},"end":{"line":342,"column":75}},"118":{"start":{"line":343,"column":6},"end":{"line":345,"column":7}},"119":{"start":{"line":344,"column":8},"end":{"line":344,"column":58}},"120":{"start":{"line":347,"column":6},"end":{"line":347,"column":67}},"121":{"start":{"line":351,"column":4},"end":{"line":354,"column":6}},"122":{"start":{"line":356,"column":4},"end":{"line":356,"column":87}},"123":{"start":{"line":358,"column":4},"end":{"line":358,"column":74}},"124":{"start":{"line":363,"column":20},"end":{"line":366,"column":5}},"125":{"start":{"line":368,"column":4},"end":{"line":370,"column":5}},"126":{"start":{"line":369,"column":6},"end":{"line":369,"column":47}},"127":{"start":{"line":372,"column":17},"end":{"line":372,"column":25}},"128":{"start":{"line":375,"column":4},"end":{"line":377,"column":5}},"129":{"start":{"line":376,"column":6},"end":{"line":376,"column":53}},"130":{"start":{"line":380,"column":30},"end":{"line":384,"column":5}},"131":{"start":{"line":385,"column":32},"end":{"line":385,"column":69}},"132":{"start":{"line":387,"column":4},"end":{"line":390,"column":6}},"133":{"start":{"line":392,"column":4},"end":{"line":392,"column":98}},"134":{"start":{"line":394,"column":4},"end":{"line":394,"column":54}},"135":{"start":{"line":399,"column":20},"end":{"line":402,"column":5}},"136":{"start":{"line":404,"column":4},"end":{"line":406,"column":5}},"137":{"start":{"line":405,"column":6},"end":{"line":405,"column":47}},"138":{"start":{"line":408,"column":17},"end":{"line":408,"column":25}},"139":{"start":{"line":411,"column":19},"end":{"line":411,"column":49}},"140":{"start":{"line":412,"column":20},"end":{"line":412,"column":103}},"141":{"start":{"line":415,"column":19},"end":{"line":415,"column":50}},"142":{"start":{"line":418,"column":4},"end":{"line":421,"column":6}},"143":{"start":{"line":423,"column":4},"end":{"line":423,"column":30}},"144":{"start":{"line":428,"column":20},"end":{"line":431,"column":5}},"145":{"start":{"line":433,"column":4},"end":{"line":435,"column":5}},"146":{"start":{"line":434,"column":6},"end":{"line":434,"column":47}},"147":{"start":{"line":437,"column":17},"end":{"line":437,"column":25}},"148":{"start":{"line":439,"column":4},"end":{"line":441,"column":5}},"149":{"start":{"line":440,"column":6},"end":{"line":440,"column":44}},"150":{"start":{"line":444,"column":20},"end":{"line":447,"column":6}},"151":{"start":{"line":449,"column":4},"end":{"line":451,"column":5}},"152":{"start":{"line":450,"column":6},"end":{"line":450,"column":41}},"153":{"start":{"line":454,"column":4},"end":{"line":454,"column":78}},"154":{"start":{"line":456,"column":4},"end":{"line":456,"column":55}},"155":{"start":{"line":461,"column":20},"end":{"line":464,"column":5}},"156":{"start":{"line":466,"column":4},"end":{"line":468,"column":5}},"157":{"start":{"line":467,"column":6},"end":{"line":467,"column":47}},"158":{"start":{"line":470,"column":17},"end":{"line":470,"column":25}},"159":{"start":{"line":473,"column":28},"end":{"line":473,"column":78}},"160":{"start":{"line":475,"column":4},"end":{"line":477,"column":5}},"161":{"start":{"line":476,"column":6},"end":{"line":476,"column":47}},"162":{"start":{"line":479,"column":4},"end":{"line":482,"column":6}},"163":{"start":{"line":484,"column":4},"end":{"line":484,"column":81}},"164":{"start":{"line":486,"column":4},"end":{"line":486,"column":58}},"165":{"start":{"line":491,"column":20},"end":{"line":494,"column":5}},"166":{"start":{"line":496,"column":4},"end":{"line":498,"column":5}},"167":{"start":{"line":497,"column":6},"end":{"line":497,"column":47}},"168":{"start":{"line":500,"column":17},"end":{"line":500,"column":25}},"169":{"start":{"line":503,"column":28},"end":{"line":503,"column":85}},"170":{"start":{"line":505,"column":4},"end":{"line":507,"column":5}},"171":{"start":{"line":506,"column":6},"end":{"line":506,"column":54}},"172":{"start":{"line":510,"column":31},"end":{"line":510,"column":68}},"173":{"start":{"line":511,"column":4},"end":{"line":516,"column":5}},"174":{"start":{"line":512,"column":20},"end":{"line":512,"column":49}},"175":{"start":{"line":513,"column":6},"end":{"line":513,"column":47}},"176":{"start":{"line":514,"column":6},"end":{"line":514,"column":45}},"177":{"start":{"line":515,"column":6},"end":{"line":515,"column":18}},"178":{"start":{"line":519,"column":17},"end":{"line":519,"column":41}},"179":{"start":{"line":520,"column":28},"end":{"line":520,"column":64}},"180":{"start":{"line":522,"column":4},"end":{"line":525,"column":6}},"181":{"start":{"line":527,"column":4},"end":{"line":527,"column":80}},"182":{"start":{"line":529,"column":4},"end":{"line":529,"column":60}},"183":{"start":{"line":534,"column":4},"end":{"line":538,"column":6}},"184":{"start":{"line":542,"column":14},"end":{"line":542,"column":47}},"185":{"start":{"line":543,"column":14},"end":{"line":543,"column":47}},"186":{"start":{"line":544,"column":19},"end":{"line":544,"column":32}},"187":{"start":{"line":545,"column":25},"end":{"line":549,"column":5}},"188":{"start":{"line":551,"column":4},"end":{"line":554,"column":6}},"189":{"start":{"line":558,"column":4},"end":{"line":560,"column":5}},"190":{"start":{"line":559,"column":6},"end":{"line":559,"column":19}},"191":{"start":{"line":562,"column":4},"end":{"line":567,"column":5}},"192":{"start":{"line":563,"column":22},"end":{"line":563,"column":70}},"193":{"start":{"line":564,"column":6},"end":{"line":564,"column":69}},"194":{"start":{"line":566,"column":6},"end":{"line":566,"column":19}},"195":{"start":{"line":572,"column":4},"end":{"line":596,"column":5}},"196":{"start":{"line":574,"column":16},"end":{"line":574,"column":20}},"197":{"start":{"line":575,"column":6},"end":{"line":583,"column":7}},"198":{"start":{"line":576,"column":24},"end":{"line":579,"column":9}},"199":{"start":{"line":580,"column":8},"end":{"line":582,"column":9}},"200":{"start":{"line":581,"column":10},"end":{"line":581,"column":29}},"201":{"start":{"line":585,"column":17},"end":{"line":585,"column":34}},"202":{"start":{"line":586,"column":20},"end":{"line":586,"column":37}},"203":{"start":{"line":587,"column":22},"end":{"line":587,"column":72}},"204":{"start":{"line":590,"column":6},"end":{"line":593,"column":8}},"205":{"start":{"line":595,"column":6},"end":{"line":595,"column":60}},"206":{"start":{"line":601,"column":4},"end":{"line":601,"column":86}},"207":{"start":{"line":606,"column":4},"end":{"line":606,"column":119}},"208":{"start":{"line":611,"column":20},"end":{"line":614,"column":5}},"209":{"start":{"line":616,"column":4},"end":{"line":618,"column":5}},"210":{"start":{"line":617,"column":6},"end":{"line":617,"column":47}},"211":{"start":{"line":620,"column":4},"end":{"line":620,"column":20}},"212":{"start":{"line":625,"column":20},"end":{"line":627,"column":5}},"213":{"start":{"line":629,"column":4},"end":{"line":629,"column":17}},"214":{"start":{"line":634,"column":43},"end":{"line":634,"column":51}},"215":{"start":{"line":636,"column":4},"end":{"line":639,"column":6}},"216":{"start":{"line":641,"column":4},"end":{"line":641,"column":36}},"217":{"start":{"line":646,"column":4},"end":{"line":649,"column":6}},"218":{"start":{"line":651,"column":4},"end":{"line":651,"column":58}},"219":{"start":{"line":657,"column":20},"end":{"line":660,"column":5}},"220":{"start":{"line":662,"column":4},"end":{"line":664,"column":5}},"221":{"start":{"line":663,"column":6},"end":{"line":663,"column":47}},"222":{"start":{"line":666,"column":20},"end":{"line":666,"column":32}},"223":{"start":{"line":669,"column":4},"end":{"line":672,"column":6}},"224":{"start":{"line":675,"column":4},"end":{"line":679,"column":7}},"225":{"start":{"line":681,"column":17},"end":{"line":681,"column":47}},"226":{"start":{"line":682,"column":4},"end":{"line":682,"column":32}},"227":{"start":{"line":688,"column":20},"end":{"line":691,"column":5}},"228":{"start":{"line":693,"column":4},"end":{"line":695,"column":5}},"229":{"start":{"line":694,"column":6},"end":{"line":694,"column":47}},"230":{"start":{"line":697,"column":22},"end":{"line":697,"column":37}},"231":{"start":{"line":700,"column":4},"end":{"line":703,"column":6}},"232":{"start":{"line":706,"column":4},"end":{"line":710,"column":7}},"233":{"start":{"line":712,"column":17},"end":{"line":712,"column":47}},"234":{"start":{"line":713,"column":4},"end":{"line":713,"column":34}},"235":{"start":{"line":719,"column":20},"end":{"line":722,"column":5}},"236":{"start":{"line":724,"column":4},"end":{"line":726,"column":5}},"237":{"start":{"line":725,"column":6},"end":{"line":725,"column":47}},"238":{"start":{"line":729,"column":4},"end":{"line":732,"column":6}},"239":{"start":{"line":735,"column":4},"end":{"line":737,"column":7}},"240":{"start":{"line":739,"column":4},"end":{"line":739,"column":58}},"241":{"start":{"line":743,"column":28},"end":{"line":743,"column":45}},"242":{"start":{"line":744,"column":0},"end":{"line":744,"column":37}},"243":{"start":{"line":745,"column":0},"end":{"line":745,"column":45}}},"fnMap":{"0":{"name":"(anonymous_0)","decl":{"start":{"line":12,"column":2},"end":{"line":12,"column":3}},"loc":{"start":{"line":12,"column":27},"end":{"line":75,"column":3}},"line":12},"1":{"name":"(anonymous_1)","decl":{"start":{"line":78,"column":2},"end":{"line":78,"column":3}},"loc":{"start":{"line":78,"column":36},"end":{"line":143,"column":3}},"line":78},"2":{"name":"(anonymous_2)","decl":{"start":{"line":146,"column":2},"end":{"line":146,"column":3}},"loc":{"start":{"line":146,"column":53},"end":{"line":221,"column":3}},"line":146},"3":{"name":"(anonymous_3)","decl":{"start":{"line":224,"column":2},"end":{"line":224,"column":3}},"loc":{"start":{"line":224,"column":54},"end":{"line":251,"column":3}},"line":224},"4":{"name":"(anonymous_4)","decl":{"start":{"line":254,"column":2},"end":{"line":254,"column":3}},"loc":{"start":{"line":254,"column":68},"end":{"line":290,"column":3}},"line":254},"5":{"name":"(anonymous_5)","decl":{"start":{"line":293,"column":2},"end":{"line":293,"column":3}},"loc":{"start":{"line":293,"column":41},"end":{"line":320,"column":3}},"line":293},"6":{"name":"(anonymous_6)","decl":{"start":{"line":323,"column":2},"end":{"line":323,"column":3}},"loc":{"start":{"line":323,"column":37},"end":{"line":326,"column":3}},"line":323},"7":{"name":"(anonymous_7)","decl":{"start":{"line":329,"column":2},"end":{"line":329,"column":3}},"loc":{"start":{"line":329,"column":39},"end":{"line":359,"column":3}},"line":329},"8":{"name":"(anonymous_8)","decl":{"start":{"line":362,"column":2},"end":{"line":362,"column":3}},"loc":{"start":{"line":362,"column":39},"end":{"line":395,"column":3}},"line":362},"9":{"name":"(anonymous_9)","decl":{"start":{"line":398,"column":2},"end":{"line":398,"column":3}},"loc":{"start":{"line":398,"column":25},"end":{"line":424,"column":3}},"line":398},"10":{"name":"(anonymous_10)","decl":{"start":{"line":427,"column":2},"end":{"line":427,"column":3}},"loc":{"start":{"line":427,"column":32},"end":{"line":457,"column":3}},"line":427},"11":{"name":"(anonymous_11)","decl":{"start":{"line":460,"column":2},"end":{"line":460,"column":3}},"loc":{"start":{"line":460,"column":37},"end":{"line":487,"column":3}},"line":460},"12":{"name":"(anonymous_12)","decl":{"start":{"line":490,"column":2},"end":{"line":490,"column":3}},"loc":{"start":{"line":490,"column":61},"end":{"line":530,"column":3}},"line":490},"13":{"name":"(anonymous_13)","decl":{"start":{"line":533,"column":2},"end":{"line":533,"column":3}},"loc":{"start":{"line":533,"column":28},"end":{"line":539,"column":3}},"line":533},"14":{"name":"(anonymous_14)","decl":{"start":{"line":541,"column":2},"end":{"line":541,"column":3}},"loc":{"start":{"line":541,"column":29},"end":{"line":555,"column":3}},"line":541},"15":{"name":"(anonymous_15)","decl":{"start":{"line":557,"column":2},"end":{"line":557,"column":3}},"loc":{"start":{"line":557,"column":47},"end":{"line":568,"column":3}},"line":557},"16":{"name":"(anonymous_16)","decl":{"start":{"line":571,"column":2},"end":{"line":571,"column":3}},"loc":{"start":{"line":571,"column":78},"end":{"line":597,"column":3}},"line":571},"17":{"name":"(anonymous_17)","decl":{"start":{"line":600,"column":2},"end":{"line":600,"column":3}},"loc":{"start":{"line":600,"column":83},"end":{"line":602,"column":3}},"line":600},"18":{"name":"(anonymous_18)","decl":{"start":{"line":605,"column":2},"end":{"line":605,"column":3}},"loc":{"start":{"line":605,"column":92},"end":{"line":607,"column":3}},"line":605},"19":{"name":"(anonymous_19)","decl":{"start":{"line":610,"column":2},"end":{"line":610,"column":3}},"loc":{"start":{"line":610,"column":28},"end":{"line":621,"column":3}},"line":610},"20":{"name":"(anonymous_20)","decl":{"start":{"line":624,"column":2},"end":{"line":624,"column":3}},"loc":{"start":{"line":624,"column":22},"end":{"line":630,"column":3}},"line":624},"21":{"name":"(anonymous_21)","decl":{"start":{"line":633,"column":2},"end":{"line":633,"column":3}},"loc":{"start":{"line":633,"column":37},"end":{"line":642,"column":3}},"line":633},"22":{"name":"(anonymous_22)","decl":{"start":{"line":645,"column":2},"end":{"line":645,"column":3}},"loc":{"start":{"line":645,"column":27},"end":{"line":652,"column":3}},"line":645},"23":{"name":"(anonymous_23)","decl":{"start":{"line":655,"column":2},"end":{"line":655,"column":3}},"loc":{"start":{"line":655,"column":49},"end":{"line":683,"column":3}},"line":655},"24":{"name":"(anonymous_24)","decl":{"start":{"line":686,"column":2},"end":{"line":686,"column":3}},"loc":{"start":{"line":686,"column":50},"end":{"line":714,"column":3}},"line":686},"25":{"name":"(anonymous_25)","decl":{"start":{"line":717,"column":2},"end":{"line":717,"column":3}},"loc":{"start":{"line":717,"column":36},"end":{"line":740,"column":3}},"line":717}},"branchMap":{"0":{"loc":{"start":{"line":13,"column":72},"end":{"line":13,"column":87}},"type":"default-arg","locations":[{"start":{"line":13,"column":78},"end":{"line":13,"column":87}}],"line":13},"1":{"loc":{"start":{"line":15,"column":4},"end":{"line":17,"column":5}},"type":"if","locations":[{"start":{"line":15,"column":4},"end":{"line":17,"column":5}},{"start":{},"end":{}}],"line":15},"2":{"loc":{"start":{"line":19,"column":4},"end":{"line":21,"column":5}},"type":"if","locations":[{"start":{"line":19,"column":4},"end":{"line":21,"column":5}},{"start":{},"end":{}}],"line":19},"3":{"loc":{"start":{"line":25,"column":4},"end":{"line":30,"column":5}},"type":"if","locations":[{"start":{"line":25,"column":4},"end":{"line":30,"column":5}},{"start":{},"end":{}}],"line":25},"4":{"loc":{"start":{"line":38,"column":4},"end":{"line":40,"column":5}},"type":"if","locations":[{"start":{"line":38,"column":4},"end":{"line":40,"column":5}},{"start":{},"end":{}}],"line":38},"5":{"loc":{"start":{"line":58,"column":61},"end":{"line":58,"column":71}},"type":"binary-expr","locations":[{"start":{"line":58,"column":61},"end":{"line":58,"column":63}},{"start":{"line":58,"column":67},"end":{"line":58,"column":71}}],"line":58},"6":{"loc":{"start":{"line":58,"column":73},"end":{"line":58,"column":90}},"type":"binary-expr","locations":[{"start":{"line":58,"column":73},"end":{"line":58,"column":82}},{"start":{"line":58,"column":86},"end":{"line":58,"column":90}}],"line":58},"7":{"loc":{"start":{"line":64,"column":24},"end":{"line":64,"column":34}},"type":"binary-expr","locations":[{"start":{"line":64,"column":24},"end":{"line":64,"column":26}},{"start":{"line":64,"column":30},"end":{"line":64,"column":34}}],"line":64},"8":{"loc":{"start":{"line":64,"column":36},"end":{"line":64,"column":53}},"type":"binary-expr","locations":[{"start":{"line":64,"column":36},"end":{"line":64,"column":45}},{"start":{"line":64,"column":49},"end":{"line":64,"column":53}}],"line":64},"9":{"loc":{"start":{"line":79,"column":72},"end":{"line":79,"column":87}},"type":"default-arg","locations":[{"start":{"line":79,"column":78},"end":{"line":79,"column":87}}],"line":79},"10":{"loc":{"start":{"line":81,"column":4},"end":{"line":83,"column":5}},"type":"if","locations":[{"start":{"line":81,"column":4},"end":{"line":83,"column":5}},{"start":{},"end":{}}],"line":81},"11":{"loc":{"start":{"line":81,"column":8},"end":{"line":81,"column":51}},"type":"binary-expr","locations":[{"start":{"line":81,"column":8},"end":{"line":81,"column":14}},{"start":{"line":81,"column":18},"end":{"line":81,"column":27}},{"start":{"line":81,"column":31},"end":{"line":81,"column":38}},{"start":{"line":81,"column":42},"end":{"line":81,"column":51}}],"line":81},"12":{"loc":{"start":{"line":86,"column":4},"end":{"line":88,"column":5}},"type":"if","locations":[{"start":{"line":86,"column":4},"end":{"line":88,"column":5}},{"start":{},"end":{}}],"line":86},"13":{"loc":{"start":{"line":91,"column":4},"end":{"line":96,"column":5}},"type":"if","locations":[{"start":{"line":91,"column":4},"end":{"line":96,"column":5}},{"start":{},"end":{}}],"line":91},"14":{"loc":{"start":{"line":103,"column":4},"end":{"line":105,"column":5}},"type":"if","locations":[{"start":{"line":103,"column":4},"end":{"line":105,"column":5}},{"start":{},"end":{}}],"line":103},"15":{"loc":{"start":{"line":113,"column":61},"end":{"line":113,"column":71}},"type":"binary-expr","locations":[{"start":{"line":113,"column":61},"end":{"line":113,"column":63}},{"start":{"line":113,"column":67},"end":{"line":113,"column":71}}],"line":113},"16":{"loc":{"start":{"line":113,"column":73},"end":{"line":113,"column":90}},"type":"binary-expr","locations":[{"start":{"line":113,"column":73},"end":{"line":113,"column":82}},{"start":{"line":113,"column":86},"end":{"line":113,"column":90}}],"line":113},"17":{"loc":{"start":{"line":116,"column":4},"end":{"line":121,"column":5}},"type":"if","locations":[{"start":{"line":116,"column":4},"end":{"line":121,"column":5}},{"start":{},"end":{}}],"line":116},"18":{"loc":{"start":{"line":119,"column":26},"end":{"line":119,"column":36}},"type":"binary-expr","locations":[{"start":{"line":119,"column":26},"end":{"line":119,"column":28}},{"start":{"line":119,"column":32},"end":{"line":119,"column":36}}],"line":119},"19":{"loc":{"start":{"line":119,"column":38},"end":{"line":119,"column":55}},"type":"binary-expr","locations":[{"start":{"line":119,"column":38},"end":{"line":119,"column":47}},{"start":{"line":119,"column":51},"end":{"line":119,"column":55}}],"line":119},"20":{"loc":{"start":{"line":123,"column":4},"end":{"line":128,"column":5}},"type":"if","locations":[{"start":{"line":123,"column":4},"end":{"line":128,"column":5}},{"start":{},"end":{}}],"line":123},"21":{"loc":{"start":{"line":123,"column":8},"end":{"line":123,"column":48}},"type":"binary-expr","locations":[{"start":{"line":123,"column":8},"end":{"line":123,"column":26}},{"start":{"line":123,"column":30},"end":{"line":123,"column":48}}],"line":123},"22":{"loc":{"start":{"line":126,"column":26},"end":{"line":126,"column":36}},"type":"binary-expr","locations":[{"start":{"line":126,"column":26},"end":{"line":126,"column":28}},{"start":{"line":126,"column":32},"end":{"line":126,"column":36}}],"line":126},"23":{"loc":{"start":{"line":126,"column":38},"end":{"line":126,"column":55}},"type":"binary-expr","locations":[{"start":{"line":126,"column":38},"end":{"line":126,"column":47}},{"start":{"line":126,"column":51},"end":{"line":126,"column":55}}],"line":126},"24":{"loc":{"start":{"line":126,"column":57},"end":{"line":126,"column":98}},"type":"binary-expr","locations":[{"start":{"line":126,"column":57},"end":{"line":126,"column":80}},{"start":{"line":126,"column":84},"end":{"line":126,"column":98}}],"line":126},"25":{"loc":{"start":{"line":126,"column":100},"end":{"line":126,"column":128}},"type":"binary-expr","locations":[{"start":{"line":126,"column":100},"end":{"line":126,"column":114}},{"start":{"line":126,"column":118},"end":{"line":126,"column":128}}],"line":126},"26":{"loc":{"start":{"line":130,"column":4},"end":{"line":135,"column":5}},"type":"if","locations":[{"start":{"line":130,"column":4},"end":{"line":135,"column":5}},{"start":{},"end":{}}],"line":130},"27":{"loc":{"start":{"line":133,"column":26},"end":{"line":133,"column":36}},"type":"binary-expr","locations":[{"start":{"line":133,"column":26},"end":{"line":133,"column":28}},{"start":{"line":133,"column":32},"end":{"line":133,"column":36}}],"line":133},"28":{"loc":{"start":{"line":133,"column":38},"end":{"line":133,"column":55}},"type":"binary-expr","locations":[{"start":{"line":133,"column":38},"end":{"line":133,"column":47}},{"start":{"line":133,"column":51},"end":{"line":133,"column":55}}],"line":133},"29":{"loc":{"start":{"line":133,"column":57},"end":{"line":133,"column":91}},"type":"binary-expr","locations":[{"start":{"line":133,"column":57},"end":{"line":133,"column":78}},{"start":{"line":133,"column":82},"end":{"line":133,"column":91}}],"line":133},"30":{"loc":{"start":{"line":133,"column":93},"end":{"line":133,"column":121}},"type":"binary-expr","locations":[{"start":{"line":133,"column":93},"end":{"line":133,"column":107}},{"start":{"line":133,"column":111},"end":{"line":133,"column":121}}],"line":133},"31":{"loc":{"start":{"line":147,"column":4},"end":{"line":149,"column":5}},"type":"if","locations":[{"start":{"line":147,"column":4},"end":{"line":149,"column":5}},{"start":{},"end":{}}],"line":147},"32":{"loc":{"start":{"line":147,"column":8},"end":{"line":147,"column":27}},"type":"binary-expr","locations":[{"start":{"line":147,"column":8},"end":{"line":147,"column":14}},{"start":{"line":147,"column":18},"end":{"line":147,"column":27}}],"line":147},"33":{"loc":{"start":{"line":157,"column":4},"end":{"line":160,"column":5}},"type":"if","locations":[{"start":{"line":157,"column":4},"end":{"line":160,"column":5}},{"start":{},"end":{}}],"line":157},"34":{"loc":{"start":{"line":165,"column":4},"end":{"line":167,"column":5}},"type":"if","locations":[{"start":{"line":165,"column":4},"end":{"line":167,"column":5}},{"start":{},"end":{}}],"line":165},"35":{"loc":{"start":{"line":170,"column":4},"end":{"line":172,"column":5}},"type":"if","locations":[{"start":{"line":170,"column":4},"end":{"line":172,"column":5}},{"start":{},"end":{}}],"line":170},"36":{"loc":{"start":{"line":175,"column":4},"end":{"line":187,"column":5}},"type":"if","locations":[{"start":{"line":175,"column":4},"end":{"line":187,"column":5}},{"start":{},"end":{}}],"line":175},"37":{"loc":{"start":{"line":177,"column":6},"end":{"line":186,"column":7}},"type":"if","locations":[{"start":{"line":177,"column":6},"end":{"line":186,"column":7}},{"start":{"line":180,"column":13},"end":{"line":186,"column":7}}],"line":177},"38":{"loc":{"start":{"line":192,"column":4},"end":{"line":208,"column":5}},"type":"if","locations":[{"start":{"line":192,"column":4},"end":{"line":208,"column":5}},{"start":{},"end":{}}],"line":192},"39":{"loc":{"start":{"line":194,"column":27},"end":{"line":194,"column":51}},"type":"binary-expr","locations":[{"start":{"line":194,"column":27},"end":{"line":194,"column":46}},{"start":{"line":194,"column":50},"end":{"line":194,"column":51}}],"line":194},"40":{"loc":{"start":{"line":199,"column":6},"end":{"line":203,"column":7}},"type":"if","locations":[{"start":{"line":199,"column":6},"end":{"line":203,"column":7}},{"start":{},"end":{}}],"line":199},"41":{"loc":{"start":{"line":211,"column":4},"end":{"line":217,"column":5}},"type":"if","locations":[{"start":{"line":211,"column":4},"end":{"line":217,"column":5}},{"start":{},"end":{}}],"line":211},"42":{"loc":{"start":{"line":211,"column":8},"end":{"line":211,"column":49}},"type":"binary-expr","locations":[{"start":{"line":211,"column":8},"end":{"line":211,"column":25}},{"start":{"line":211,"column":29},"end":{"line":211,"column":49}}],"line":211},"43":{"loc":{"start":{"line":230,"column":4},"end":{"line":232,"column":5}},"type":"if","locations":[{"start":{"line":230,"column":4},"end":{"line":232,"column":5}},{"start":{},"end":{}}],"line":230},"44":{"loc":{"start":{"line":236,"column":4},"end":{"line":238,"column":5}},"type":"if","locations":[{"start":{"line":236,"column":4},"end":{"line":238,"column":5}},{"start":{},"end":{}}],"line":236},"45":{"loc":{"start":{"line":246,"column":4},"end":{"line":248,"column":5}},"type":"if","locations":[{"start":{"line":246,"column":4},"end":{"line":248,"column":5}},{"start":{},"end":{}}],"line":246},"46":{"loc":{"start":{"line":259,"column":19},"end":{"line":259,"column":54}},"type":"binary-expr","locations":[{"start":{"line":259,"column":19},"end":{"line":259,"column":45}},{"start":{"line":259,"column":49},"end":{"line":259,"column":54}}],"line":259},"47":{"loc":{"start":{"line":266,"column":19},"end":{"line":266,"column":61}},"type":"binary-expr","locations":[{"start":{"line":266,"column":19},"end":{"line":266,"column":53}},{"start":{"line":266,"column":57},"end":{"line":266,"column":61}}],"line":266},"48":{"loc":{"start":{"line":303,"column":6},"end":{"line":305,"column":7}},"type":"if","locations":[{"start":{"line":303,"column":6},"end":{"line":305,"column":7}},{"start":{},"end":{}}],"line":303},"49":{"loc":{"start":{"line":313,"column":21},"end":{"line":313,"column":56}},"type":"binary-expr","locations":[{"start":{"line":313,"column":21},"end":{"line":313,"column":47}},{"start":{"line":313,"column":51},"end":{"line":313,"column":56}}],"line":313},"50":{"loc":{"start":{"line":335,"column":4},"end":{"line":337,"column":5}},"type":"if","locations":[{"start":{"line":335,"column":4},"end":{"line":337,"column":5}},{"start":{},"end":{}}],"line":335},"51":{"loc":{"start":{"line":343,"column":6},"end":{"line":345,"column":7}},"type":"if","locations":[{"start":{"line":343,"column":6},"end":{"line":345,"column":7}},{"start":{},"end":{}}],"line":343},"52":{"loc":{"start":{"line":343,"column":10},"end":{"line":343,"column":76}},"type":"binary-expr","locations":[{"start":{"line":343,"column":10},"end":{"line":343,"column":44}},{"start":{"line":343,"column":48},"end":{"line":343,"column":76}}],"line":343},"53":{"loc":{"start":{"line":368,"column":4},"end":{"line":370,"column":5}},"type":"if","locations":[{"start":{"line":368,"column":4},"end":{"line":370,"column":5}},{"start":{},"end":{}}],"line":368},"54":{"loc":{"start":{"line":375,"column":4},"end":{"line":377,"column":5}},"type":"if","locations":[{"start":{"line":375,"column":4},"end":{"line":377,"column":5}},{"start":{},"end":{}}],"line":375},"55":{"loc":{"start":{"line":404,"column":4},"end":{"line":406,"column":5}},"type":"if","locations":[{"start":{"line":404,"column":4},"end":{"line":406,"column":5}},{"start":{},"end":{}}],"line":404},"56":{"loc":{"start":{"line":412,"column":53},"end":{"line":412,"column":94}},"type":"binary-expr","locations":[{"start":{"line":412,"column":53},"end":{"line":412,"column":82}},{"start":{"line":412,"column":86},"end":{"line":412,"column":94}}],"line":412},"57":{"loc":{"start":{"line":433,"column":4},"end":{"line":435,"column":5}},"type":"if","locations":[{"start":{"line":433,"column":4},"end":{"line":435,"column":5}},{"start":{},"end":{}}],"line":433},"58":{"loc":{"start":{"line":439,"column":4},"end":{"line":441,"column":5}},"type":"if","locations":[{"start":{"line":439,"column":4},"end":{"line":441,"column":5}},{"start":{},"end":{}}],"line":439},"59":{"loc":{"start":{"line":449,"column":4},"end":{"line":451,"column":5}},"type":"if","locations":[{"start":{"line":449,"column":4},"end":{"line":451,"column":5}},{"start":{},"end":{}}],"line":449},"60":{"loc":{"start":{"line":466,"column":4},"end":{"line":468,"column":5}},"type":"if","locations":[{"start":{"line":466,"column":4},"end":{"line":468,"column":5}},{"start":{},"end":{}}],"line":466},"61":{"loc":{"start":{"line":475,"column":4},"end":{"line":477,"column":5}},"type":"if","locations":[{"start":{"line":475,"column":4},"end":{"line":477,"column":5}},{"start":{},"end":{}}],"line":475},"62":{"loc":{"start":{"line":496,"column":4},"end":{"line":498,"column":5}},"type":"if","locations":[{"start":{"line":496,"column":4},"end":{"line":498,"column":5}},{"start":{},"end":{}}],"line":496},"63":{"loc":{"start":{"line":505,"column":4},"end":{"line":507,"column":5}},"type":"if","locations":[{"start":{"line":505,"column":4},"end":{"line":507,"column":5}},{"start":{},"end":{}}],"line":505},"64":{"loc":{"start":{"line":511,"column":4},"end":{"line":516,"column":5}},"type":"if","locations":[{"start":{"line":511,"column":4},"end":{"line":516,"column":5}},{"start":{},"end":{}}],"line":511},"65":{"loc":{"start":{"line":558,"column":4},"end":{"line":560,"column":5}},"type":"if","locations":[{"start":{"line":558,"column":4},"end":{"line":560,"column":5}},{"start":{},"end":{}}],"line":558},"66":{"loc":{"start":{"line":558,"column":8},"end":{"line":558,"column":78}},"type":"binary-expr","locations":[{"start":{"line":558,"column":8},"end":{"line":558,"column":21}},{"start":{"line":558,"column":25},"end":{"line":558,"column":52}},{"start":{"line":558,"column":56},"end":{"line":558,"column":78}}],"line":558},"67":{"loc":{"start":{"line":575,"column":6},"end":{"line":583,"column":7}},"type":"if","locations":[{"start":{"line":575,"column":6},"end":{"line":583,"column":7}},{"start":{},"end":{}}],"line":575},"68":{"loc":{"start":{"line":580,"column":8},"end":{"line":582,"column":9}},"type":"if","locations":[{"start":{"line":580,"column":8},"end":{"line":582,"column":9}},{"start":{},"end":{}}],"line":580},"69":{"loc":{"start":{"line":585,"column":17},"end":{"line":585,"column":34}},"type":"binary-expr","locations":[{"start":{"line":585,"column":17},"end":{"line":585,"column":26}},{"start":{"line":585,"column":30},"end":{"line":585,"column":34}}],"line":585},"70":{"loc":{"start":{"line":586,"column":20},"end":{"line":586,"column":37}},"type":"binary-expr","locations":[{"start":{"line":586,"column":20},"end":{"line":586,"column":29}},{"start":{"line":586,"column":33},"end":{"line":586,"column":37}}],"line":586},"71":{"loc":{"start":{"line":587,"column":22},"end":{"line":587,"column":72}},"type":"cond-expr","locations":[{"start":{"line":587,"column":41},"end":{"line":587,"column":45}},{"start":{"line":587,"column":48},"end":{"line":587,"column":72}}],"line":587},"72":{"loc":{"start":{"line":592,"column":9},"end":{"line":592,"column":23}},"type":"binary-expr","locations":[{"start":{"line":592,"column":9},"end":{"line":592,"column":15}},{"start":{"line":592,"column":19},"end":{"line":592,"column":23}}],"line":592},"73":{"loc":{"start":{"line":592,"column":25},"end":{"line":592,"column":38}},"type":"binary-expr","locations":[{"start":{"line":592,"column":25},"end":{"line":592,"column":30}},{"start":{"line":592,"column":34},"end":{"line":592,"column":38}}],"line":592},"74":{"loc":{"start":{"line":616,"column":4},"end":{"line":618,"column":5}},"type":"if","locations":[{"start":{"line":616,"column":4},"end":{"line":618,"column":5}},{"start":{},"end":{}}],"line":616},"75":{"loc":{"start":{"line":662,"column":4},"end":{"line":664,"column":5}},"type":"if","locations":[{"start":{"line":662,"column":4},"end":{"line":664,"column":5}},{"start":{},"end":{}}],"line":662},"76":{"loc":{"start":{"line":693,"column":4},"end":{"line":695,"column":5}},"type":"if","locations":[{"start":{"line":693,"column":4},"end":{"line":695,"column":5}},{"start":{},"end":{}}],"line":693},"77":{"loc":{"start":{"line":724,"column":4},"end":{"line":726,"column":5}},"type":"if","locations":[{"start":{"line":724,"column":4},"end":{"line":726,"column":5}},{"start":{},"end":{}}],"line":724}},"s":{"0":1,"1":1,"2":1,"3":1,"4":1,"5":1,"6":1,"7":1,"8":2,"9":2,"10":0,"11":2,"12":0,"13":2,"14":2,"15":0,"16":0,"17":0,"18":0,"19":2,"20":2,"21":1,"22":1,"23":1,"24":1,"25":1,"26":1,"27":1,"28":1,"29":0,"30":0,"31":0,"32":0,"33":0,"34":0,"35":0,"36":0,"37":0,"38":0,"39":0,"40":0,"41":0,"42":0,"43":0,"44":0,"45":0,"46":0,"47":0,"48":0,"49":0,"50":0,"51":0,"52":0,"53":0,"54":4,"55":0,"56":4,"57":4,"58":0,"59":0,"60":4,"61":4,"62":0,"63":4,"64":0,"65":4,"66":1,"67":1,"68":1,"69":1,"70":0,"71":3,"72":3,"73":1,"74":1,"75":1,"76":1,"77":0,"78":0,"79":0,"80":1,"81":1,"82":1,"83":2,"84":1,"85":1,"86":2,"87":2,"88":0,"89":2,"90":2,"91":0,"92":2,"93":2,"94":1,"95":1,"96":2,"97":2,"98":2,"99":2,"100":2,"101":0,"102":0,"103":0,"104":0,"105":0,"106":0,"107":0,"108":0,"109":0,"110":0,"111":0,"112":0,"113":0,"114":0,"115":0,"116":0,"117":0,"118":0,"119":0,"120":0,"121":0,"122":0,"123":0,"124":0,"125":0,"126":0,"127":0,"128":0,"129":0,"130":0,"131":0,"132":0,"133":0,"134":0,"135":0,"136":0,"137":0,"138":0,"139":0,"140":0,"141":0,"142":0,"143":0,"144":0,"145":0,"146":0,"147":0,"148":0,"149":0,"150":0,"151":0,"152":0,"153":0,"154":0,"155":0,"156":0,"157":0,"158":0,"159":0,"160":0,"161":0,"162":0,"163":0,"164":0,"165":2,"166":2,"167":0,"168":2,"169":2,"170":2,"171":1,"172":1,"173":1,"174":0,"175":0,"176":0,"177":0,"178":1,"179":1,"180":1,"181":1,"182":1,"183":1,"184":0,"185":0,"186":0,"187":0,"188":0,"189":0,"190":0,"191":0,"192":0,"193":0,"194":0,"195":5,"196":5,"197":5,"198":5,"199":4,"200":1,"201":4,"202":4,"203":4,"204":4,"205":1,"206":0,"207":0,"208":0,"209":0,"210":0,"211":0,"212":0,"213":0,"214":0,"215":0,"216":0,"217":0,"218":0,"219":0,"220":0,"221":0,"222":0,"223":0,"224":0,"225":0,"226":0,"227":0,"228":0,"229":0,"230":0,"231":0,"232":0,"233":0,"234":0,"235":0,"236":0,"237":0,"238":0,"239":0,"240":0,"241":1,"242":1,"243":1},"f":{"0":2,"1":0,"2":4,"3":2,"4":2,"5":0,"6":0,"7":0,"8":0,"9":0,"10":0,"11":0,"12":2,"13":1,"14":0,"15":0,"16":5,"17":0,"18":0,"19":0,"20":0,"21":0,"22":0,"23":0,"24":0,"25":0},"b":{"0":[2],"1":[0,2],"2":[0,2],"3":[0,2],"4":[1,1],"5":[1,1],"6":[1,1],"7":[1,1],"8":[1,1],"9":[0],"10":[0,0],"11":[0,0,0,0],"12":[0,0],"13":[0,0],"14":[0,0],"15":[0,0],"16":[0,0],"17":[0,0],"18":[0,0],"19":[0,0],"20":[0,0],"21":[0,0],"22":[0,0],"23":[0,0],"24":[0,0],"25":[0,0],"26":[0,0],"27":[0,0],"28":[0,0],"29":[0,0],"30":[0,0],"31":[0,4],"32":[4,4],"33":[0,4],"34":[0,4],"35":[0,4],"36":[1,3],"37":[1,0],"38":[1,2],"39":[1,1],"40":[0,1],"41":[1,1],"42":[2,1],"43":[0,2],"44":[0,2],"45":[1,1],"46":[2,2],"47":[2,2],"48":[0,0],"49":[0,0],"50":[0,0],"51":[0,0],"52":[0,0],"53":[0,0],"54":[0,0],"55":[0,0],"56":[0,0],"57":[0,0],"58":[0,0],"59":[0,0],"60":[0,0],"61":[0,0],"62":[0,2],"63":[1,1],"64":[0,1],"65":[0,0],"66":[0,0,0],"67":[5,0],"68":[1,3],"69":[4,1],"70":[4,1],"71":[0,4],"72":[4,0],"73":[4,1],"74":[0,0],"75":[0,0],"76":[0,0],"77":[0,0]},"_coverageSchema":"1a1c01bbd47fc00a2c39e90264f33305004495a9","hash":"1e27756e68d0437961bc3fe8002d37b6e7faa0d6"}
,"C:\\xampp\\htdocs\\Pet_Spa_Sist\\backend\\src\\services\\fichaGroomingService.js": {"path":"C:\\xampp\\htdocs\\Pet_Spa_Sist\\backend\\src\\services\\fichaGroomingService.js","statementMap":{"0":{"start":{"line":1,"column":13},"end":{"line":1,"column":42}},"1":{"start":{"line":2,"column":20},"end":{"line":2,"column":44}},"2":{"start":{"line":6,"column":16},"end":{"line":35,"column":5}},"3":{"start":{"line":37,"column":19},"end":{"line":37,"column":21}},"4":{"start":{"line":39,"column":4},"end":{"line":42,"column":5}},"5":{"start":{"line":40,"column":6},"end":{"line":40,"column":46}},"6":{"start":{"line":41,"column":6},"end":{"line":41,"column":33}},"7":{"start":{"line":44,"column":4},"end":{"line":47,"column":5}},"8":{"start":{"line":45,"column":6},"end":{"line":45,"column":44}},"9":{"start":{"line":46,"column":6},"end":{"line":46,"column":34}},"10":{"start":{"line":49,"column":4},"end":{"line":49,"column":44}},"11":{"start":{"line":51,"column":21},"end":{"line":51,"column":54}},"12":{"start":{"line":52,"column":4},"end":{"line":52,"column":18}},"13":{"start":{"line":56,"column":21},"end":{"line":86,"column":5}},"14":{"start":{"line":88,"column":4},"end":{"line":90,"column":5}},"15":{"start":{"line":89,"column":6},"end":{"line":89,"column":45}},"16":{"start":{"line":92,"column":22},"end":{"line":98,"column":5}},"17":{"start":{"line":100,"column":18},"end":{"line":100,"column":27}},"18":{"start":{"line":101,"column":4},"end":{"line":101,"column":28}},"19":{"start":{"line":102,"column":4},"end":{"line":102,"column":111}},"20":{"start":{"line":102,"column":58},"end":{"line":102,"column":106}},"21":{"start":{"line":104,"column":4},"end":{"line":104,"column":17}},"22":{"start":{"line":116,"column":8},"end":{"line":116,"column":17}},"23":{"start":{"line":118,"column":4},"end":{"line":120,"column":5}},"24":{"start":{"line":119,"column":6},"end":{"line":119,"column":68}},"25":{"start":{"line":122,"column":23},"end":{"line":122,"column":98}},"26":{"start":{"line":123,"column":4},"end":{"line":125,"column":5}},"27":{"start":{"line":124,"column":6},"end":{"line":124,"column":47}},"28":{"start":{"line":127,"column":25},"end":{"line":130,"column":5}},"29":{"start":{"line":132,"column":4},"end":{"line":134,"column":5}},"30":{"start":{"line":133,"column":6},"end":{"line":133,"column":63}},"31":{"start":{"line":136,"column":21},"end":{"line":148,"column":5}},"32":{"start":{"line":150,"column":4},"end":{"line":153,"column":6}},"33":{"start":{"line":155,"column":4},"end":{"line":155,"column":98}},"34":{"start":{"line":156,"column":4},"end":{"line":156,"column":41}},"35":{"start":{"line":160,"column":38},"end":{"line":160,"column":48}},"36":{"start":{"line":162,"column":21},"end":{"line":165,"column":5}},"37":{"start":{"line":167,"column":4},"end":{"line":169,"column":5}},"38":{"start":{"line":168,"column":6},"end":{"line":168,"column":45}},"39":{"start":{"line":171,"column":24},"end":{"line":174,"column":5}},"40":{"start":{"line":176,"column":4},"end":{"line":178,"column":5}},"41":{"start":{"line":177,"column":6},"end":{"line":177,"column":48}},"42":{"start":{"line":180,"column":4},"end":{"line":182,"column":5}},"43":{"start":{"line":181,"column":6},"end":{"line":181,"column":44}},"44":{"start":{"line":184,"column":4},"end":{"line":187,"column":6}},"45":{"start":{"line":189,"column":4},"end":{"line":192,"column":6}},"46":{"start":{"line":194,"column":4},"end":{"line":194,"column":93}},"47":{"start":{"line":195,"column":4},"end":{"line":195,"column":56}},"48":{"start":{"line":199,"column":21},"end":{"line":202,"column":5}},"49":{"start":{"line":204,"column":4},"end":{"line":206,"column":5}},"50":{"start":{"line":205,"column":6},"end":{"line":205,"column":45}},"51":{"start":{"line":208,"column":26},"end":{"line":208,"column":35}},"52":{"start":{"line":210,"column":4},"end":{"line":213,"column":6}},"53":{"start":{"line":215,"column":4},"end":{"line":218,"column":6}},"54":{"start":{"line":220,"column":25},"end":{"line":220,"column":52}},"55":{"start":{"line":221,"column":4},"end":{"line":225,"column":7}},"56":{"start":{"line":227,"column":4},"end":{"line":227,"column":24}},"57":{"start":{"line":231,"column":20},"end":{"line":241,"column":5}},"58":{"start":{"line":243,"column":4},"end":{"line":243,"column":20}},"59":{"start":{"line":247,"column":37},"end":{"line":247,"column":63}},"60":{"start":{"line":248,"column":0},"end":{"line":248,"column":46}},"61":{"start":{"line":249,"column":0},"end":{"line":249,"column":54}}},"fnMap":{"0":{"name":"(anonymous_0)","decl":{"start":{"line":5,"column":2},"end":{"line":5,"column":3}},"loc":{"start":{"line":5,"column":29},"end":{"line":53,"column":3}},"line":5},"1":{"name":"(anonymous_1)","decl":{"start":{"line":55,"column":2},"end":{"line":55,"column":3}},"loc":{"start":{"line":55,"column":20},"end":{"line":105,"column":3}},"line":55},"2":{"name":"(anonymous_2)","decl":{"start":{"line":102,"column":41},"end":{"line":102,"column":42}},"loc":{"start":{"line":102,"column":58},"end":{"line":102,"column":106}},"line":102},"3":{"name":"(anonymous_3)","decl":{"start":{"line":107,"column":2},"end":{"line":107,"column":3}},"loc":{"start":{"line":107,"column":34},"end":{"line":157,"column":3}},"line":107},"4":{"name":"(anonymous_4)","decl":{"start":{"line":159,"column":2},"end":{"line":159,"column":3}},"loc":{"start":{"line":159,"column":47},"end":{"line":196,"column":3}},"line":159},"5":{"name":"(anonymous_5)","decl":{"start":{"line":198,"column":2},"end":{"line":198,"column":3}},"loc":{"start":{"line":198,"column":31},"end":{"line":228,"column":3}},"line":198},"6":{"name":"(anonymous_6)","decl":{"start":{"line":230,"column":2},"end":{"line":230,"column":3}},"loc":{"start":{"line":230,"column":47},"end":{"line":244,"column":3}},"line":230}},"branchMap":{"0":{"loc":{"start":{"line":5,"column":15},"end":{"line":5,"column":27}},"type":"default-arg","locations":[{"start":{"line":5,"column":25},"end":{"line":5,"column":27}}],"line":5},"1":{"loc":{"start":{"line":39,"column":4},"end":{"line":42,"column":5}},"type":"if","locations":[{"start":{"line":39,"column":4},"end":{"line":42,"column":5}},{"start":{},"end":{}}],"line":39},"2":{"loc":{"start":{"line":44,"column":4},"end":{"line":47,"column":5}},"type":"if","locations":[{"start":{"line":44,"column":4},"end":{"line":47,"column":5}},{"start":{},"end":{}}],"line":44},"3":{"loc":{"start":{"line":88,"column":4},"end":{"line":90,"column":5}},"type":"if","locations":[{"start":{"line":88,"column":4},"end":{"line":90,"column":5}},{"start":{},"end":{}}],"line":88},"4":{"loc":{"start":{"line":111,"column":6},"end":{"line":111,"column":19}},"type":"default-arg","locations":[{"start":{"line":111,"column":14},"end":{"line":111,"column":19}}],"line":111},"5":{"loc":{"start":{"line":112,"column":6},"end":{"line":112,"column":20}},"type":"default-arg","locations":[{"start":{"line":112,"column":15},"end":{"line":112,"column":20}}],"line":112},"6":{"loc":{"start":{"line":113,"column":6},"end":{"line":113,"column":21}},"type":"default-arg","locations":[{"start":{"line":113,"column":16},"end":{"line":113,"column":21}}],"line":113},"7":{"loc":{"start":{"line":118,"column":4},"end":{"line":120,"column":5}},"type":"if","locations":[{"start":{"line":118,"column":4},"end":{"line":120,"column":5}},{"start":{},"end":{}}],"line":118},"8":{"loc":{"start":{"line":123,"column":4},"end":{"line":125,"column":5}},"type":"if","locations":[{"start":{"line":123,"column":4},"end":{"line":125,"column":5}},{"start":{},"end":{}}],"line":123},"9":{"loc":{"start":{"line":132,"column":4},"end":{"line":134,"column":5}},"type":"if","locations":[{"start":{"line":132,"column":4},"end":{"line":134,"column":5}},{"start":{},"end":{}}],"line":132},"10":{"loc":{"start":{"line":141,"column":8},"end":{"line":141,"column":30}},"type":"binary-expr","locations":[{"start":{"line":141,"column":8},"end":{"line":141,"column":22}},{"start":{"line":141,"column":26},"end":{"line":141,"column":30}}],"line":141},"11":{"loc":{"start":{"line":142,"column":8},"end":{"line":142,"column":21}},"type":"cond-expr","locations":[{"start":{"line":142,"column":16},"end":{"line":142,"column":17}},{"start":{"line":142,"column":20},"end":{"line":142,"column":21}}],"line":142},"12":{"loc":{"start":{"line":143,"column":8},"end":{"line":143,"column":22}},"type":"cond-expr","locations":[{"start":{"line":143,"column":17},"end":{"line":143,"column":18}},{"start":{"line":143,"column":21},"end":{"line":143,"column":22}}],"line":143},"13":{"loc":{"start":{"line":144,"column":8},"end":{"line":144,"column":23}},"type":"cond-expr","locations":[{"start":{"line":144,"column":18},"end":{"line":144,"column":19}},{"start":{"line":144,"column":22},"end":{"line":144,"column":23}}],"line":144},"14":{"loc":{"start":{"line":145,"column":8},"end":{"line":145,"column":31}},"type":"binary-expr","locations":[{"start":{"line":145,"column":8},"end":{"line":145,"column":23}},{"start":{"line":145,"column":27},"end":{"line":145,"column":31}}],"line":145},"15":{"loc":{"start":{"line":146,"column":8},"end":{"line":146,"column":29}},"type":"binary-expr","locations":[{"start":{"line":146,"column":8},"end":{"line":146,"column":21}},{"start":{"line":146,"column":25},"end":{"line":146,"column":29}}],"line":146},"16":{"loc":{"start":{"line":167,"column":4},"end":{"line":169,"column":5}},"type":"if","locations":[{"start":{"line":167,"column":4},"end":{"line":169,"column":5}},{"start":{},"end":{}}],"line":167},"17":{"loc":{"start":{"line":176,"column":4},"end":{"line":178,"column":5}},"type":"if","locations":[{"start":{"line":176,"column":4},"end":{"line":178,"column":5}},{"start":{},"end":{}}],"line":176},"18":{"loc":{"start":{"line":180,"column":4},"end":{"line":182,"column":5}},"type":"if","locations":[{"start":{"line":180,"column":4},"end":{"line":182,"column":5}},{"start":{},"end":{}}],"line":180},"19":{"loc":{"start":{"line":204,"column":4},"end":{"line":206,"column":5}},"type":"if","locations":[{"start":{"line":204,"column":4},"end":{"line":206,"column":5}},{"start":{},"end":{}}],"line":204}},"s":{"0":1,"1":1,"2":0,"3":0,"4":0,"5":0,"6":0,"7":0,"8":0,"9":0,"10":0,"11":0,"12":0,"13":2,"14":1,"15":0,"16":1,"17":1,"18":1,"19":0,"20":0,"21":0,"22":0,"23":0,"24":0,"25":0,"26":0,"27":0,"28":0,"29":0,"30":0,"31":0,"32":0,"33":0,"34":0,"35":2,"36":2,"37":2,"38":0,"39":2,"40":2,"41":0,"42":2,"43":1,"44":1,"45":1,"46":1,"47":1,"48":2,"49":2,"50":0,"51":2,"52":2,"53":2,"54":2,"55":0,"56":0,"57":0,"58":0,"59":1,"60":1,"61":1},"f":{"0":0,"1":2,"2":0,"3":0,"4":2,"5":2,"6":0},"b":{"0":[0],"1":[0,0],"2":[0,0],"3":[0,1],"4":[0],"5":[0],"6":[0],"7":[0,0],"8":[0,0],"9":[0,0],"10":[0,0],"11":[0,0],"12":[0,0],"13":[0,0],"14":[0,0],"15":[0,0],"16":[0,2],"17":[0,2],"18":[1,1],"19":[0,2]},"_coverageSchema":"1a1c01bbd47fc00a2c39e90264f33305004495a9","hash":"a7e3b999dd2c0624ca0f397ef4672d79dda97831"}
}
