{"C:\\xampp\\htdocs\\Pet_Spa_Sist\\backend\\middleware\\auth.js": {"path":"C:\\xampp\\htdocs\\Pet_Spa_Sist\\backend\\middleware\\auth.js","statementMap":{"0":{"start":{"line":2,"column":0},"end":{"line":2,"column":51}}},"fnMap":{},"branchMap":{},"s":{"0":2},"f":{},"b":{},"_coverageSchema":"1a1c01bbd47fc00a2c39e90264f33305004495a9","hash":"494c1781351c0c22352da6896da4c083da6cbd09"}
,"C:\\xampp\\htdocs\\Pet_Spa_Sist\\backend\\middleware\\checklistValidator.js": {"path":"C:\\xampp\\htdocs\\Pet_Spa_Sist\\backend\\middleware\\checklistValidator.js","statementMap":{"0":{"start":{"line":2,"column":0},"end":{"line":2,"column":65}}},"fnMap":{},"branchMap":{},"s":{"0":1},"f":{},"b":{},"_coverageSchema":"1a1c01bbd47fc00a2c39e90264f33305004495a9","hash":"f520e4780b244c63b173141105832deb8b2224df"}
,"C:\\xampp\\htdocs\\Pet_Spa_Sist\\backend\\src\\config\\database.js": {"path":"C:\\xampp\\htdocs\\Pet_Spa_Sist\\backend\\src\\config\\database.js","statementMap":{"0":{"start":{"line":1,"column":14},"end":{"line":1,"column":39}},"1":{"start":{"line":2,"column":0},"end":{"line":2,"column":27}},"2":{"start":{"line":4,"column":13},"end":{"line":15,"column":2}},"3":{"start":{"line":17,"column":0},"end":{"line":17,"column":22}}},"fnMap":{},"branchMap":{"0":{"loc":{"start":{"line":5,"column":8},"end":{"line":5,"column":42}},"type":"binary-expr","locations":[{"start":{"line":5,"column":8},"end":{"line":5,"column":27}},{"start":{"line":5,"column":31},"end":{"line":5,"column":42}}],"line":5},"1":{"loc":{"start":{"line":6,"column":8},"end":{"line":6,"column":37}},"type":"binary-expr","locations":[{"start":{"line":6,"column":8},"end":{"line":6,"column":27}},{"start":{"line":6,"column":31},"end":{"line":6,"column":37}}],"line":6},"2":{"loc":{"start":{"line":7,"column":12},"end":{"line":7,"column":41}},"type":"binary-expr","locations":[{"start":{"line":7,"column":12},"end":{"line":7,"column":35}},{"start":{"line":7,"column":39},"end":{"line":7,"column":41}}],"line":7},"3":{"loc":{"start":{"line":8,"column":12},"end":{"line":8,"column":46}},"type":"binary-expr","locations":[{"start":{"line":8,"column":12},"end":{"line":8,"column":31}},{"start":{"line":8,"column":35},"end":{"line":8,"column":46}}],"line":8},"4":{"loc":{"start":{"line":9,"column":11},"end":{"line":9,"column":57}},"type":"binary-expr","locations":[{"start":{"line":9,"column":11},"end":{"line":9,"column":33}},{"start":{"line":9,"column":37},"end":{"line":9,"column":57}}],"line":9}},"s":{"0":3,"1":3,"2":3,"3":3},"f":{},"b":{"0":[3,0],"1":[3,0],"2":[3,3],"3":[3,0],"4":[3,3]},"_coverageSchema":"1a1c01bbd47fc00a2c39e90264f33305004495a9","hash":"826c41b9fd24c97b750caa4b283fcee028005693"}
,"C:\\xampp\\htdocs\\Pet_Spa_Sist\\backend\\src\\middleware\\auth.js": {"path":"C:\\xampp\\htdocs\\Pet_Spa_Sist\\backend\\src\\middleware\\auth.js","statementMap":{"0":{"start":{"line":1,"column":12},"end":{"line":1,"column":35}},"1":{"start":{"line":2,"column":13},"end":{"line":2,"column":42}},"2":{"start":{"line":3,"column":0},"end":{"line":3,"column":27}},"3":{"start":{"line":5,"column":22},"end":{"line":9,"column":1}},"4":{"start":{"line":6,"column":2},"end":{"line":6,"column":53}},"5":{"start":{"line":6,"column":41},"end":{"line":6,"column":53}},"6":{"start":{"line":7,"column":2},"end":{"line":7,"column":47}},"7":{"start":{"line":7,"column":32},"end":{"line":7,"column":47}},"8":{"start":{"line":8,"column":2},"end":{"line":8,"column":14}},"9":{"start":{"line":14,"column":26},"end":{"line":38,"column":1}},"10":{"start":{"line":15,"column":21},"end":{"line":15,"column":49}},"11":{"start":{"line":16,"column":16},"end":{"line":16,"column":54}},"12":{"start":{"line":18,"column":2},"end":{"line":20,"column":3}},"13":{"start":{"line":19,"column":4},"end":{"line":19,"column":72}},"14":{"start":{"line":22,"column":2},"end":{"line":37,"column":5}},"15":{"start":{"line":23,"column":4},"end":{"line":26,"column":5}},"16":{"start":{"line":24,"column":6},"end":{"line":24,"column":59}},"17":{"start":{"line":25,"column":6},"end":{"line":25,"column":74}},"18":{"start":{"line":29,"column":26},"end":{"line":29,"column":51}},"19":{"start":{"line":30,"column":4},"end":{"line":32,"column":5}},"20":{"start":{"line":31,"column":6},"end":{"line":31,"column":99}},"21":{"start":{"line":34,"column":4},"end":{"line":34,"column":20}},"22":{"start":{"line":35,"column":4},"end":{"line":35,"column":22}},"23":{"start":{"line":36,"column":4},"end":{"line":36,"column":11}},"24":{"start":{"line":45,"column":20},"end":{"line":66,"column":1}},"25":{"start":{"line":46,"column":2},"end":{"line":65,"column":4}},"26":{"start":{"line":47,"column":4},"end":{"line":49,"column":5}},"27":{"start":{"line":48,"column":6},"end":{"line":48,"column":63}},"28":{"start":{"line":51,"column":25},"end":{"line":51,"column":78}},"29":{"start":{"line":52,"column":21},"end":{"line":52,"column":48}},"30":{"start":{"line":53,"column":20},"end":{"line":53,"column":51}},"31":{"start":{"line":55,"column":4},"end":{"line":62,"column":5}},"32":{"start":{"line":56,"column":6},"end":{"line":56,"column":143}},"33":{"start":{"line":57,"column":6},"end":{"line":61,"column":9}},"34":{"start":{"line":64,"column":4},"end":{"line":64,"column":11}},"35":{"start":{"line":74,"column":33},"end":{"line":149,"column":1}},"36":{"start":{"line":75,"column":2},"end":{"line":148,"column":4}},"37":{"start":{"line":76,"column":4},"end":{"line":78,"column":5}},"38":{"start":{"line":77,"column":6},"end":{"line":77,"column":63}},"39":{"start":{"line":81,"column":4},"end":{"line":83,"column":5}},"40":{"start":{"line":82,"column":6},"end":{"line":82,"column":20}},"41":{"start":{"line":85,"column":23},"end":{"line":85,"column":44}},"42":{"start":{"line":86,"column":4},"end":{"line":88,"column":5}},"43":{"start":{"line":87,"column":6},"end":{"line":87,"column":72}},"44":{"start":{"line":90,"column":4},"end":{"line":147,"column":5}},"45":{"start":{"line":91,"column":20},"end":{"line":91,"column":25}},"46":{"start":{"line":93,"column":6},"end":{"line":134,"column":7}},"47":{"start":{"line":95,"column":23},"end":{"line":100,"column":9}},"48":{"start":{"line":101,"column":8},"end":{"line":101,"column":72}},"49":{"start":{"line":102,"column":13},"end":{"line":134,"column":7}},"50":{"start":{"line":104,"column":23},"end":{"line":107,"column":9}},"51":{"start":{"line":108,"column":8},"end":{"line":108,"column":72}},"52":{"start":{"line":109,"column":13},"end":{"line":134,"column":7}},"53":{"start":{"line":111,"column":23},"end":{"line":117,"column":9}},"54":{"start":{"line":118,"column":8},"end":{"line":118,"column":72}},"55":{"start":{"line":119,"column":13},"end":{"line":134,"column":7}},"56":{"start":{"line":121,"column":23},"end":{"line":128,"column":9}},"57":{"start":{"line":129,"column":8},"end":{"line":133,"column":9}},"58":{"start":{"line":130,"column":28},"end":{"line":130,"column":92}},"59":{"start":{"line":131,"column":31},"end":{"line":131,"column":65}},"60":{"start":{"line":132,"column":10},"end":{"line":132,"column":46}},"61":{"start":{"line":136,"column":6},"end":{"line":141,"column":7}},"62":{"start":{"line":137,"column":8},"end":{"line":137,"column":120}},"63":{"start":{"line":138,"column":8},"end":{"line":140,"column":11}},"64":{"start":{"line":143,"column":6},"end":{"line":143,"column":13}},"65":{"start":{"line":145,"column":6},"end":{"line":145,"column":69}},"66":{"start":{"line":146,"column":6},"end":{"line":146,"column":75}},"67":{"start":{"line":155,"column":23},"end":{"line":155,"column":32}},"68":{"start":{"line":160,"column":23},"end":{"line":164,"column":1}},"69":{"start":{"line":162,"column":2},"end":{"line":162,"column":28}},"70":{"start":{"line":163,"column":2},"end":{"line":163,"column":44}},"71":{"start":{"line":169,"column":27},"end":{"line":172,"column":1}},"72":{"start":{"line":171,"column":2},"end":{"line":171,"column":35}},"73":{"start":{"line":174,"column":21},"end":{"line":187,"column":1}},"74":{"start":{"line":175,"column":21},"end":{"line":175,"column":49}},"75":{"start":{"line":176,"column":16},"end":{"line":176,"column":54}},"76":{"start":{"line":178,"column":2},"end":{"line":184,"column":3}},"77":{"start":{"line":179,"column":4},"end":{"line":183,"column":7}},"78":{"start":{"line":180,"column":6},"end":{"line":182,"column":7}},"79":{"start":{"line":181,"column":8},"end":{"line":181,"column":24}},"80":{"start":{"line":186,"column":2},"end":{"line":186,"column":9}},"81":{"start":{"line":189,"column":0},"end":{"line":196,"column":2}}},"fnMap":{"0":{"name":"(anonymous_0)","decl":{"start":{"line":5,"column":22},"end":{"line":5,"column":23}},"loc":{"start":{"line":5,"column":32},"end":{"line":9,"column":1}},"line":5},"1":{"name":"(anonymous_1)","decl":{"start":{"line":14,"column":26},"end":{"line":14,"column":27}},"loc":{"start":{"line":14,"column":46},"end":{"line":38,"column":1}},"line":14},"2":{"name":"(anonymous_2)","decl":{"start":{"line":22,"column":44},"end":{"line":22,"column":45}},"loc":{"start":{"line":22,"column":59},"end":{"line":37,"column":3}},"line":22},"3":{"name":"(anonymous_3)","decl":{"start":{"line":45,"column":20},"end":{"line":45,"column":21}},"loc":{"start":{"line":45,"column":36},"end":{"line":66,"column":1}},"line":45},"4":{"name":"(anonymous_4)","decl":{"start":{"line":46,"column":9},"end":{"line":46,"column":10}},"loc":{"start":{"line":46,"column":29},"end":{"line":65,"column":3}},"line":46},"5":{"name":"(anonymous_5)","decl":{"start":{"line":74,"column":33},"end":{"line":74,"column":34}},"loc":{"start":{"line":74,"column":69},"end":{"line":149,"column":1}},"line":74},"6":{"name":"(anonymous_6)","decl":{"start":{"line":75,"column":9},"end":{"line":75,"column":10}},"loc":{"start":{"line":75,"column":35},"end":{"line":148,"column":3}},"line":75},"7":{"name":"(anonymous_7)","decl":{"start":{"line":160,"column":23},"end":{"line":160,"column":24}},"loc":{"start":{"line":160,"column":34},"end":{"line":164,"column":1}},"line":160},"8":{"name":"(anonymous_8)","decl":{"start":{"line":169,"column":27},"end":{"line":169,"column":28}},"loc":{"start":{"line":169,"column":38},"end":{"line":172,"column":1}},"line":169},"9":{"name":"(anonymous_9)","decl":{"start":{"line":174,"column":21},"end":{"line":174,"column":22}},"loc":{"start":{"line":174,"column":41},"end":{"line":187,"column":1}},"line":174},"10":{"name":"(anonymous_10)","decl":{"start":{"line":179,"column":46},"end":{"line":179,"column":47}},"loc":{"start":{"line":179,"column":61},"end":{"line":183,"column":5}},"line":179}},"branchMap":{"0":{"loc":{"start":{"line":6,"column":2},"end":{"line":6,"column":53}},"type":"if","locations":[{"start":{"line":6,"column":2},"end":{"line":6,"column":53}},{"start":{},"end":{}}],"line":6},"1":{"loc":{"start":{"line":6,"column":6},"end":{"line":6,"column":39}},"type":"binary-expr","locations":[{"start":{"line":6,"column":6},"end":{"line":6,"column":11}},{"start":{"line":6,"column":15},"end":{"line":6,"column":39}}],"line":6},"2":{"loc":{"start":{"line":7,"column":2},"end":{"line":7,"column":47}},"type":"if","locations":[{"start":{"line":7,"column":2},"end":{"line":7,"column":47}},{"start":{},"end":{}}],"line":7},"3":{"loc":{"start":{"line":16,"column":16},"end":{"line":16,"column":54}},"type":"binary-expr","locations":[{"start":{"line":16,"column":16},"end":{"line":16,"column":26}},{"start":{"line":16,"column":30},"end":{"line":16,"column":54}}],"line":16},"4":{"loc":{"start":{"line":18,"column":2},"end":{"line":20,"column":3}},"type":"if","locations":[{"start":{"line":18,"column":2},"end":{"line":20,"column":3}},{"start":{},"end":{}}],"line":18},"5":{"loc":{"start":{"line":23,"column":4},"end":{"line":26,"column":5}},"type":"if","locations":[{"start":{"line":23,"column":4},"end":{"line":26,"column":5}},{"start":{},"end":{}}],"line":23},"6":{"loc":{"start":{"line":30,"column":4},"end":{"line":32,"column":5}},"type":"if","locations":[{"start":{"line":30,"column":4},"end":{"line":32,"column":5}},{"start":{},"end":{}}],"line":30},"7":{"loc":{"start":{"line":47,"column":4},"end":{"line":49,"column":5}},"type":"if","locations":[{"start":{"line":47,"column":4},"end":{"line":49,"column":5}},{"start":{},"end":{}}],"line":47},"8":{"loc":{"start":{"line":51,"column":25},"end":{"line":51,"column":78}},"type":"cond-expr","locations":[{"start":{"line":51,"column":53},"end":{"line":51,"column":63}},{"start":{"line":51,"column":66},"end":{"line":51,"column":78}}],"line":51},"9":{"loc":{"start":{"line":55,"column":4},"end":{"line":62,"column":5}},"type":"if","locations":[{"start":{"line":55,"column":4},"end":{"line":62,"column":5}},{"start":{},"end":{}}],"line":55},"10":{"loc":{"start":{"line":74,"column":48},"end":{"line":74,"column":64}},"type":"default-arg","locations":[{"start":{"line":74,"column":60},"end":{"line":74,"column":64}}],"line":74},"11":{"loc":{"start":{"line":76,"column":4},"end":{"line":78,"column":5}},"type":"if","locations":[{"start":{"line":76,"column":4},"end":{"line":78,"column":5}},{"start":{},"end":{}}],"line":76},"12":{"loc":{"start":{"line":81,"column":4},"end":{"line":83,"column":5}},"type":"if","locations":[{"start":{"line":81,"column":4},"end":{"line":83,"column":5}},{"start":{},"end":{}}],"line":81},"13":{"loc":{"start":{"line":86,"column":4},"end":{"line":88,"column":5}},"type":"if","locations":[{"start":{"line":86,"column":4},"end":{"line":88,"column":5}},{"start":{},"end":{}}],"line":86},"14":{"loc":{"start":{"line":93,"column":6},"end":{"line":134,"column":7}},"type":"if","locations":[{"start":{"line":93,"column":6},"end":{"line":134,"column":7}},{"start":{"line":102,"column":13},"end":{"line":134,"column":7}}],"line":93},"15":{"loc":{"start":{"line":101,"column":18},"end":{"line":101,"column":71}},"type":"binary-expr","locations":[{"start":{"line":101,"column":18},"end":{"line":101,"column":33}},{"start":{"line":101,"column":37},"end":{"line":101,"column":71}}],"line":101},"16":{"loc":{"start":{"line":102,"column":13},"end":{"line":134,"column":7}},"type":"if","locations":[{"start":{"line":102,"column":13},"end":{"line":134,"column":7}},{"start":{"line":109,"column":13},"end":{"line":134,"column":7}}],"line":102},"17":{"loc":{"start":{"line":108,"column":18},"end":{"line":108,"column":71}},"type":"binary-expr","locations":[{"start":{"line":108,"column":18},"end":{"line":108,"column":33}},{"start":{"line":108,"column":37},"end":{"line":108,"column":71}}],"line":108},"18":{"loc":{"start":{"line":109,"column":13},"end":{"line":134,"column":7}},"type":"if","locations":[{"start":{"line":109,"column":13},"end":{"line":134,"column":7}},{"start":{"line":119,"column":13},"end":{"line":134,"column":7}}],"line":109},"19":{"loc":{"start":{"line":118,"column":18},"end":{"line":118,"column":71}},"type":"binary-expr","locations":[{"start":{"line":118,"column":18},"end":{"line":118,"column":33}},{"start":{"line":118,"column":37},"end":{"line":118,"column":71}}],"line":118},"20":{"loc":{"start":{"line":119,"column":13},"end":{"line":134,"column":7}},"type":"if","locations":[{"start":{"line":119,"column":13},"end":{"line":134,"column":7}},{"start":{},"end":{}}],"line":119},"21":{"loc":{"start":{"line":129,"column":8},"end":{"line":133,"column":9}},"type":"if","locations":[{"start":{"line":129,"column":8},"end":{"line":133,"column":9}},{"start":{},"end":{}}],"line":129},"22":{"loc":{"start":{"line":130,"column":28},"end":{"line":130,"column":92}},"type":"binary-expr","locations":[{"start":{"line":130,"column":28},"end":{"line":130,"column":54}},{"start":{"line":130,"column":58},"end":{"line":130,"column":92}}],"line":130},"23":{"loc":{"start":{"line":132,"column":20},"end":{"line":132,"column":45}},"type":"binary-expr","locations":[{"start":{"line":132,"column":20},"end":{"line":132,"column":29}},{"start":{"line":132,"column":33},"end":{"line":132,"column":45}}],"line":132},"24":{"loc":{"start":{"line":136,"column":6},"end":{"line":141,"column":7}},"type":"if","locations":[{"start":{"line":136,"column":6},"end":{"line":141,"column":7}},{"start":{},"end":{}}],"line":136},"25":{"loc":{"start":{"line":176,"column":16},"end":{"line":176,"column":54}},"type":"binary-expr","locations":[{"start":{"line":176,"column":16},"end":{"line":176,"column":26}},{"start":{"line":176,"column":30},"end":{"line":176,"column":54}}],"line":176},"26":{"loc":{"start":{"line":178,"column":2},"end":{"line":184,"column":3}},"type":"if","locations":[{"start":{"line":178,"column":2},"end":{"line":184,"column":3}},{"start":{},"end":{}}],"line":178},"27":{"loc":{"start":{"line":180,"column":6},"end":{"line":182,"column":7}},"type":"if","locations":[{"start":{"line":180,"column":6},"end":{"line":182,"column":7}},{"start":{},"end":{}}],"line":180},"28":{"loc":{"start":{"line":180,"column":10},"end":{"line":180,"column":44}},"type":"binary-expr","locations":[{"start":{"line":180,"column":10},"end":{"line":180,"column":14}},{"start":{"line":180,"column":18},"end":{"line":180,"column":44}}],"line":180}},"s":{"0":3,"1":3,"2":3,"3":3,"4":8,"5":0,"6":8,"7":0,"8":8,"9":3,"10":19,"11":19,"12":19,"13":3,"14":16,"15":16,"16":3,"17":3,"18":13,"19":13,"20":0,"21":13,"22":13,"23":13,"24":3,"25":5,"26":8,"27":0,"28":8,"29":8,"30":8,"31":8,"32":4,"33":4,"34":4,"35":3,"36":0,"37":0,"38":0,"39":0,"40":0,"41":0,"42":0,"43":0,"44":0,"45":0,"46":0,"47":0,"48":0,"49":0,"50":0,"51":0,"52":0,"53":0,"54":0,"55":0,"56":0,"57":0,"58":0,"59":0,"60":0,"61":0,"62":0,"63":0,"64":0,"65":0,"66":0,"67":3,"68":3,"69":0,"70":0,"71":3,"72":13,"73":3,"74":0,"75":0,"76":0,"77":0,"78":0,"79":0,"80":0,"81":3},"f":{"0":8,"1":19,"2":16,"3":5,"4":8,"5":0,"6":0,"7":0,"8":13,"9":0,"10":0},"b":{"0":[0,8],"1":[8,8],"2":[0,8],"3":[19,16],"4":[3,16],"5":[3,13],"6":[0,13],"7":[0,8],"8":[2,6],"9":[4,4],"10":[0],"11":[0,0],"12":[0,0],"13":[0,0],"14":[0,0],"15":[0,0],"16":[0,0],"17":[0,0],"18":[0,0],"19":[0,0],"20":[0,0],"21":[0,0],"22":[0,0],"23":[0,0],"24":[0,0],"25":[0,0],"26":[0,0],"27":[0,0],"28":[0,0]},"_coverageSchema":"1a1c01bbd47fc00a2c39e90264f33305004495a9","hash":"a2a3c2afe1bee2e9451d88a403d14af016664fa9"}
,"C:\\xampp\\htdocs\\Pet_Spa_Sist\\backend\\src\\middleware\\checklistValidator.js": {"path":"C:\\xampp\\htdocs\\Pet_Spa_Sist\\backend\\src\\middleware\\checklistValidator.js","statementMap":{"0":{"start":{"line":6,"column":13},"end":{"line":6,"column":42}},"1":{"start":{"line":11,"column":33},"end":{"line":21,"column":1}},"2":{"start":{"line":24,"column":17},"end":{"line":27,"column":3}},"3":{"start":{"line":28,"column":2},"end":{"line":28,"column":20}},"4":{"start":{"line":32,"column":2},"end":{"line":32,"column":49}},"5":{"start":{"line":36,"column":20},"end":{"line":36,"column":56}},"6":{"start":{"line":37,"column":25},"end":{"line":37,"column":34}},"7":{"start":{"line":39,"column":2},"end":{"line":43,"column":5}},"8":{"start":{"line":40,"column":4},"end":{"line":42,"column":5}},"9":{"start":{"line":41,"column":6},"end":{"line":41,"column":62}},"10":{"start":{"line":45,"column":23},"end":{"line":47,"column":4}},"11":{"start":{"line":46,"column":4},"end":{"line":46,"column":101}},"12":{"start":{"line":49,"column":2},"end":{"line":55,"column":4}},"13":{"start":{"line":54,"column":44},"end":{"line":54,"column":55}},"14":{"start":{"line":58,"column":37},"end":{"line":83,"column":1}},"15":{"start":{"line":59,"column":18},"end":{"line":59,"column":31}},"16":{"start":{"line":61,"column":2},"end":{"line":63,"column":3}},"17":{"start":{"line":62,"column":4},"end":{"line":62,"column":68}},"18":{"start":{"line":65,"column":2},"end":{"line":82,"column":3}},"19":{"start":{"line":66,"column":23},"end":{"line":66,"column":65}},"20":{"start":{"line":68,"column":4},"end":{"line":75,"column":5}},"21":{"start":{"line":69,"column":6},"end":{"line":74,"column":9}},"22":{"start":{"line":77,"column":4},"end":{"line":77,"column":41}},"23":{"start":{"line":78,"column":4},"end":{"line":78,"column":11}},"24":{"start":{"line":80,"column":4},"end":{"line":80,"column":67}},"25":{"start":{"line":81,"column":4},"end":{"line":81,"column":65}},"26":{"start":{"line":86,"column":19},"end":{"line":89,"column":3}},"27":{"start":{"line":90,"column":2},"end":{"line":90,"column":16}},"28":{"start":{"line":94,"column":19},"end":{"line":97,"column":3}},"29":{"start":{"line":98,"column":2},"end":{"line":98,"column":16}},"30":{"start":{"line":102,"column":21},"end":{"line":102,"column":63}},"31":{"start":{"line":103,"column":2},"end":{"line":110,"column":4}},"32":{"start":{"line":113,"column":0},"end":{"line":121,"column":2}}},"fnMap":{"0":{"name":"getChecklistByFichaId","decl":{"start":{"line":23,"column":15},"end":{"line":23,"column":36}},"loc":{"start":{"line":23,"column":46},"end":{"line":29,"column":1}},"line":23},"1":{"name":"normalizeChecklistName","decl":{"start":{"line":31,"column":9},"end":{"line":31,"column":31}},"loc":{"start":{"line":31,"column":38},"end":{"line":33,"column":1}},"line":31},"2":{"name":"validateChecklistCompletion","decl":{"start":{"line":35,"column":15},"end":{"line":35,"column":42}},"loc":{"start":{"line":35,"column":52},"end":{"line":56,"column":1}},"line":35},"3":{"name":"(anonymous_3)","decl":{"start":{"line":39,"column":20},"end":{"line":39,"column":21}},"loc":{"start":{"line":39,"column":30},"end":{"line":43,"column":3}},"line":39},"4":{"name":"(anonymous_4)","decl":{"start":{"line":45,"column":55},"end":{"line":45,"column":56}},"loc":{"start":{"line":45,"column":73},"end":{"line":47,"column":3}},"line":45},"5":{"name":"(anonymous_5)","decl":{"start":{"line":54,"column":37},"end":{"line":54,"column":38}},"loc":{"start":{"line":54,"column":44},"end":{"line":54,"column":55}},"line":54},"6":{"name":"(anonymous_6)","decl":{"start":{"line":58,"column":37},"end":{"line":58,"column":38}},"loc":{"start":{"line":58,"column":63},"end":{"line":83,"column":1}},"line":58},"7":{"name":"addChecklistItem","decl":{"start":{"line":85,"column":15},"end":{"line":85,"column":31}},"loc":{"start":{"line":85,"column":88},"end":{"line":91,"column":1}},"line":85},"8":{"name":"updateChecklistItem","decl":{"start":{"line":93,"column":15},"end":{"line":93,"column":34}},"loc":{"start":{"line":93,"column":63},"end":{"line":99,"column":1}},"line":93},"9":{"name":"getChecklistSummary","decl":{"start":{"line":101,"column":15},"end":{"line":101,"column":34}},"loc":{"start":{"line":101,"column":44},"end":{"line":111,"column":1}},"line":101}},"branchMap":{"0":{"loc":{"start":{"line":28,"column":9},"end":{"line":28,"column":19}},"type":"binary-expr","locations":[{"start":{"line":28,"column":9},"end":{"line":28,"column":13}},{"start":{"line":28,"column":17},"end":{"line":28,"column":19}}],"line":28},"1":{"loc":{"start":{"line":32,"column":16},"end":{"line":32,"column":26}},"type":"binary-expr","locations":[{"start":{"line":32,"column":16},"end":{"line":32,"column":20}},{"start":{"line":32,"column":24},"end":{"line":32,"column":26}}],"line":32},"2":{"loc":{"start":{"line":40,"column":4},"end":{"line":42,"column":5}},"type":"if","locations":[{"start":{"line":40,"column":4},"end":{"line":42,"column":5}},{"start":{},"end":{}}],"line":40},"3":{"loc":{"start":{"line":46,"column":11},"end":{"line":46,"column":100}},"type":"binary-expr","locations":[{"start":{"line":46,"column":11},"end":{"line":46,"column":32}},{"start":{"line":46,"column":36},"end":{"line":46,"column":100}}],"line":46},"4":{"loc":{"start":{"line":61,"column":2},"end":{"line":63,"column":3}},"type":"if","locations":[{"start":{"line":61,"column":2},"end":{"line":63,"column":3}},{"start":{},"end":{}}],"line":61},"5":{"loc":{"start":{"line":68,"column":4},"end":{"line":75,"column":5}},"type":"if","locations":[{"start":{"line":68,"column":4},"end":{"line":75,"column":5}},{"start":{},"end":{}}],"line":68},"6":{"loc":{"start":{"line":85,"column":49},"end":{"line":85,"column":66}},"type":"default-arg","locations":[{"start":{"line":85,"column":61},"end":{"line":85,"column":66}}],"line":85},"7":{"loc":{"start":{"line":85,"column":68},"end":{"line":85,"column":86}},"type":"default-arg","locations":[{"start":{"line":85,"column":82},"end":{"line":85,"column":86}}],"line":85},"8":{"loc":{"start":{"line":88,"column":22},"end":{"line":88,"column":39}},"type":"cond-expr","locations":[{"start":{"line":88,"column":34},"end":{"line":88,"column":35}},{"start":{"line":88,"column":38},"end":{"line":88,"column":39}}],"line":88},"9":{"loc":{"start":{"line":96,"column":5},"end":{"line":96,"column":22}},"type":"cond-expr","locations":[{"start":{"line":96,"column":17},"end":{"line":96,"column":18}},{"start":{"line":96,"column":21},"end":{"line":96,"column":22}}],"line":96},"10":{"loc":{"start":{"line":107,"column":16},"end":{"line":107,"column":123}},"type":"cond-expr","locations":[{"start":{"line":107,"column":47},"end":{"line":107,"column":119}},{"start":{"line":107,"column":122},"end":{"line":107,"column":123}}],"line":107}},"s":{"0":2,"1":2,"2":0,"3":0,"4":0,"5":0,"6":0,"7":0,"8":0,"9":0,"10":0,"11":0,"12":0,"13":0,"14":2,"15":0,"16":0,"17":0,"18":0,"19":0,"20":0,"21":0,"22":0,"23":0,"24":0,"25":0,"26":0,"27":0,"28":0,"29":0,"30":0,"31":0,"32":2},"f":{"0":0,"1":0,"2":0,"3":0,"4":0,"5":0,"6":0,"7":0,"8":0,"9":0},"b":{"0":[0,0],"1":[0,0],"2":[0,0],"3":[0,0],"4":[0,0],"5":[0,0],"6":[0],"7":[0],"8":[0,0],"9":[0,0],"10":[0,0]},"_coverageSchema":"1a1c01bbd47fc00a2c39e90264f33305004495a9","hash":"bf1df899dd5c913894debaae03fa55c386bd707e"}
,"C:\\xampp\\htdocs\\Pet_Spa_Sist\\backend\\src\\services\\agendaService.js": {"path":"C:\\xampp\\htdocs\\Pet_Spa_Sist\\backend\\src\\services\\agendaService.js","statementMap":{"0":{"start":{"line":1,"column":13},"end":{"line":1,"column":42}},"1":{"start":{"line":2,"column":20},"end":{"line":2,"column":44}},"2":{"start":{"line":6,"column":16},"end":{"line":33,"column":5}},"3":{"start":{"line":35,"column":19},"end":{"line":35,"column":21}},"4":{"start":{"line":37,"column":4},"end":{"line":40,"column":5}},"5":{"start":{"line":38,"column":6},"end":{"line":38,"column":45}},"6":{"start":{"line":39,"column":6},"end":{"line":39,"column":33}},"7":{"start":{"line":42,"column":4},"end":{"line":45,"column":5}},"8":{"start":{"line":43,"column":6},"end":{"line":43,"column":35}},"9":{"start":{"line":44,"column":6},"end":{"line":44,"column":34}},"10":{"start":{"line":47,"column":4},"end":{"line":50,"column":5}},"11":{"start":{"line":48,"column":6},"end":{"line":48,"column":31}},"12":{"start":{"line":49,"column":6},"end":{"line":49,"column":38}},"13":{"start":{"line":52,"column":4},"end":{"line":58,"column":5}},"14":{"start":{"line":53,"column":6},"end":{"line":53,"column":31}},"15":{"start":{"line":54,"column":6},"end":{"line":54,"column":26}},"16":{"start":{"line":55,"column":11},"end":{"line":58,"column":5}},"17":{"start":{"line":56,"column":6},"end":{"line":56,"column":39}},"18":{"start":{"line":57,"column":6},"end":{"line":57,"column":26}},"19":{"start":{"line":60,"column":4},"end":{"line":60,"column":38}},"20":{"start":{"line":62,"column":21},"end":{"line":62,"column":54}},"21":{"start":{"line":63,"column":4},"end":{"line":63,"column":18}},"22":{"start":{"line":67,"column":25},"end":{"line":95,"column":5}},"23":{"start":{"line":97,"column":19},"end":{"line":99,"column":20}},"24":{"start":{"line":101,"column":4},"end":{"line":103,"column":5}},"25":{"start":{"line":102,"column":6},"end":{"line":102,"column":47}},"26":{"start":{"line":105,"column":20},"end":{"line":105,"column":29}},"27":{"start":{"line":106,"column":4},"end":{"line":108,"column":5}},"28":{"start":{"line":107,"column":6},"end":{"line":107,"column":61}},"29":{"start":{"line":109,"column":4},"end":{"line":111,"column":5}},"30":{"start":{"line":110,"column":6},"end":{"line":110,"column":61}},"31":{"start":{"line":113,"column":4},"end":{"line":113,"column":19}},"32":{"start":{"line":118,"column":22},"end":{"line":126,"column":5}},"33":{"start":{"line":128,"column":94},"end":{"line":128,"column":103}},"34":{"start":{"line":130,"column":4},"end":{"line":132,"column":5}},"35":{"start":{"line":131,"column":6},"end":{"line":131,"column":65}},"36":{"start":{"line":134,"column":4},"end":{"line":145,"column":5}},"37":{"start":{"line":135,"column":28},"end":{"line":140,"column":7}},"38":{"start":{"line":142,"column":6},"end":{"line":144,"column":7}},"39":{"start":{"line":143,"column":8},"end":{"line":143,"column":63}},"40":{"start":{"line":147,"column":57},"end":{"line":147,"column":121}},"41":{"start":{"line":149,"column":28},"end":{"line":149,"column":64}},"42":{"start":{"line":150,"column":25},"end":{"line":150,"column":84}},"43":{"start":{"line":151,"column":22},"end":{"line":151,"column":82}},"44":{"start":{"line":152,"column":20},"end":{"line":152,"column":77}},"45":{"start":{"line":154,"column":32},"end":{"line":154,"column":91}},"46":{"start":{"line":155,"column":24},"end":{"line":157,"column":27}},"47":{"start":{"line":161,"column":28},"end":{"line":161,"column":32}},"48":{"start":{"line":162,"column":4},"end":{"line":174,"column":5}},"49":{"start":{"line":164,"column":34},"end":{"line":164,"column":105}},"50":{"start":{"line":165,"column":28},"end":{"line":165,"column":156}},"51":{"start":{"line":166,"column":6},"end":{"line":168,"column":7}},"52":{"start":{"line":167,"column":8},"end":{"line":167,"column":58}},"53":{"start":{"line":169,"column":25},"end":{"line":169,"column":85}},"54":{"start":{"line":170,"column":6},"end":{"line":172,"column":7}},"55":{"start":{"line":171,"column":8},"end":{"line":171,"column":85}},"56":{"start":{"line":173,"column":6},"end":{"line":173,"column":37}},"57":{"start":{"line":177,"column":25},"end":{"line":181,"column":5}},"58":{"start":{"line":183,"column":22},"end":{"line":185,"column":20}},"59":{"start":{"line":186,"column":21},"end":{"line":186,"column":80}},"60":{"start":{"line":188,"column":4},"end":{"line":190,"column":5}},"61":{"start":{"line":189,"column":6},"end":{"line":189,"column":55}},"62":{"start":{"line":192,"column":4},"end":{"line":192,"column":93}},"63":{"start":{"line":194,"column":4},"end":{"line":208,"column":5}},"64":{"start":{"line":195,"column":6},"end":{"line":195,"column":42}},"65":{"start":{"line":198,"column":6},"end":{"line":207,"column":8}},"66":{"start":{"line":212,"column":27},"end":{"line":212,"column":103}},"67":{"start":{"line":213,"column":19},"end":{"line":213,"column":21}},"68":{"start":{"line":214,"column":4},"end":{"line":217,"column":5}},"69":{"start":{"line":215,"column":6},"end":{"line":216,"column":37}},"70":{"start":{"line":215,"column":44},"end":{"line":215,"column":73}},"71":{"start":{"line":216,"column":11},"end":{"line":216,"column":37}},"72":{"start":{"line":218,"column":4},"end":{"line":220,"column":5}},"73":{"start":{"line":219,"column":6},"end":{"line":219,"column":18}},"74":{"start":{"line":222,"column":4},"end":{"line":227,"column":5}},"75":{"start":{"line":223,"column":25},"end":{"line":223,"column":107}},"76":{"start":{"line":224,"column":6},"end":{"line":226,"column":7}},"77":{"start":{"line":225,"column":8},"end":{"line":225,"column":26}},"78":{"start":{"line":229,"column":4},"end":{"line":229,"column":16}},"79":{"start":{"line":233,"column":28},"end":{"line":233,"column":50}},"80":{"start":{"line":234,"column":65},"end":{"line":234,"column":76}},"81":{"start":{"line":236,"column":23},"end":{"line":236,"column":25}},"82":{"start":{"line":237,"column":17},"end":{"line":237,"column":19}},"83":{"start":{"line":238,"column":24},"end":{"line":238,"column":29}},"84":{"start":{"line":240,"column":4},"end":{"line":246,"column":5}},"85":{"start":{"line":241,"column":6},"end":{"line":241,"column":38}},"86":{"start":{"line":242,"column":6},"end":{"line":242,"column":26}},"87":{"start":{"line":243,"column":6},"end":{"line":245,"column":7}},"88":{"start":{"line":244,"column":8},"end":{"line":244,"column":29}},"89":{"start":{"line":248,"column":4},"end":{"line":251,"column":5}},"90":{"start":{"line":249,"column":6},"end":{"line":249,"column":45}},"91":{"start":{"line":250,"column":6},"end":{"line":250,"column":33}},"92":{"start":{"line":253,"column":4},"end":{"line":256,"column":5}},"93":{"start":{"line":254,"column":6},"end":{"line":254,"column":44}},"94":{"start":{"line":255,"column":6},"end":{"line":255,"column":32}},"95":{"start":{"line":258,"column":4},"end":{"line":276,"column":5}},"96":{"start":{"line":259,"column":23},"end":{"line":259,"column":53}},"97":{"start":{"line":260,"column":22},"end":{"line":260,"column":50}},"98":{"start":{"line":261,"column":23},"end":{"line":261,"column":119}},"99":{"start":{"line":262,"column":30},"end":{"line":262,"column":72}},"100":{"start":{"line":263,"column":27},"end":{"line":263,"column":95}},"101":{"start":{"line":264,"column":24},"end":{"line":264,"column":84}},"102":{"start":{"line":265,"column":22},"end":{"line":265,"column":79}},"103":{"start":{"line":267,"column":29},"end":{"line":267,"column":109}},"104":{"start":{"line":268,"column":6},"end":{"line":270,"column":7}},"105":{"start":{"line":269,"column":8},"end":{"line":269,"column":57}},"106":{"start":{"line":272,"column":6},"end":{"line":272,"column":42}},"107":{"start":{"line":273,"column":6},"end":{"line":273,"column":46}},"108":{"start":{"line":274,"column":6},"end":{"line":274,"column":38}},"109":{"start":{"line":275,"column":6},"end":{"line":275,"column":27}},"110":{"start":{"line":278,"column":4},"end":{"line":280,"column":5}},"111":{"start":{"line":279,"column":6},"end":{"line":279,"column":56}},"112":{"start":{"line":282,"column":4},"end":{"line":284,"column":5}},"113":{"start":{"line":283,"column":6},"end":{"line":283,"column":30}},"114":{"start":{"line":286,"column":18},"end":{"line":286,"column":83}},"115":{"start":{"line":287,"column":4},"end":{"line":287,"column":20}},"116":{"start":{"line":289,"column":4},"end":{"line":289,"column":38}},"117":{"start":{"line":290,"column":4},"end":{"line":290,"column":136}},"118":{"start":{"line":291,"column":4},"end":{"line":291,"column":28}},"119":{"start":{"line":295,"column":4},"end":{"line":297,"column":5}},"120":{"start":{"line":296,"column":6},"end":{"line":296,"column":19}},"121":{"start":{"line":298,"column":4},"end":{"line":304,"column":5}},"122":{"start":{"line":299,"column":21},"end":{"line":299,"column":60}},"123":{"start":{"line":300,"column":6},"end":{"line":302,"column":7}},"124":{"start":{"line":301,"column":8},"end":{"line":301,"column":20}},"125":{"start":{"line":303,"column":6},"end":{"line":303,"column":20}},"126":{"start":{"line":305,"column":19},"end":{"line":305,"column":34}},"127":{"start":{"line":306,"column":4},"end":{"line":308,"column":5}},"128":{"start":{"line":307,"column":6},"end":{"line":307,"column":18}},"129":{"start":{"line":309,"column":4},"end":{"line":309,"column":18}},"130":{"start":{"line":313,"column":4},"end":{"line":315,"column":5}},"131":{"start":{"line":314,"column":6},"end":{"line":314,"column":18}},"132":{"start":{"line":316,"column":4},"end":{"line":318,"column":5}},"133":{"start":{"line":317,"column":6},"end":{"line":317,"column":19}},"134":{"start":{"line":319,"column":23},"end":{"line":319,"column":82}},"135":{"start":{"line":320,"column":22},"end":{"line":320,"column":78}},"136":{"start":{"line":321,"column":4},"end":{"line":321,"column":46}},"137":{"start":{"line":325,"column":4},"end":{"line":327,"column":5}},"138":{"start":{"line":326,"column":6},"end":{"line":326,"column":18}},"139":{"start":{"line":328,"column":21},"end":{"line":328,"column":45}},"140":{"start":{"line":329,"column":19},"end":{"line":329,"column":37}},"141":{"start":{"line":330,"column":4},"end":{"line":332,"column":5}},"142":{"start":{"line":331,"column":6},"end":{"line":331,"column":48}},"143":{"start":{"line":333,"column":4},"end":{"line":333,"column":18}},"144":{"start":{"line":337,"column":28},"end":{"line":340,"column":5}},"145":{"start":{"line":341,"column":20},"end":{"line":341,"column":22}},"146":{"start":{"line":342,"column":4},"end":{"line":344,"column":5}},"147":{"start":{"line":343,"column":6},"end":{"line":343,"column":91}},"148":{"start":{"line":346,"column":4},"end":{"line":348,"column":5}},"149":{"start":{"line":347,"column":6},"end":{"line":347,"column":48}},"150":{"start":{"line":350,"column":27},"end":{"line":353,"column":5}},"151":{"start":{"line":354,"column":19},"end":{"line":354,"column":21}},"152":{"start":{"line":355,"column":4},"end":{"line":357,"column":5}},"153":{"start":{"line":356,"column":6},"end":{"line":356,"column":87}},"154":{"start":{"line":359,"column":4},"end":{"line":361,"column":5}},"155":{"start":{"line":360,"column":6},"end":{"line":360,"column":47}},"156":{"start":{"line":363,"column":80},"end":{"line":363,"column":92}},"157":{"start":{"line":364,"column":41},"end":{"line":364,"column":52}},"158":{"start":{"line":366,"column":24},"end":{"line":366,"column":25}},"159":{"start":{"line":367,"column":23},"end":{"line":367,"column":35}},"160":{"start":{"line":368,"column":4},"end":{"line":370,"column":5}},"161":{"start":{"line":369,"column":6},"end":{"line":369,"column":26}},"162":{"start":{"line":372,"column":30},"end":{"line":372,"column":70}},"163":{"start":{"line":373,"column":4},"end":{"line":375,"column":5}},"164":{"start":{"line":374,"column":6},"end":{"line":374,"column":26}},"165":{"start":{"line":377,"column":30},"end":{"line":377,"column":58}},"166":{"start":{"line":378,"column":4},"end":{"line":387,"column":5}},"167":{"start":{"line":379,"column":28},"end":{"line":382,"column":7}},"168":{"start":{"line":383,"column":22},"end":{"line":383,"column":126}},"169":{"start":{"line":384,"column":6},"end":{"line":386,"column":7}},"170":{"start":{"line":385,"column":8},"end":{"line":385,"column":72}},"171":{"start":{"line":389,"column":4},"end":{"line":395,"column":6}},"172":{"start":{"line":399,"column":4},"end":{"line":401,"column":5}},"173":{"start":{"line":400,"column":6},"end":{"line":400,"column":18}},"174":{"start":{"line":403,"column":4},"end":{"line":409,"column":5}},"175":{"start":{"line":404,"column":6},"end":{"line":408,"column":7}},"176":{"start":{"line":405,"column":8},"end":{"line":405,"column":42}},"177":{"start":{"line":407,"column":8},"end":{"line":407,"column":20}},"178":{"start":{"line":411,"column":4},"end":{"line":411,"column":26}},"179":{"start":{"line":415,"column":4},"end":{"line":415,"column":47}},"180":{"start":{"line":419,"column":4},"end":{"line":421,"column":5}},"181":{"start":{"line":420,"column":6},"end":{"line":420,"column":18}},"182":{"start":{"line":423,"column":23},"end":{"line":423,"column":97}},"183":{"start":{"line":424,"column":21},"end":{"line":424,"column":57}},"184":{"start":{"line":425,"column":22},"end":{"line":425,"column":53}},"185":{"start":{"line":427,"column":4},"end":{"line":429,"column":5}},"186":{"start":{"line":428,"column":6},"end":{"line":428,"column":19}},"187":{"start":{"line":431,"column":4},"end":{"line":433,"column":5}},"188":{"start":{"line":432,"column":6},"end":{"line":432,"column":18}},"189":{"start":{"line":435,"column":4},"end":{"line":437,"column":5}},"190":{"start":{"line":436,"column":6},"end":{"line":436,"column":19}},"191":{"start":{"line":439,"column":31},"end":{"line":439,"column":70}},"192":{"start":{"line":440,"column":25},"end":{"line":440,"column":61}},"193":{"start":{"line":441,"column":25},"end":{"line":441,"column":87}},"194":{"start":{"line":442,"column":23},"end":{"line":442,"column":79}},"195":{"start":{"line":443,"column":24},"end":{"line":443,"column":46}},"196":{"start":{"line":444,"column":22},"end":{"line":444,"column":38}},"197":{"start":{"line":446,"column":4},"end":{"line":446,"column":66}},"198":{"start":{"line":450,"column":27},"end":{"line":455,"column":5}},"199":{"start":{"line":456,"column":21},"end":{"line":456,"column":96}},"200":{"start":{"line":457,"column":4},"end":{"line":457,"column":31}},"201":{"start":{"line":461,"column":24},"end":{"line":461,"column":64}},"202":{"start":{"line":462,"column":21},"end":{"line":462,"column":58}},"203":{"start":{"line":463,"column":4},"end":{"line":465,"column":5}},"204":{"start":{"line":464,"column":6},"end":{"line":464,"column":62}},"205":{"start":{"line":467,"column":30},"end":{"line":470,"column":5}},"206":{"start":{"line":471,"column":24},"end":{"line":471,"column":108}},"207":{"start":{"line":473,"column":4},"end":{"line":475,"column":5}},"208":{"start":{"line":474,"column":6},"end":{"line":474,"column":19}},"209":{"start":{"line":478,"column":27},"end":{"line":478,"column":121}},"210":{"start":{"line":479,"column":4},"end":{"line":481,"column":5}},"211":{"start":{"line":480,"column":6},"end":{"line":480,"column":19}},"212":{"start":{"line":483,"column":4},"end":{"line":485,"column":5}},"213":{"start":{"line":484,"column":6},"end":{"line":484,"column":19}},"214":{"start":{"line":487,"column":19},"end":{"line":487,"column":53}},"215":{"start":{"line":488,"column":16},"end":{"line":492,"column":5}},"216":{"start":{"line":494,"column":4},"end":{"line":497,"column":5}},"217":{"start":{"line":495,"column":6},"end":{"line":495,"column":30}},"218":{"start":{"line":496,"column":6},"end":{"line":496,"column":29}},"219":{"start":{"line":499,"column":27},"end":{"line":499,"column":60}},"220":{"start":{"line":500,"column":21},"end":{"line":500,"column":96}},"221":{"start":{"line":501,"column":4},"end":{"line":501,"column":33}},"222":{"start":{"line":505,"column":24},"end":{"line":505,"column":64}},"223":{"start":{"line":506,"column":21},"end":{"line":506,"column":58}},"224":{"start":{"line":507,"column":4},"end":{"line":509,"column":5}},"225":{"start":{"line":508,"column":6},"end":{"line":508,"column":62}},"226":{"start":{"line":511,"column":4},"end":{"line":513,"column":5}},"227":{"start":{"line":512,"column":6},"end":{"line":512,"column":93}},"228":{"start":{"line":515,"column":27},"end":{"line":515,"column":91}},"229":{"start":{"line":516,"column":19},"end":{"line":516,"column":21}},"230":{"start":{"line":517,"column":4},"end":{"line":519,"column":5}},"231":{"start":{"line":518,"column":6},"end":{"line":518,"column":87}},"232":{"start":{"line":520,"column":4},"end":{"line":524,"column":5}},"233":{"start":{"line":521,"column":6},"end":{"line":523,"column":7}},"234":{"start":{"line":522,"column":8},"end":{"line":522,"column":20}},"235":{"start":{"line":526,"column":4},"end":{"line":526,"column":17}},"236":{"start":{"line":530,"column":4},"end":{"line":532,"column":5}},"237":{"start":{"line":531,"column":6},"end":{"line":531,"column":57}},"238":{"start":{"line":534,"column":28},"end":{"line":537,"column":5}},"239":{"start":{"line":538,"column":22},"end":{"line":538,"column":100}},"240":{"start":{"line":540,"column":4},"end":{"line":542,"column":5}},"241":{"start":{"line":541,"column":6},"end":{"line":541,"column":48}},"242":{"start":{"line":544,"column":50},"end":{"line":544,"column":62}},"243":{"start":{"line":545,"column":24},"end":{"line":545,"column":65}},"244":{"start":{"line":546,"column":4},"end":{"line":549,"column":5}},"245":{"start":{"line":547,"column":23},"end":{"line":547,"column":85}},"246":{"start":{"line":548,"column":6},"end":{"line":548,"column":45}},"247":{"start":{"line":551,"column":26},"end":{"line":551,"column":57}},"248":{"start":{"line":552,"column":26},"end":{"line":552,"column":54}},"249":{"start":{"line":553,"column":27},"end":{"line":556,"column":5}},"250":{"start":{"line":557,"column":21},"end":{"line":557,"column":96}},"251":{"start":{"line":559,"column":4},"end":{"line":561,"column":5}},"252":{"start":{"line":560,"column":6},"end":{"line":560,"column":16}},"253":{"start":{"line":563,"column":24},"end":{"line":566,"column":7}},"254":{"start":{"line":563,"column":45},"end":{"line":566,"column":5}},"255":{"start":{"line":568,"column":27},"end":{"line":572,"column":5}},"256":{"start":{"line":573,"column":21},"end":{"line":573,"column":96}},"257":{"start":{"line":575,"column":27},"end":{"line":579,"column":5}},"258":{"start":{"line":580,"column":21},"end":{"line":580,"column":96}},"259":{"start":{"line":582,"column":31},"end":{"line":585,"column":10}},"260":{"start":{"line":583,"column":6},"end":{"line":583,"column":27}},"261":{"start":{"line":584,"column":6},"end":{"line":584,"column":17}},"262":{"start":{"line":586,"column":4},"end":{"line":590,"column":7}},"263":{"start":{"line":587,"column":6},"end":{"line":589,"column":7}},"264":{"start":{"line":588,"column":8},"end":{"line":588,"column":61}},"265":{"start":{"line":592,"column":31},"end":{"line":595,"column":10}},"266":{"start":{"line":593,"column":6},"end":{"line":593,"column":27}},"267":{"start":{"line":594,"column":6},"end":{"line":594,"column":17}},"268":{"start":{"line":596,"column":4},"end":{"line":600,"column":7}},"269":{"start":{"line":597,"column":6},"end":{"line":599,"column":7}},"270":{"start":{"line":598,"column":8},"end":{"line":598,"column":61}},"271":{"start":{"line":602,"column":21},"end":{"line":602,"column":23}},"272":{"start":{"line":603,"column":25},"end":{"line":603,"column":26}},"273":{"start":{"line":604,"column":23},"end":{"line":604,"column":25}},"274":{"start":{"line":605,"column":25},"end":{"line":605,"column":106}},"275":{"start":{"line":607,"column":26},"end":{"line":621,"column":5}},"276":{"start":{"line":608,"column":6},"end":{"line":610,"column":7}},"277":{"start":{"line":609,"column":8},"end":{"line":609,"column":21}},"278":{"start":{"line":612,"column":6},"end":{"line":614,"column":7}},"279":{"start":{"line":612,"column":60},"end":{"line":612,"column":181}},"280":{"start":{"line":613,"column":8},"end":{"line":613,"column":21}},"281":{"start":{"line":616,"column":6},"end":{"line":618,"column":7}},"282":{"start":{"line":616,"column":60},"end":{"line":616,"column":184}},"283":{"start":{"line":617,"column":8},"end":{"line":617,"column":21}},"284":{"start":{"line":620,"column":6},"end":{"line":620,"column":18}},"285":{"start":{"line":623,"column":4},"end":{"line":636,"column":5}},"286":{"start":{"line":623,"column":20},"end":{"line":623,"column":32}},"287":{"start":{"line":624,"column":6},"end":{"line":635,"column":7}},"288":{"start":{"line":624,"column":24},"end":{"line":624,"column":25}},"289":{"start":{"line":625,"column":24},"end":{"line":625,"column":102}},"290":{"start":{"line":626,"column":23},"end":{"line":626,"column":62}},"291":{"start":{"line":627,"column":20},"end":{"line":627,"column":70}},"292":{"start":{"line":628,"column":8},"end":{"line":630,"column":9}},"293":{"start":{"line":629,"column":10},"end":{"line":629,"column":19}},"294":{"start":{"line":632,"column":8},"end":{"line":634,"column":9}},"295":{"start":{"line":632,"column":42},"end":{"line":632,"column":77}},"296":{"start":{"line":633,"column":10},"end":{"line":633,"column":33}},"297":{"start":{"line":638,"column":4},"end":{"line":638,"column":20}},"298":{"start":{"line":642,"column":30},"end":{"line":642,"column":49}},"299":{"start":{"line":643,"column":0},"end":{"line":643,"column":39}},"300":{"start":{"line":644,"column":0},"end":{"line":644,"column":47}}},"fnMap":{"0":{"name":"(anonymous_0)","decl":{"start":{"line":5,"column":2},"end":{"line":5,"column":3}},"loc":{"start":{"line":5,"column":47},"end":{"line":64,"column":3}},"line":5},"1":{"name":"(anonymous_1)","decl":{"start":{"line":66,"column":2},"end":{"line":66,"column":3}},"loc":{"start":{"line":66,"column":38},"end":{"line":114,"column":3}},"line":66},"2":{"name":"(anonymous_2)","decl":{"start":{"line":116,"column":2},"end":{"line":116,"column":3}},"loc":{"start":{"line":116,"column":46},"end":{"line":209,"column":3}},"line":116},"3":{"name":"(anonymous_3)","decl":{"start":{"line":211,"column":2},"end":{"line":211,"column":3}},"loc":{"start":{"line":211,"column":78},"end":{"line":230,"column":3}},"line":211},"4":{"name":"(anonymous_4)","decl":{"start":{"line":232,"column":2},"end":{"line":232,"column":3}},"loc":{"start":{"line":232,"column":40},"end":{"line":292,"column":3}},"line":232},"5":{"name":"(anonymous_5)","decl":{"start":{"line":294,"column":2},"end":{"line":294,"column":3}},"loc":{"start":{"line":294,"column":28},"end":{"line":310,"column":3}},"line":294},"6":{"name":"(anonymous_6)","decl":{"start":{"line":312,"column":2},"end":{"line":312,"column":3}},"loc":{"start":{"line":312,"column":26},"end":{"line":322,"column":3}},"line":312},"7":{"name":"(anonymous_7)","decl":{"start":{"line":324,"column":2},"end":{"line":324,"column":3}},"loc":{"start":{"line":324,"column":34},"end":{"line":334,"column":3}},"line":324},"8":{"name":"(anonymous_8)","decl":{"start":{"line":336,"column":2},"end":{"line":336,"column":3}},"loc":{"start":{"line":336,"column":60},"end":{"line":396,"column":3}},"line":336},"9":{"name":"(anonymous_9)","decl":{"start":{"line":398,"column":2},"end":{"line":398,"column":3}},"loc":{"start":{"line":398,"column":45},"end":{"line":412,"column":3}},"line":398},"10":{"name":"(anonymous_10)","decl":{"start":{"line":414,"column":2},"end":{"line":414,"column":3}},"loc":{"start":{"line":414,"column":47},"end":{"line":416,"column":3}},"line":414},"11":{"name":"(anonymous_11)","decl":{"start":{"line":418,"column":2},"end":{"line":418,"column":3}},"loc":{"start":{"line":418,"column":83},"end":{"line":447,"column":3}},"line":418},"12":{"name":"(anonymous_12)","decl":{"start":{"line":449,"column":2},"end":{"line":449,"column":3}},"loc":{"start":{"line":449,"column":70},"end":{"line":458,"column":3}},"line":449},"13":{"name":"(anonymous_13)","decl":{"start":{"line":460,"column":2},"end":{"line":460,"column":3}},"loc":{"start":{"line":460,"column":98},"end":{"line":502,"column":3}},"line":460},"14":{"name":"(anonymous_14)","decl":{"start":{"line":504,"column":2},"end":{"line":504,"column":3}},"loc":{"start":{"line":504,"column":93},"end":{"line":527,"column":3}},"line":504},"15":{"name":"(anonymous_15)","decl":{"start":{"line":529,"column":2},"end":{"line":529,"column":3}},"loc":{"start":{"line":529,"column":86},"end":{"line":639,"column":3}},"line":529},"16":{"name":"(anonymous_16)","decl":{"start":{"line":563,"column":37},"end":{"line":563,"column":38}},"loc":{"start":{"line":563,"column":45},"end":{"line":566,"column":5}},"line":563},"17":{"name":"(anonymous_17)","decl":{"start":{"line":582,"column":50},"end":{"line":582,"column":51}},"loc":{"start":{"line":582,"column":68},"end":{"line":585,"column":5}},"line":582},"18":{"name":"(anonymous_18)","decl":{"start":{"line":586,"column":21},"end":{"line":586,"column":22}},"loc":{"start":{"line":586,"column":34},"end":{"line":590,"column":5}},"line":586},"19":{"name":"(anonymous_19)","decl":{"start":{"line":592,"column":50},"end":{"line":592,"column":51}},"loc":{"start":{"line":592,"column":68},"end":{"line":595,"column":5}},"line":592},"20":{"name":"(anonymous_20)","decl":{"start":{"line":596,"column":21},"end":{"line":596,"column":22}},"loc":{"start":{"line":596,"column":34},"end":{"line":600,"column":5}},"line":596},"21":{"name":"(anonymous_21)","decl":{"start":{"line":607,"column":26},"end":{"line":607,"column":27}},"loc":{"start":{"line":607,"column":52},"end":{"line":621,"column":5}},"line":607},"22":{"name":"(anonymous_22)","decl":{"start":{"line":612,"column":47},"end":{"line":612,"column":48}},"loc":{"start":{"line":612,"column":60},"end":{"line":612,"column":181}},"line":612},"23":{"name":"(anonymous_23)","decl":{"start":{"line":616,"column":47},"end":{"line":616,"column":48}},"loc":{"start":{"line":616,"column":60},"end":{"line":616,"column":184}},"line":616},"24":{"name":"(anonymous_24)","decl":{"start":{"line":632,"column":29},"end":{"line":632,"column":30}},"loc":{"start":{"line":632,"column":42},"end":{"line":632,"column":77}},"line":632}},"branchMap":{"0":{"loc":{"start":{"line":5,"column":15},"end":{"line":5,"column":27}},"type":"default-arg","locations":[{"start":{"line":5,"column":25},"end":{"line":5,"column":27}}],"line":5},"1":{"loc":{"start":{"line":37,"column":4},"end":{"line":40,"column":5}},"type":"if","locations":[{"start":{"line":37,"column":4},"end":{"line":40,"column":5}},{"start":{},"end":{}}],"line":37},"2":{"loc":{"start":{"line":42,"column":4},"end":{"line":45,"column":5}},"type":"if","locations":[{"start":{"line":42,"column":4},"end":{"line":45,"column":5}},{"start":{},"end":{}}],"line":42},"3":{"loc":{"start":{"line":47,"column":4},"end":{"line":50,"column":5}},"type":"if","locations":[{"start":{"line":47,"column":4},"end":{"line":50,"column":5}},{"start":{},"end":{}}],"line":47},"4":{"loc":{"start":{"line":47,"column":8},"end":{"line":47,"column":50}},"type":"binary-expr","locations":[{"start":{"line":47,"column":8},"end":{"line":47,"column":26}},{"start":{"line":47,"column":30},"end":{"line":47,"column":50}}],"line":47},"5":{"loc":{"start":{"line":52,"column":4},"end":{"line":58,"column":5}},"type":"if","locations":[{"start":{"line":52,"column":4},"end":{"line":58,"column":5}},{"start":{"line":55,"column":11},"end":{"line":58,"column":5}}],"line":52},"6":{"loc":{"start":{"line":55,"column":11},"end":{"line":58,"column":5}},"type":"if","locations":[{"start":{"line":55,"column":11},"end":{"line":58,"column":5}},{"start":{},"end":{}}],"line":55},"7":{"loc":{"start":{"line":97,"column":19},"end":{"line":99,"column":20}},"type":"cond-expr","locations":[{"start":{"line":98,"column":9},"end":{"line":98,"column":72}},{"start":{"line":99,"column":8},"end":{"line":99,"column":20}}],"line":97},"8":{"loc":{"start":{"line":98,"column":9},"end":{"line":98,"column":72}},"type":"cond-expr","locations":[{"start":{"line":98,"column":42},"end":{"line":98,"column":57}},{"start":{"line":98,"column":60},"end":{"line":98,"column":72}}],"line":98},"9":{"loc":{"start":{"line":101,"column":4},"end":{"line":103,"column":5}},"type":"if","locations":[{"start":{"line":101,"column":4},"end":{"line":103,"column":5}},{"start":{},"end":{}}],"line":101},"10":{"loc":{"start":{"line":101,"column":8},"end":{"line":101,"column":38}},"type":"binary-expr","locations":[{"start":{"line":101,"column":8},"end":{"line":101,"column":15}},{"start":{"line":101,"column":19},"end":{"line":101,"column":38}}],"line":101},"11":{"loc":{"start":{"line":106,"column":4},"end":{"line":108,"column":5}},"type":"if","locations":[{"start":{"line":106,"column":4},"end":{"line":108,"column":5}},{"start":{},"end":{}}],"line":106},"12":{"loc":{"start":{"line":106,"column":8},"end":{"line":106,"column":71}},"type":"binary-expr","locations":[{"start":{"line":106,"column":8},"end":{"line":106,"column":30}},{"start":{"line":106,"column":34},"end":{"line":106,"column":71}}],"line":106},"13":{"loc":{"start":{"line":109,"column":4},"end":{"line":111,"column":5}},"type":"if","locations":[{"start":{"line":109,"column":4},"end":{"line":111,"column":5}},{"start":{},"end":{}}],"line":109},"14":{"loc":{"start":{"line":109,"column":8},"end":{"line":109,"column":63}},"type":"binary-expr","locations":[{"start":{"line":109,"column":8},"end":{"line":109,"column":30}},{"start":{"line":109,"column":34},"end":{"line":109,"column":63}}],"line":109},"15":{"loc":{"start":{"line":119,"column":18},"end":{"line":119,"column":80}},"type":"cond-expr","locations":[{"start":{"line":119,"column":43},"end":{"line":119,"column":73}},{"start":{"line":119,"column":76},"end":{"line":119,"column":80}}],"line":119},"16":{"loc":{"start":{"line":120,"column":19},"end":{"line":120,"column":83}},"type":"cond-expr","locations":[{"start":{"line":120,"column":45},"end":{"line":120,"column":76}},{"start":{"line":120,"column":79},"end":{"line":120,"column":83}}],"line":120},"17":{"loc":{"start":{"line":121,"column":18},"end":{"line":121,"column":80}},"type":"cond-expr","locations":[{"start":{"line":121,"column":43},"end":{"line":121,"column":73}},{"start":{"line":121,"column":76},"end":{"line":121,"column":80}}],"line":121},"18":{"loc":{"start":{"line":122,"column":13},"end":{"line":122,"column":38}},"type":"binary-expr","locations":[{"start":{"line":122,"column":13},"end":{"line":122,"column":30}},{"start":{"line":122,"column":34},"end":{"line":122,"column":38}}],"line":122},"19":{"loc":{"start":{"line":123,"column":12},"end":{"line":123,"column":36}},"type":"binary-expr","locations":[{"start":{"line":123,"column":12},"end":{"line":123,"column":28}},{"start":{"line":123,"column":32},"end":{"line":123,"column":36}}],"line":123},"20":{"loc":{"start":{"line":124,"column":21},"end":{"line":124,"column":54}},"type":"binary-expr","locations":[{"start":{"line":124,"column":21},"end":{"line":124,"column":46}},{"start":{"line":124,"column":50},"end":{"line":124,"column":54}}],"line":124},"21":{"loc":{"start":{"line":125,"column":20},"end":{"line":125,"column":94}},"type":"cond-expr","locations":[{"start":{"line":125,"column":55},"end":{"line":125,"column":87}},{"start":{"line":125,"column":90},"end":{"line":125,"column":94}}],"line":125},"22":{"loc":{"start":{"line":130,"column":4},"end":{"line":132,"column":5}},"type":"if","locations":[{"start":{"line":130,"column":4},"end":{"line":132,"column":5}},{"start":{},"end":{}}],"line":130},"23":{"loc":{"start":{"line":130,"column":8},"end":{"line":130,"column":54}},"type":"binary-expr","locations":[{"start":{"line":130,"column":8},"end":{"line":130,"column":19}},{"start":{"line":130,"column":23},"end":{"line":130,"column":35}},{"start":{"line":130,"column":39},"end":{"line":130,"column":45}},{"start":{"line":130,"column":49},"end":{"line":130,"column":54}}],"line":130},"24":{"loc":{"start":{"line":134,"column":4},"end":{"line":145,"column":5}},"type":"if","locations":[{"start":{"line":134,"column":4},"end":{"line":145,"column":5}},{"start":{},"end":{}}],"line":134},"25":{"loc":{"start":{"line":142,"column":6},"end":{"line":144,"column":7}},"type":"if","locations":[{"start":{"line":142,"column":6},"end":{"line":144,"column":7}},{"start":{},"end":{}}],"line":142},"26":{"loc":{"start":{"line":142,"column":10},"end":{"line":142,"column":74}},"type":"binary-expr","locations":[{"start":{"line":142,"column":10},"end":{"line":142,"column":34}},{"start":{"line":142,"column":38},"end":{"line":142,"column":74}}],"line":142},"27":{"loc":{"start":{"line":155,"column":24},"end":{"line":157,"column":27}},"type":"cond-expr","locations":[{"start":{"line":156,"column":8},"end":{"line":156,"column":28}},{"start":{"line":157,"column":8},"end":{"line":157,"column":27}}],"line":155},"28":{"loc":{"start":{"line":155,"column":24},"end":{"line":155,"column":83}},"type":"binary-expr","locations":[{"start":{"line":155,"column":24},"end":{"line":155,"column":44}},{"start":{"line":155,"column":48},"end":{"line":155,"column":83}}],"line":155},"29":{"loc":{"start":{"line":162,"column":4},"end":{"line":174,"column":5}},"type":"if","locations":[{"start":{"line":162,"column":4},"end":{"line":174,"column":5}},{"start":{},"end":{}}],"line":162},"30":{"loc":{"start":{"line":165,"column":28},"end":{"line":165,"column":156}},"type":"cond-expr","locations":[{"start":{"line":165,"column":66},"end":{"line":165,"column":150}},{"start":{"line":165,"column":154},"end":{"line":165,"column":156}}],"line":165},"31":{"loc":{"start":{"line":165,"column":66},"end":{"line":165,"column":150}},"type":"cond-expr","locations":[{"start":{"line":165,"column":106},"end":{"line":165,"column":128}},{"start":{"line":165,"column":131},"end":{"line":165,"column":150}}],"line":165},"32":{"loc":{"start":{"line":166,"column":6},"end":{"line":168,"column":7}},"type":"if","locations":[{"start":{"line":166,"column":6},"end":{"line":168,"column":7}},{"start":{},"end":{}}],"line":166},"33":{"loc":{"start":{"line":170,"column":6},"end":{"line":172,"column":7}},"type":"if","locations":[{"start":{"line":170,"column":6},"end":{"line":172,"column":7}},{"start":{},"end":{}}],"line":170},"34":{"loc":{"start":{"line":183,"column":22},"end":{"line":185,"column":20}},"type":"cond-expr","locations":[{"start":{"line":184,"column":9},"end":{"line":184,"column":75}},{"start":{"line":185,"column":8},"end":{"line":185,"column":20}}],"line":183},"35":{"loc":{"start":{"line":184,"column":9},"end":{"line":184,"column":75}},"type":"cond-expr","locations":[{"start":{"line":184,"column":42},"end":{"line":184,"column":57}},{"start":{"line":184,"column":60},"end":{"line":184,"column":75}}],"line":184},"36":{"loc":{"start":{"line":186,"column":21},"end":{"line":186,"column":80}},"type":"cond-expr","locations":[{"start":{"line":186,"column":55},"end":{"line":186,"column":73}},{"start":{"line":186,"column":76},"end":{"line":186,"column":80}}],"line":186},"37":{"loc":{"start":{"line":186,"column":21},"end":{"line":186,"column":52}},"type":"binary-expr","locations":[{"start":{"line":186,"column":21},"end":{"line":186,"column":30}},{"start":{"line":186,"column":34},"end":{"line":186,"column":52}}],"line":186},"38":{"loc":{"start":{"line":188,"column":4},"end":{"line":190,"column":5}},"type":"if","locations":[{"start":{"line":188,"column":4},"end":{"line":190,"column":5}},{"start":{},"end":{}}],"line":188},"39":{"loc":{"start":{"line":211,"column":60},"end":{"line":211,"column":76}},"type":"default-arg","locations":[{"start":{"line":211,"column":72},"end":{"line":211,"column":76}}],"line":211},"40":{"loc":{"start":{"line":214,"column":4},"end":{"line":217,"column":5}},"type":"if","locations":[{"start":{"line":214,"column":4},"end":{"line":217,"column":5}},{"start":{},"end":{}}],"line":214},"41":{"loc":{"start":{"line":215,"column":6},"end":{"line":216,"column":37}},"type":"if","locations":[{"start":{"line":215,"column":6},"end":{"line":216,"column":37}},{"start":{"line":216,"column":11},"end":{"line":216,"column":37}}],"line":215},"42":{"loc":{"start":{"line":218,"column":4},"end":{"line":220,"column":5}},"type":"if","locations":[{"start":{"line":218,"column":4},"end":{"line":220,"column":5}},{"start":{},"end":{}}],"line":218},"43":{"loc":{"start":{"line":224,"column":6},"end":{"line":226,"column":7}},"type":"if","locations":[{"start":{"line":224,"column":6},"end":{"line":226,"column":7}},{"start":{},"end":{}}],"line":224},"44":{"loc":{"start":{"line":240,"column":4},"end":{"line":246,"column":5}},"type":"if","locations":[{"start":{"line":240,"column":4},"end":{"line":246,"column":5}},{"start":{},"end":{}}],"line":240},"45":{"loc":{"start":{"line":243,"column":6},"end":{"line":245,"column":7}},"type":"if","locations":[{"start":{"line":243,"column":6},"end":{"line":245,"column":7}},{"start":{},"end":{}}],"line":243},"46":{"loc":{"start":{"line":248,"column":4},"end":{"line":251,"column":5}},"type":"if","locations":[{"start":{"line":248,"column":4},"end":{"line":251,"column":5}},{"start":{},"end":{}}],"line":248},"47":{"loc":{"start":{"line":253,"column":4},"end":{"line":256,"column":5}},"type":"if","locations":[{"start":{"line":253,"column":4},"end":{"line":256,"column":5}},{"start":{},"end":{}}],"line":253},"48":{"loc":{"start":{"line":258,"column":4},"end":{"line":276,"column":5}},"type":"if","locations":[{"start":{"line":258,"column":4},"end":{"line":276,"column":5}},{"start":{},"end":{}}],"line":258},"49":{"loc":{"start":{"line":258,"column":8},"end":{"line":258,"column":21}},"type":"binary-expr","locations":[{"start":{"line":258,"column":8},"end":{"line":258,"column":13}},{"start":{"line":258,"column":17},"end":{"line":258,"column":21}}],"line":258},"50":{"loc":{"start":{"line":259,"column":23},"end":{"line":259,"column":53}},"type":"binary-expr","locations":[{"start":{"line":259,"column":23},"end":{"line":259,"column":28}},{"start":{"line":259,"column":32},"end":{"line":259,"column":53}}],"line":259},"51":{"loc":{"start":{"line":260,"column":22},"end":{"line":260,"column":50}},"type":"binary-expr","locations":[{"start":{"line":260,"column":22},"end":{"line":260,"column":26}},{"start":{"line":260,"column":30},"end":{"line":260,"column":50}}],"line":260},"52":{"loc":{"start":{"line":268,"column":6},"end":{"line":270,"column":7}},"type":"if","locations":[{"start":{"line":268,"column":6},"end":{"line":270,"column":7}},{"start":{},"end":{}}],"line":268},"53":{"loc":{"start":{"line":278,"column":4},"end":{"line":280,"column":5}},"type":"if","locations":[{"start":{"line":278,"column":4},"end":{"line":280,"column":5}},{"start":{},"end":{}}],"line":278},"54":{"loc":{"start":{"line":282,"column":4},"end":{"line":284,"column":5}},"type":"if","locations":[{"start":{"line":282,"column":4},"end":{"line":284,"column":5}},{"start":{},"end":{}}],"line":282},"55":{"loc":{"start":{"line":295,"column":4},"end":{"line":297,"column":5}},"type":"if","locations":[{"start":{"line":295,"column":4},"end":{"line":297,"column":5}},{"start":{},"end":{}}],"line":295},"56":{"loc":{"start":{"line":298,"column":4},"end":{"line":304,"column":5}},"type":"if","locations":[{"start":{"line":298,"column":4},"end":{"line":304,"column":5}},{"start":{},"end":{}}],"line":298},"57":{"loc":{"start":{"line":298,"column":8},"end":{"line":298,"column":91}},"type":"binary-expr","locations":[{"start":{"line":298,"column":8},"end":{"line":298,"column":33}},{"start":{"line":298,"column":37},"end":{"line":298,"column":91}}],"line":298},"58":{"loc":{"start":{"line":300,"column":6},"end":{"line":302,"column":7}},"type":"if","locations":[{"start":{"line":300,"column":6},"end":{"line":302,"column":7}},{"start":{},"end":{}}],"line":300},"59":{"loc":{"start":{"line":306,"column":4},"end":{"line":308,"column":5}},"type":"if","locations":[{"start":{"line":306,"column":4},"end":{"line":308,"column":5}},{"start":{},"end":{}}],"line":306},"60":{"loc":{"start":{"line":313,"column":4},"end":{"line":315,"column":5}},"type":"if","locations":[{"start":{"line":313,"column":4},"end":{"line":315,"column":5}},{"start":{},"end":{}}],"line":313},"61":{"loc":{"start":{"line":316,"column":4},"end":{"line":318,"column":5}},"type":"if","locations":[{"start":{"line":316,"column":4},"end":{"line":318,"column":5}},{"start":{},"end":{}}],"line":316},"62":{"loc":{"start":{"line":319,"column":23},"end":{"line":319,"column":82}},"type":"cond-expr","locations":[{"start":{"line":319,"column":51},"end":{"line":319,"column":74}},{"start":{"line":319,"column":77},"end":{"line":319,"column":82}}],"line":319},"63":{"loc":{"start":{"line":320,"column":22},"end":{"line":320,"column":78}},"type":"cond-expr","locations":[{"start":{"line":320,"column":49},"end":{"line":320,"column":59}},{"start":{"line":320,"column":62},"end":{"line":320,"column":78}}],"line":320},"64":{"loc":{"start":{"line":325,"column":4},"end":{"line":327,"column":5}},"type":"if","locations":[{"start":{"line":325,"column":4},"end":{"line":327,"column":5}},{"start":{},"end":{}}],"line":325},"65":{"loc":{"start":{"line":325,"column":8},"end":{"line":325,"column":23}},"type":"binary-expr","locations":[{"start":{"line":325,"column":8},"end":{"line":325,"column":14}},{"start":{"line":325,"column":18},"end":{"line":325,"column":23}}],"line":325},"66":{"loc":{"start":{"line":330,"column":4},"end":{"line":332,"column":5}},"type":"if","locations":[{"start":{"line":330,"column":4},"end":{"line":332,"column":5}},{"start":{},"end":{}}],"line":330},"67":{"loc":{"start":{"line":342,"column":4},"end":{"line":344,"column":5}},"type":"if","locations":[{"start":{"line":342,"column":4},"end":{"line":344,"column":5}},{"start":{},"end":{}}],"line":342},"68":{"loc":{"start":{"line":343,"column":18},"end":{"line":343,"column":90}},"type":"cond-expr","locations":[{"start":{"line":343,"column":54},"end":{"line":343,"column":72}},{"start":{"line":343,"column":75},"end":{"line":343,"column":90}}],"line":343},"69":{"loc":{"start":{"line":346,"column":4},"end":{"line":348,"column":5}},"type":"if","locations":[{"start":{"line":346,"column":4},"end":{"line":348,"column":5}},{"start":{},"end":{}}],"line":346},"70":{"loc":{"start":{"line":355,"column":4},"end":{"line":357,"column":5}},"type":"if","locations":[{"start":{"line":355,"column":4},"end":{"line":357,"column":5}},{"start":{},"end":{}}],"line":355},"71":{"loc":{"start":{"line":356,"column":17},"end":{"line":356,"column":86}},"type":"cond-expr","locations":[{"start":{"line":356,"column":52},"end":{"line":356,"column":69}},{"start":{"line":356,"column":72},"end":{"line":356,"column":86}}],"line":356},"72":{"loc":{"start":{"line":359,"column":4},"end":{"line":361,"column":5}},"type":"if","locations":[{"start":{"line":359,"column":4},"end":{"line":361,"column":5}},{"start":{},"end":{}}],"line":359},"73":{"loc":{"start":{"line":368,"column":4},"end":{"line":370,"column":5}},"type":"if","locations":[{"start":{"line":368,"column":4},"end":{"line":370,"column":5}},{"start":{},"end":{}}],"line":368},"74":{"loc":{"start":{"line":368,"column":8},"end":{"line":368,"column":53}},"type":"binary-expr","locations":[{"start":{"line":368,"column":8},"end":{"line":368,"column":33}},{"start":{"line":368,"column":37},"end":{"line":368,"column":53}}],"line":368},"75":{"loc":{"start":{"line":372,"column":37},"end":{"line":372,"column":55}},"type":"binary-expr","locations":[{"start":{"line":372,"column":37},"end":{"line":372,"column":49}},{"start":{"line":372,"column":53},"end":{"line":372,"column":55}}],"line":372},"76":{"loc":{"start":{"line":373,"column":4},"end":{"line":375,"column":5}},"type":"if","locations":[{"start":{"line":373,"column":4},"end":{"line":375,"column":5}},{"start":{},"end":{}}],"line":373},"77":{"loc":{"start":{"line":377,"column":37},"end":{"line":377,"column":57}},"type":"binary-expr","locations":[{"start":{"line":377,"column":37},"end":{"line":377,"column":52}},{"start":{"line":377,"column":56},"end":{"line":377,"column":57}}],"line":377},"78":{"loc":{"start":{"line":378,"column":4},"end":{"line":387,"column":5}},"type":"if","locations":[{"start":{"line":378,"column":4},"end":{"line":387,"column":5}},{"start":{},"end":{}}],"line":378},"79":{"loc":{"start":{"line":383,"column":22},"end":{"line":383,"column":126}},"type":"cond-expr","locations":[{"start":{"line":383,"column":54},"end":{"line":383,"column":120}},{"start":{"line":383,"column":124},"end":{"line":383,"column":126}}],"line":383},"80":{"loc":{"start":{"line":383,"column":54},"end":{"line":383,"column":120}},"type":"cond-expr","locations":[{"start":{"line":383,"column":88},"end":{"line":383,"column":104}},{"start":{"line":383,"column":107},"end":{"line":383,"column":120}}],"line":383},"81":{"loc":{"start":{"line":384,"column":6},"end":{"line":386,"column":7}},"type":"if","locations":[{"start":{"line":384,"column":6},"end":{"line":386,"column":7}},{"start":{},"end":{}}],"line":384},"82":{"loc":{"start":{"line":385,"column":38},"end":{"line":385,"column":70}},"type":"binary-expr","locations":[{"start":{"line":385,"column":38},"end":{"line":385,"column":65}},{"start":{"line":385,"column":69},"end":{"line":385,"column":70}}],"line":385},"83":{"loc":{"start":{"line":390,"column":26},"end":{"line":390,"column":43}},"type":"binary-expr","locations":[{"start":{"line":390,"column":26},"end":{"line":390,"column":38}},{"start":{"line":390,"column":42},"end":{"line":390,"column":43}}],"line":390},"84":{"loc":{"start":{"line":391,"column":32},"end":{"line":391,"column":56}},"type":"binary-expr","locations":[{"start":{"line":391,"column":32},"end":{"line":391,"column":51}},{"start":{"line":391,"column":55},"end":{"line":391,"column":56}}],"line":391},"85":{"loc":{"start":{"line":392,"column":28},"end":{"line":392,"column":45}},"type":"binary-expr","locations":[{"start":{"line":392,"column":28},"end":{"line":392,"column":40}},{"start":{"line":392,"column":44},"end":{"line":392,"column":45}}],"line":392},"86":{"loc":{"start":{"line":392,"column":56},"end":{"line":392,"column":80}},"type":"binary-expr","locations":[{"start":{"line":392,"column":56},"end":{"line":392,"column":75}},{"start":{"line":392,"column":79},"end":{"line":392,"column":80}}],"line":392},"87":{"loc":{"start":{"line":393,"column":25},"end":{"line":393,"column":41}},"type":"binary-expr","locations":[{"start":{"line":393,"column":25},"end":{"line":393,"column":36}},{"start":{"line":393,"column":40},"end":{"line":393,"column":41}}],"line":393},"88":{"loc":{"start":{"line":399,"column":4},"end":{"line":401,"column":5}},"type":"if","locations":[{"start":{"line":399,"column":4},"end":{"line":401,"column":5}},{"start":{},"end":{}}],"line":399},"89":{"loc":{"start":{"line":403,"column":4},"end":{"line":409,"column":5}},"type":"if","locations":[{"start":{"line":403,"column":4},"end":{"line":409,"column":5}},{"start":{},"end":{}}],"line":403},"90":{"loc":{"start":{"line":415,"column":13},"end":{"line":415,"column":45}},"type":"binary-expr","locations":[{"start":{"line":415,"column":13},"end":{"line":415,"column":27}},{"start":{"line":415,"column":31},"end":{"line":415,"column":45}}],"line":415},"91":{"loc":{"start":{"line":419,"column":4},"end":{"line":421,"column":5}},"type":"if","locations":[{"start":{"line":419,"column":4},"end":{"line":421,"column":5}},{"start":{},"end":{}}],"line":419},"92":{"loc":{"start":{"line":427,"column":4},"end":{"line":429,"column":5}},"type":"if","locations":[{"start":{"line":427,"column":4},"end":{"line":429,"column":5}},{"start":{},"end":{}}],"line":427},"93":{"loc":{"start":{"line":427,"column":8},"end":{"line":427,"column":48}},"type":"binary-expr","locations":[{"start":{"line":427,"column":8},"end":{"line":427,"column":18}},{"start":{"line":427,"column":22},"end":{"line":427,"column":48}}],"line":427},"94":{"loc":{"start":{"line":431,"column":4},"end":{"line":433,"column":5}},"type":"if","locations":[{"start":{"line":431,"column":4},"end":{"line":433,"column":5}},{"start":{},"end":{}}],"line":431},"95":{"loc":{"start":{"line":431,"column":8},"end":{"line":431,"column":43}},"type":"binary-expr","locations":[{"start":{"line":431,"column":8},"end":{"line":431,"column":25}},{"start":{"line":431,"column":29},"end":{"line":431,"column":43}}],"line":431},"96":{"loc":{"start":{"line":435,"column":4},"end":{"line":437,"column":5}},"type":"if","locations":[{"start":{"line":435,"column":4},"end":{"line":437,"column":5}},{"start":{},"end":{}}],"line":435},"97":{"loc":{"start":{"line":446,"column":11},"end":{"line":446,"column":65}},"type":"binary-expr","locations":[{"start":{"line":446,"column":11},"end":{"line":446,"column":38}},{"start":{"line":446,"column":42},"end":{"line":446,"column":65}}],"line":446},"98":{"loc":{"start":{"line":456,"column":21},"end":{"line":456,"column":96}},"type":"cond-expr","locations":[{"start":{"line":456,"column":74},"end":{"line":456,"column":91}},{"start":{"line":456,"column":94},"end":{"line":456,"column":96}}],"line":456},"99":{"loc":{"start":{"line":456,"column":21},"end":{"line":456,"column":71}},"type":"binary-expr","locations":[{"start":{"line":456,"column":21},"end":{"line":456,"column":50}},{"start":{"line":456,"column":54},"end":{"line":456,"column":71}}],"line":456},"100":{"loc":{"start":{"line":460,"column":80},"end":{"line":460,"column":96}},"type":"default-arg","locations":[{"start":{"line":460,"column":92},"end":{"line":460,"column":96}}],"line":460},"101":{"loc":{"start":{"line":463,"column":4},"end":{"line":465,"column":5}},"type":"if","locations":[{"start":{"line":463,"column":4},"end":{"line":465,"column":5}},{"start":{},"end":{}}],"line":463},"102":{"loc":{"start":{"line":463,"column":8},"end":{"line":463,"column":33}},"type":"binary-expr","locations":[{"start":{"line":463,"column":8},"end":{"line":463,"column":20}},{"start":{"line":463,"column":24},"end":{"line":463,"column":33}}],"line":463},"103":{"loc":{"start":{"line":471,"column":24},"end":{"line":471,"column":108}},"type":"cond-expr","locations":[{"start":{"line":471,"column":83},"end":{"line":471,"column":103}},{"start":{"line":471,"column":106},"end":{"line":471,"column":108}}],"line":471},"104":{"loc":{"start":{"line":471,"column":24},"end":{"line":471,"column":80}},"type":"binary-expr","locations":[{"start":{"line":471,"column":24},"end":{"line":471,"column":56}},{"start":{"line":471,"column":60},"end":{"line":471,"column":80}}],"line":471},"105":{"loc":{"start":{"line":473,"column":4},"end":{"line":475,"column":5}},"type":"if","locations":[{"start":{"line":473,"column":4},"end":{"line":475,"column":5}},{"start":{},"end":{}}],"line":473},"106":{"loc":{"start":{"line":478,"column":59},"end":{"line":478,"column":120}},"type":"cond-expr","locations":[{"start":{"line":478,"column":76},"end":{"line":478,"column":113}},{"start":{"line":478,"column":116},"end":{"line":478,"column":120}}],"line":478},"107":{"loc":{"start":{"line":479,"column":4},"end":{"line":481,"column":5}},"type":"if","locations":[{"start":{"line":479,"column":4},"end":{"line":481,"column":5}},{"start":{},"end":{}}],"line":479},"108":{"loc":{"start":{"line":479,"column":8},"end":{"line":479,"column":97}},"type":"binary-expr","locations":[{"start":{"line":479,"column":8},"end":{"line":479,"column":22}},{"start":{"line":479,"column":26},"end":{"line":479,"column":97}}],"line":479},"109":{"loc":{"start":{"line":483,"column":4},"end":{"line":485,"column":5}},"type":"if","locations":[{"start":{"line":483,"column":4},"end":{"line":485,"column":5}},{"start":{},"end":{}}],"line":483},"110":{"loc":{"start":{"line":494,"column":4},"end":{"line":497,"column":5}},"type":"if","locations":[{"start":{"line":494,"column":4},"end":{"line":497,"column":5}},{"start":{},"end":{}}],"line":494},"111":{"loc":{"start":{"line":500,"column":21},"end":{"line":500,"column":96}},"type":"cond-expr","locations":[{"start":{"line":500,"column":74},"end":{"line":500,"column":91}},{"start":{"line":500,"column":94},"end":{"line":500,"column":96}}],"line":500},"112":{"loc":{"start":{"line":500,"column":21},"end":{"line":500,"column":71}},"type":"binary-expr","locations":[{"start":{"line":500,"column":21},"end":{"line":500,"column":50}},{"start":{"line":500,"column":54},"end":{"line":500,"column":71}}],"line":500},"113":{"loc":{"start":{"line":504,"column":57},"end":{"line":504,"column":73}},"type":"default-arg","locations":[{"start":{"line":504,"column":69},"end":{"line":504,"column":73}}],"line":504},"114":{"loc":{"start":{"line":504,"column":75},"end":{"line":504,"column":91}},"type":"default-arg","locations":[{"start":{"line":504,"column":87},"end":{"line":504,"column":91}}],"line":504},"115":{"loc":{"start":{"line":507,"column":4},"end":{"line":509,"column":5}},"type":"if","locations":[{"start":{"line":507,"column":4},"end":{"line":509,"column":5}},{"start":{},"end":{}}],"line":507},"116":{"loc":{"start":{"line":507,"column":8},"end":{"line":507,"column":33}},"type":"binary-expr","locations":[{"start":{"line":507,"column":8},"end":{"line":507,"column":20}},{"start":{"line":507,"column":24},"end":{"line":507,"column":33}}],"line":507},"117":{"loc":{"start":{"line":511,"column":4},"end":{"line":513,"column":5}},"type":"if","locations":[{"start":{"line":511,"column":4},"end":{"line":513,"column":5}},{"start":{},"end":{}}],"line":511},"118":{"loc":{"start":{"line":517,"column":4},"end":{"line":519,"column":5}},"type":"if","locations":[{"start":{"line":517,"column":4},"end":{"line":519,"column":5}},{"start":{},"end":{}}],"line":517},"119":{"loc":{"start":{"line":518,"column":17},"end":{"line":518,"column":86}},"type":"cond-expr","locations":[{"start":{"line":518,"column":52},"end":{"line":518,"column":69}},{"start":{"line":518,"column":72},"end":{"line":518,"column":86}}],"line":518},"120":{"loc":{"start":{"line":521,"column":6},"end":{"line":523,"column":7}},"type":"if","locations":[{"start":{"line":521,"column":6},"end":{"line":523,"column":7}},{"start":{},"end":{}}],"line":521},"121":{"loc":{"start":{"line":529,"column":50},"end":{"line":529,"column":66}},"type":"default-arg","locations":[{"start":{"line":529,"column":62},"end":{"line":529,"column":66}}],"line":529},"122":{"loc":{"start":{"line":529,"column":68},"end":{"line":529,"column":84}},"type":"default-arg","locations":[{"start":{"line":529,"column":80},"end":{"line":529,"column":84}}],"line":529},"123":{"loc":{"start":{"line":530,"column":4},"end":{"line":532,"column":5}},"type":"if","locations":[{"start":{"line":530,"column":4},"end":{"line":532,"column":5}},{"start":{},"end":{}}],"line":530},"124":{"loc":{"start":{"line":530,"column":8},"end":{"line":530,"column":29}},"type":"binary-expr","locations":[{"start":{"line":530,"column":8},"end":{"line":530,"column":14}},{"start":{"line":530,"column":18},"end":{"line":530,"column":29}}],"line":530},"125":{"loc":{"start":{"line":538,"column":22},"end":{"line":538,"column":100}},"type":"cond-expr","locations":[{"start":{"line":538,"column":77},"end":{"line":538,"column":95}},{"start":{"line":538,"column":98},"end":{"line":538,"column":100}}],"line":538},"126":{"loc":{"start":{"line":538,"column":22},"end":{"line":538,"column":74}},"typ
[...]
line":730},"88":{"loc":{"start":{"line":753,"column":4},"end":{"line":755,"column":5}},"type":"if","locations":[{"start":{"line":753,"column":4},"end":{"line":755,"column":5}},{"start":{},"end":{}}],"line":753},"89":{"loc":{"start":{"line":784,"column":4},"end":{"line":786,"column":5}},"type":"if","locations":[{"start":{"line":784,"column":4},"end":{"line":786,"column":5}},{"start":{},"end":{}}],"line":784}},"s":{"0":1,"1":1,"2":1,"3":1,"4":1,"5":1,"6":1,"7":1,"8":2,"9":0,"10":2,"11":0,"12":2,"13":0,"14":0,"15":0,"16":0,"17":0,"18":0,"19":0,"20":2,"21":2,"22":0,"23":2,"24":0,"25":2,"26":2,"27":0,"28":0,"29":0,"30":0,"31":2,"32":2,"33":1,"34":1,"35":1,"36":1,"37":1,"38":1,"39":1,"40":1,"41":0,"42":0,"43":0,"44":0,"45":0,"46":0,"47":0,"48":0,"49":0,"50":0,"51":0,"52":0,"53":0,"54":0,"55":0,"56":0,"57":0,"58":0,"59":0,"60":0,"61":0,"62":0,"63":0,"64":0,"65":0,"66":4,"67":0,"68":4,"69":4,"70":0,"71":0,"72":4,"73":4,"74":0,"75":4,"76":0,"77":4,"78":1,"79":1,"80":1,"81":1,"82":0,"83":3,"84":3,"85":1,"86":1,"87":1,"88":1,"89":0,"90":0,"91":0,"92":1,"93":1,"94":1,"95":2,"96":1,"97":1,"98":2,"99":2,"100":0,"101":2,"102":2,"103":0,"104":2,"105":2,"106":1,"107":1,"108":2,"109":2,"110":2,"111":2,"112":2,"113":2,"114":0,"115":0,"116":0,"117":0,"118":0,"119":0,"120":0,"121":0,"122":0,"123":0,"124":0,"125":0,"126":0,"127":0,"128":0,"129":0,"130":0,"131":0,"132":0,"133":0,"134":0,"135":0,"136":0,"137":0,"138":0,"139":0,"140":0,"141":0,"142":0,"143":0,"144":0,"145":0,"146":0,"147":0,"148":0,"149":0,"150":0,"151":0,"152":0,"153":0,"154":0,"155":0,"156":0,"157":0,"158":0,"159":0,"160":0,"161":0,"162":0,"163":0,"164":0,"165":0,"166":0,"167":0,"168":0,"169":0,"170":0,"171":0,"172":0,"173":0,"174":0,"175":0,"176":0,"177":0,"178":0,"179":0,"180":0,"181":0,"182":0,"183":0,"184":0,"185":0,"186":0,"187":2,"188":2,"189":0,"190":2,"191":2,"192":2,"193":1,"194":1,"195":1,"196":0,"197":0,"198":0,"199":0,"200":1,"201":1,"202":1,"203":1,"204":1,"205":1,"206":0,"207":0,"208":0,"209":0,"210":0,"211":0,"212":0,"213":0,"214":0,"215":0,"216":0,"217":6,"218":6,"219":6,"220":6,"221":6,"222":6,"223":0,"224":0,"225":0,"226":0,"227":0,"228":0,"229":0,"230":0,"231":0,"232":0,"233":0,"234":0,"235":0,"236":0,"237":0,"238":0,"239":0,"240":0,"241":0,"242":0,"243":0,"244":0,"245":0,"246":0,"247":0,"248":0,"249":0,"250":0,"251":0,"252":0,"253":0,"254":0,"255":0,"256":0,"257":0,"258":0,"259":0,"260":0,"261":0,"262":0,"263":0,"264":0,"265":0,"266":1,"267":1,"268":1},"f":{"0":2,"1":0,"2":0,"3":0,"4":2,"5":0,"6":4,"7":2,"8":2,"9":0,"10":0,"11":0,"12":0,"13":0,"14":0,"15":0,"16":0,"17":2,"18":1,"19":0,"20":0,"21":6,"22":0,"23":0,"24":0,"25":0,"26":0,"27":0,"28":0,"29":0,"30":0},"b":{"0":[0,2],"1":[2,2],"2":[0,2],"3":[0,0],"4":[0,0],"5":[0,0],"6":[2],"7":[0,2],"8":[0,2],"9":[0,2],"10":[1,1],"11":[1,1],"12":[1,1],"13":[1,1],"14":[1,1],"15":[0],"16":[0,0],"17":[0,0,0,0],"18":[0,0],"19":[0,0],"20":[0,0],"21":[0,0],"22":[0,0],"23":[0,0],"24":[0,0],"25":[0,0],"26":[0,0],"27":[0,0,0],"28":[0,0],"29":[0,0],"30":[0,0],"31":[0,0],"32":[0,0],"33":[0,0],"34":[0,0],"35":[0,0],"36":[0,0],"37":[0,4],"38":[4,4],"39":[0,4],"40":[0,4],"41":[0,4],"42":[4,0,0],"43":[1,3],"44":[1,0],"45":[1,2],"46":[1,1],"47":[0,1],"48":[1,1],"49":[0,2],"50":[0,2],"51":[1,1],"52":[2,2],"53":[2,2],"54":[0,0],"55":[0,0],"56":[0,0],"57":[0,0],"58":[0,0],"59":[0,0],"60":[0,0],"61":[0,0],"62":[0,0],"63":[0,0],"64":[0,0],"65":[0,0],"66":[0,0],"67":[0,0],"68":[0,0],"69":[0,0],"70":[0,2],"71":[1,1],"72":[0,1],"73":[0,0],"74":[0,0,0],"75":[6,3],"76":[6,3],"77":[0,6],"78":[6,0],"79":[6,3],"80":[0,0],"81":[0,0],"82":[0,0],"83":[0,0],"84":[0,0],"85":[0,0],"86":[0,0],"87":[0,0],"88":[0,0],"89":[0,0]},"_coverageSchema":"1a1c01bbd47fc00a2c39e90264f33305004495a9","hash":"5f7c0f9dcb32123458d39360ee25e4c75abedd6c"}
,"C:\\xampp\\htdocs\\Pet_Spa_Sist\\backend\\src\\services\\fichaGroomingService.js": {"path":"C:\\xampp\\htdocs\\Pet_Spa_Sist\\backend\\src\\services\\fichaGroomingService.js","statementMap":{"0":{"start":{"line":1,"column":13},"end":{"line":1,"column":42}},"1":{"start":{"line":2,"column":20},"end":{"line":2,"column":44}},"2":{"start":{"line":3,"column":27},"end":{"line":3,"column":70}},"3":{"start":{"line":7,"column":16},"end":{"line":39,"column":5}},"4":{"start":{"line":41,"column":19},"end":{"line":41,"column":21}},"5":{"start":{"line":43,"column":4},"end":{"line":46,"column":5}},"6":{"start":{"line":44,"column":6},"end":{"line":44,"column":46}},"7":{"start":{"line":45,"column":6},"end":{"line":45,"column":33}},"8":{"start":{"line":48,"column":4},"end":{"line":52,"column":5}},"9":{"start":{"line":50,"column":6},"end":{"line":50,"column":44}},"10":{"start":{"line":51,"column":6},"end":{"line":51,"column":34}},"11":{"start":{"line":54,"column":4},"end":{"line":54,"column":44}},"12":{"start":{"line":56,"column":21},"end":{"line":56,"column":54}},"13":{"start":{"line":57,"column":4},"end":{"line":57,"column":18}},"14":{"start":{"line":61,"column":21},"end":{"line":94,"column":5}},"15":{"start":{"line":96,"column":4},"end":{"line":98,"column":5}},"16":{"start":{"line":97,"column":6},"end":{"line":97,"column":45}},"17":{"start":{"line":100,"column":22},"end":{"line":106,"column":5}},"18":{"start":{"line":108,"column":24},"end":{"line":111,"column":5}},"19":{"start":{"line":113,"column":20},"end":{"line":116,"column":5}},"20":{"start":{"line":118,"column":18},"end":{"line":118,"column":27}},"21":{"start":{"line":119,"column":4},"end":{"line":119,"column":28}},"22":{"start":{"line":120,"column":4},"end":{"line":120,"column":111}},"23":{"start":{"line":120,"column":58},"end":{"line":120,"column":106}},"24":{"start":{"line":121,"column":4},"end":{"line":121,"column":32}},"25":{"start":{"line":122,"column":4},"end":{"line":122,"column":70}},"26":{"start":{"line":122,"column":47},"end":{"line":122,"column":68}},"27":{"start":{"line":123,"column":4},"end":{"line":123,"column":74}},"28":{"start":{"line":123,"column":49},"end":{"line":123,"column":72}},"29":{"start":{"line":125,"column":4},"end":{"line":129,"column":5}},"30":{"start":{"line":126,"column":6},"end":{"line":126,"column":92}},"31":{"start":{"line":128,"column":6},"end":{"line":128,"column":58}},"32":{"start":{"line":131,"column":4},"end":{"line":131,"column":17}},"33":{"start":{"line":143,"column":8},"end":{"line":143,"column":17}},"34":{"start":{"line":145,"column":4},"end":{"line":147,"column":5}},"35":{"start":{"line":146,"column":6},"end":{"line":146,"column":68}},"36":{"start":{"line":149,"column":23},"end":{"line":149,"column":98}},"37":{"start":{"line":150,"column":4},"end":{"line":152,"column":5}},"38":{"start":{"line":151,"column":6},"end":{"line":151,"column":47}},"39":{"start":{"line":154,"column":25},"end":{"line":157,"column":5}},"40":{"start":{"line":159,"column":4},"end":{"line":161,"column":5}},"41":{"start":{"line":160,"column":6},"end":{"line":160,"column":63}},"42":{"start":{"line":163,"column":21},"end":{"line":175,"column":5}},"43":{"start":{"line":177,"column":4},"end":{"line":177,"column":56}},"44":{"start":{"line":179,"column":4},"end":{"line":182,"column":6}},"45":{"start":{"line":184,"column":4},"end":{"line":184,"column":98}},"46":{"start":{"line":185,"column":4},"end":{"line":185,"column":41}},"47":{"start":{"line":189,"column":21},"end":{"line":191,"column":5}},"48":{"start":{"line":190,"column":6},"end":{"line":190,"column":76}},"49":{"start":{"line":192,"column":4},"end":{"line":192,"column":32}},"50":{"start":{"line":196,"column":38},"end":{"line":196,"column":48}},"51":{"start":{"line":198,"column":21},"end":{"line":201,"column":5}},"52":{"start":{"line":203,"column":4},"end":{"line":205,"column":5}},"53":{"start":{"line":204,"column":6},"end":{"line":204,"column":45}},"54":{"start":{"line":207,"column":24},"end":{"line":210,"column":5}},"55":{"start":{"line":212,"column":4},"end":{"line":214,"column":5}},"56":{"start":{"line":213,"column":6},"end":{"line":213,"column":48}},"57":{"start":{"line":216,"column":4},"end":{"line":218,"column":5}},"58":{"start":{"line":217,"column":6},"end":{"line":217,"column":44}},"59":{"start":{"line":220,"column":4},"end":{"line":223,"column":6}},"60":{"start":{"line":225,"column":4},"end":{"line":228,"column":6}},"61":{"start":{"line":231,"column":4},"end":{"line":234,"column":6}},"62":{"start":{"line":236,"column":4},"end":{"line":236,"column":93}},"63":{"start":{"line":237,"column":4},"end":{"line":237,"column":56}},"64":{"start":{"line":247,"column":8},"end":{"line":247,"column":17}},"65":{"start":{"line":249,"column":31},"end":{"line":251,"column":30}},"66":{"start":{"line":253,"column":4},"end":{"line":264,"column":6}},"67":{"start":{"line":266,"column":4},"end":{"line":269,"column":7}},"68":{"start":{"line":271,"column":4},"end":{"line":271,"column":33}},"69":{"start":{"line":275,"column":21},"end":{"line":278,"column":5}},"70":{"start":{"line":280,"column":4},"end":{"line":282,"column":5}},"71":{"start":{"line":281,"column":6},"end":{"line":281,"column":45}},"72":{"start":{"line":284,"column":26},"end":{"line":284,"column":35}},"73":{"start":{"line":287,"column":4},"end":{"line":289,"column":5}},"74":{"start":{"line":288,"column":6},"end":{"line":288,"column":58}},"75":{"start":{"line":292,"column":4},"end":{"line":295,"column":6}},"76":{"start":{"line":298,"column":4},"end":{"line":301,"column":6}},"77":{"start":{"line":303,"column":25},"end":{"line":303,"column":52}},"78":{"start":{"line":304,"column":4},"end":{"line":308,"column":7}},"79":{"start":{"line":311,"column":4},"end":{"line":311,"column":36}},"80":{"start":{"line":312,"column":4},"end":{"line":312,"column":24}},"81":{"start":{"line":316,"column":20},"end":{"line":326,"column":5}},"82":{"start":{"line":328,"column":4},"end":{"line":328,"column":20}},"83":{"start":{"line":332,"column":37},"end":{"line":332,"column":63}},"84":{"start":{"line":333,"column":0},"end":{"line":333,"column":46}},"85":{"start":{"line":334,"column":0},"end":{"line":334,"column":54}}},"fnMap":{"0":{"name":"(anonymous_0)","decl":{"start":{"line":6,"column":2},"end":{"line":6,"column":3}},"loc":{"start":{"line":6,"column":29},"end":{"line":58,"column":3}},"line":6},"1":{"name":"(anonymous_1)","decl":{"start":{"line":60,"column":2},"end":{"line":60,"column":3}},"loc":{"start":{"line":60,"column":20},"end":{"line":132,"column":3}},"line":60},"2":{"name":"(anonymous_2)","decl":{"start":{"line":120,"column":41},"end":{"line":120,"column":42}},"loc":{"start":{"line":120,"column":58},"end":{"line":120,"column":106}},"line":120},"3":{"name":"(anonymous_3)","decl":{"start":{"line":122,"column":37},"end":{"line":122,"column":38}},"loc":{"start":{"line":122,"column":47},"end":{"line":122,"column":68}},"line":122},"4":{"name":"(anonymous_4)","decl":{"start":{"line":123,"column":39},"end":{"line":123,"column":40}},"loc":{"start":{"line":123,"column":49},"end":{"line":123,"column":72}},"line":123},"5":{"name":"(anonymous_5)","decl":{"start":{"line":134,"column":2},"end":{"line":134,"column":3}},"loc":{"start":{"line":134,"column":34},"end":{"line":186,"column":3}},"line":134},"6":{"name":"(anonymous_6)","decl":{"start":{"line":188,"column":2},"end":{"line":188,"column":3}},"loc":{"start":{"line":188,"column":41},"end":{"line":193,"column":3}},"line":188},"7":{"name":"(anonymous_7)","decl":{"start":{"line":189,"column":69},"end":{"line":189,"column":70}},"loc":{"start":{"line":190,"column":6},"end":{"line":190,"column":76}},"line":190},"8":{"name":"(anonymous_8)","decl":{"start":{"line":195,"column":2},"end":{"line":195,"column":3}},"loc":{"start":{"line":195,"column":47},"end":{"line":238,"column":3}},"line":195},"9":{"name":"(anonymous_9)","decl":{"start":{"line":240,"column":2},"end":{"line":240,"column":3}},"loc":{"start":{"line":240,"column":43},"end":{"line":272,"column":3}},"line":240},"10":{"name":"(anonymous_10)","decl":{"start":{"line":274,"column":2},"end":{"line":274,"column":3}},"loc":{"start":{"line":274,"column":31},"end":{"line":313,"column":3}},"line":274},"11":{"name":"(anonymous_11)","decl":{"start":{"line":315,"column":2},"end":{"line":315,"column":3}},"loc":{"start":{"line":315,"column":47},"end":{"line":329,"column":3}},"line":315}},"branchMap":{"0":{"loc":{"start":{"line":6,"column":15},"end":{"line":6,"column":27}},"type":"default-arg","locations":[{"start":{"line":6,"column":25},"end":{"line":6,"column":27}}],"line":6},"1":{"loc":{"start":{"line":43,"column":4},"end":{"line":46,"column":5}},"type":"if","locations":[{"start":{"line":43,"column":4},"end":{"line":46,"column":5}},{"start":{},"end":{}}],"line":43},"2":{"loc":{"start":{"line":48,"column":4},"end":{"line":52,"column":5}},"type":"if","locations":[{"start":{"line":48,"column":4},"end":{"line":52,"column":5}},{"start":{},"end":{}}],"line":48},"3":{"loc":{"start":{"line":96,"column":4},"end":{"line":98,"column":5}},"type":"if","locations":[{"start":{"line":96,"column":4},"end":{"line":98,"column":5}},{"start":{},"end":{}}],"line":96},"4":{"loc":{"start":{"line":126,"column":29},"end":{"line":126,"column":91}},"type":"cond-expr","locations":[{"start":{"line":126,"column":52},"end":{"line":126,"column":84}},{"start":{"line":126,"column":87},"end":{"line":126,"column":91}}],"line":126},"5":{"loc":{"start":{"line":128,"column":29},"end":{"line":128,"column":57}},"type":"binary-expr","locations":[{"start":{"line":128,"column":29},"end":{"line":128,"column":49}},{"start":{"line":128,"column":53},"end":{"line":128,"column":57}}],"line":128},"6":{"loc":{"start":{"line":138,"column":6},"end":{"line":138,"column":19}},"type":"default-arg","locations":[{"start":{"line":138,"column":14},"end":{"line":138,"column":19}}],"line":138},"7":{"loc":{"start":{"line":139,"column":6},"end":{"line":139,"column":20}},"type":"default-arg","locations":[{"start":{"line":139,"column":15},"end":{"line":139,"column":20}}],"line":139},"8":{"loc":{"start":{"line":140,"column":6},"end":{"line":140,"column":21}},"type":"default-arg","locations":[{"start":{"line":140,"column":16},"end":{"line":140,"column":21}}],"line":140},"9":{"loc":{"start":{"line":145,"column":4},"end":{"line":147,"column":5}},"type":"if","locations":[{"start":{"line":145,"column":4},"end":{"line":147,"column":5}},{"start":{},"end":{}}],"line":145},"10":{"loc":{"start":{"line":150,"column":4},"end":{"line":152,"column":5}},"type":"if","locations":[{"start":{"line":150,"column":4},"end":{"line":152,"column":5}},{"start":{},"end":{}}],"line":150},"11":{"loc":{"start":{"line":159,"column":4},"end":{"line":161,"column":5}},"type":"if","locations":[{"start":{"line":159,"column":4},"end":{"line":161,"column":5}},{"start":{},"end":{}}],"line":159},"12":{"loc":{"start":{"line":168,"column":8},"end":{"line":168,"column":62}},"type":"cond-expr","locations":[{"start":{"line":168,"column":25},"end":{"line":168,"column":55}},{"start":{"line":168,"column":58},"end":{"line":168,"column":62}}],"line":168},"13":{"loc":{"start":{"line":169,"column":8},"end":{"line":169,"column":21}},"type":"cond-expr","locations":[{"start":{"line":169,"column":16},"end":{"line":169,"column":17}},{"start":{"line":169,"column":20},"end":{"line":169,"column":21}}],"line":169},"14":{"loc":{"start":{"line":170,"column":8},"end":{"line":170,"column":22}},"type":"cond-expr","locations":[{"start":{"line":170,"column":17},"end":{"line":170,"column":18}},{"start":{"line":170,"column":21},"end":{"line":170,"column":22}}],"line":170},"15":{"loc":{"start":{"line":171,"column":8},"end":{"line":171,"column":23}},"type":"cond-expr","locations":[{"start":{"line":171,"column":18},"end":{"line":171,"column":19}},{"start":{"line":171,"column":22},"end":{"line":171,"column":23}}],"line":171},"16":{"loc":{"start":{"line":172,"column":8},"end":{"line":172,"column":31}},"type":"binary-expr","locations":[{"start":{"line":172,"column":8},"end":{"line":172,"column":23}},{"start":{"line":172,"column":27},"end":{"line":172,"column":31}}],"line":172},"17":{"loc":{"start":{"line":173,"column":8},"end":{"line":173,"column":29}},"type":"binary-expr","locations":[{"start":{"line":173,"column":8},"end":{"line":173,"column":21}},{"start":{"line":173,"column":25},"end":{"line":173,"column":29}}],"line":173},"18":{"loc":{"start":{"line":203,"column":4},"end":{"line":205,"column":5}},"type":"if","locations":[{"start":{"line":203,"column":4},"end":{"line":205,"column":5}},{"start":{},"end":{}}],"line":203},"19":{"loc":{"start":{"line":212,"column":4},"end":{"line":214,"column":5}},"type":"if","locations":[{"start":{"line":212,"column":4},"end":{"line":214,"column":5}},{"start":{},"end":{}}],"line":212},"20":{"loc":{"start":{"line":216,"column":4},"end":{"line":218,"column":5}},"type":"if","locations":[{"start":{"line":216,"column":4},"end":{"line":218,"column":5}},{"start":{},"end":{}}],"line":216},"21":{"loc":{"start":{"line":249,"column":31},"end":{"line":251,"column":30}},"type":"cond-expr","locations":[{"start":{"line":250,"column":8},"end":{"line":250,"column":38}},{"start":{"line":251,"column":8},"end":{"line":251,"column":30}}],"line":249},"22":{"loc":{"start":{"line":251,"column":8},"end":{"line":251,"column":30}},"type":"binary-expr","locations":[{"start":{"line":251,"column":8},"end":{"line":251,"column":22}},{"start":{"line":251,"column":26},"end":{"line":251,"column":30}}],"line":251},"23":{"loc":{"start":{"line":258,"column":8},"end":{"line":258,"column":21}},"type":"cond-expr","locations":[{"start":{"line":258,"column":16},"end":{"line":258,"column":17}},{"start":{"line":258,"column":20},"end":{"line":258,"column":21}}],"line":258},"24":{"loc":{"start":{"line":259,"column":8},"end":{"line":259,"column":22}},"type":"cond-expr","locations":[{"start":{"line":259,"column":17},"end":{"line":259,"column":18}},{"start":{"line":259,"column":21},"end":{"line":259,"column":22}}],"line":259},"25":{"loc":{"start":{"line":260,"column":8},"end":{"line":260,"column":23}},"type":"cond-expr","locations":[{"start":{"line":260,"column":18},"end":{"line":260,"column":19}},{"start":{"line":260,"column":22},"end":{"line":260,"column":23}}],"line":260},"26":{"loc":{"start":{"line":261,"column":8},"end":{"line":261,"column":29}},"type":"binary-expr","locations":[{"start":{"line":261,"column":8},"end":{"line":261,"column":21}},{"start":{"line":261,"column":25},"end":{"line":261,"column":29}}],"line":261},"27":{"loc":{"start":{"line":280,"column":4},"end":{"line":282,"column":5}},"type":"if","locations":[{"start":{"line":280,"column":4},"end":{"line":282,"column":5}},{"start":{},"end":{}}],"line":280},"28":{"loc":{"start":{"line":287,"column":4},"end":{"line":289,"column":5}},"type":"if","locations":[{"start":{"line":287,"column":4},"end":{"line":289,"column":5}},{"start":{},"end":{}}],"line":287},"29":{"loc":{"start":{"line":287,"column":8},"end":{"line":287,"column":80}},"type":"binary-expr","locations":[{"start":{"line":287,"column":8},"end":{"line":287,"column":50}},{"start":{"line":287,"column":54},"end":{"line":287,"column":80}}],"line":287}},"s":{"0":1,"1":1,"2":1,"3":0,"4":0,"5":0,"6":0,"7":0,"8":0,"9":0,"10":0,"11":0,"12":0,"13":0,"14":1,"15":1,"16":0,"17":1,"18":1,"19":0,"20":0,"21":0,"22":0,"23":0,"24":0,"25":0,"26":0,"27":0,"28":0,"29":0,"30":0,"31":0,"32":0,"33":0,"34":0,"35":0,"36":0,"37":0,"38":0,"39":0,"40":0,"41":0,"42":0,"43":0,"44":0,"45":0,"46":0,"47":0,"48":0,"49":0,"50":2,"51":2,"52":2,"53":0,"54":2,"55":2,"56":0,"57":2,"58":1,"59":1,"60":1,"61":1,"62":1,"63":1,"64":0,"65":0,"66":0,"67":0,"68":0,"69":2,"70":2,"71":0,"72":2,"73":2,"74":1,"75":1,"76":1,"77":1,"78":0,"79":0,"80":0,"81":0,"82":0,"83":1,"84":1,"85":1},"f":{"0":0,"1":1,"2":0,"3":0,"4":0,"5":0,"6":0,"7":0,"8":2,"9":0,"10":2,"11":0},"b":{"0":[0],"1":[0,0],"2":[0,0],"3":[0,1],"4":[0,0],"5":[0,0],"6":[0],"7":[0],"8":[0],"9":[0,0],"10":[0,0],"11":[0,0],"12":[0,0],"13":[0,0],"14":[0,0],"15":[0,0],"16":[0,0],"17":[0,0],"18":[0,2],"19":[0,2],"20":[1,1],"21":[0,0],"22":[0,0],"23":[0,0],"24":[0,0],"25":[0,0],"26":[0,0],"27":[0,2],"28":[1,1],"29":[2,1]},"_coverageSchema":"1a1c01bbd47fc00a2c39e90264f33305004495a9","hash":"e8ec79d5f927e923186bf9bb8f9efdd5a76515c4"}
}
