TN:
SF:src\middleware\auth.js
FN:4,(anonymous_0)
FN:12,(anonymous_1)
FN:22,(anonymous_2)
FN:23,(anonymous_3)
FN:44,(anonymous_4)
FN:49,(anonymous_5)
FNF:6
FNH:4
FNDA:3,(anonymous_0)
FNDA:2,(anonymous_1)
FNDA:2,(anonymous_2)
FNDA:2,(anonymous_3)
FNDA:0,(anonymous_4)
FNDA:0,(anonymous_5)
DA:1,1
DA:2,1
DA:4,1
DA:5,3
DA:6,3
DA:8,3
DA:9,1
DA:12,2
DA:13,2
DA:14,1
DA:17,1
DA:18,1
DA:22,1
DA:23,2
DA:24,2
DA:25,0
DA:29,2
DA:30,2
DA:32,2
DA:33,1
DA:40,1
DA:44,1
DA:45,0
DA:46,0
DA:48,0
DA:49,0
DA:50,0
DA:51,0
DA:56,0
DA:59,1
LF:30
LH:22
BRDA:6,0,0,3
BRDA:6,0,1,2
BRDA:8,1,0,1
BRDA:8,1,1,2
BRDA:13,2,0,1
BRDA:13,2,1,1
BRDA:24,3,0,0
BRDA:24,3,1,2
BRDA:29,4,0,0
BRDA:29,4,1,2
BRDA:32,5,0,1
BRDA:32,5,1,1
BRDA:46,6,0,0
BRDA:46,6,1,0
BRDA:48,7,0,0
BRDA:48,7,1,0
BRDA:50,8,0,0
BRDA:50,8,1,0
BRF:18
BRH:10
end_of_record
TN:
SF:src\services\agendaService.js
FN:5,(anonymous_0)
FN:55,(anonymous_1)
FN:90,(anonymous_2)
FN:141,(anonymous_3)
FN:194,(anonymous_4)
FN:201,(anonymous_5)
FN:217,(anonymous_6)
FNF:7
FNH:3
FNDA:0,(anonymous_0)
FNDA:0,(anonymous_1)
FNDA:2,(anonymous_2)
FNDA:0,(anonymous_3)
FNDA:0,(anonymous_4)
FNDA:1,(anonymous_5)
FNDA:1,(anonymous_6)
DA:1,1
DA:2,1
DA:6,0
DA:32,0
DA:34,0
DA:35,0
DA:36,0
DA:39,0
DA:40,0
DA:41,0
DA:44,0
DA:45,0
DA:46,0
DA:49,0
DA:51,0
DA:52,0
DA:56,0
DA:83,0
DA:84,0
DA:87,0
DA:91,2
DA:93,2
DA:94,0
DA:97,2
DA:102,2
DA:103,0
DA:106,2
DA:107,1
DA:109,1
DA:110,1
DA:111,0
DA:114,1
DA:115,1
DA:116,1
DA:118,1
DA:119,1
DA:120,0
DA:123,1
DA:124,1
DA:125,0
DA:128,1
DA:130,0
DA:136,0
DA:138,0
DA:142,0
DA:143,0
DA:145,0
DA:146,0
DA:148,0
DA:149,0
DA:150,0
DA:153,0
DA:154,0
DA:155,0
DA:158,0
DA:159,0
DA:160,0
DA:161,0
DA:162,0
DA:163,0
DA:165,0
DA:166,0
DA:167,0
DA:168,0
DA:169,0
DA:170,0
DA:172,0
DA:173,0
DA:174,0
DA:177,0
DA:178,0
DA:179,0
DA:182,0
DA:183,0
DA:186,0
DA:187,0
DA:189,0
DA:190,0
DA:191,0
DA:195,0
DA:196,0
DA:197,0
DA:198,0
DA:202,1
DA:207,1
DA:208,1
DA:209,0
DA:210,0
DA:213,1
DA:214,1
DA:218,1
DA:223,1
DA:224,0
DA:227,1
DA:228,1
DA:230,1
DA:236,1
DA:237,1
DA:238,1
DA:240,1
DA:241,9
DA:242,18
DA:243,18
DA:244,18
DA:246,18
DA:247,2
DA:250,16
DA:251,16
DA:252,16
DA:253,16
DA:255,16
DA:256,0
DA:257,0
DA:261,16
DA:262,16
DA:267,1
DA:271,1
DA:272,1
DA:273,1
LF:119
LH:49
BRDA:5,0,0,0
BRDA:34,1,0,0
BRDA:34,1,1,0
BRDA:39,2,0,0
BRDA:39,2,1,0
BRDA:44,3,0,0
BRDA:44,3,1,0
BRDA:83,4,0,0
BRDA:83,4,1,0
BRDA:93,5,0,0
BRDA:93,5,1,2
BRDA:93,6,0,2
BRDA:93,6,1,2
BRDA:93,6,2,2
BRDA:93,6,3,2
BRDA:102,7,0,0
BRDA:102,7,1,2
BRDA:107,8,0,1
BRDA:107,8,1,0
BRDA:110,9,0,0
BRDA:110,9,1,1
BRDA:119,10,0,0
BRDA:119,10,1,1
BRDA:124,11,0,0
BRDA:124,11,1,1
BRDA:148,12,0,0
BRDA:148,12,1,0
BRDA:153,13,0,0
BRDA:153,13,1,0
BRDA:158,14,0,0
BRDA:158,14,1,0
BRDA:158,15,0,0
BRDA:158,15,1,0
BRDA:159,16,0,0
BRDA:159,16,1,0
BRDA:160,17,0,0
BRDA:160,17,1,0
BRDA:162,18,0,0
BRDA:162,18,1,0
BRDA:166,19,0,0
BRDA:166,19,1,0
BRDA:173,20,0,0
BRDA:173,20,1,0
BRDA:182,21,0,0
BRDA:182,21,1,0
BRDA:201,22,0,0
BRDA:208,23,0,0
BRDA:208,23,1,1
BRDA:223,24,0,0
BRDA:223,24,1,1
BRDA:228,25,0,1
BRDA:228,25,1,0
BRDA:246,26,0,2
BRDA:246,26,1,16
BRDA:246,27,0,18
BRDA:246,27,1,18
BRDA:246,27,2,2
BRDA:255,28,0,0
BRDA:255,28,1,16
BRDA:255,29,0,16
BRDA:255,29,1,0
BRDA:261,30,0,16
BRDA:261,30,1,0
BRF:63
BRH:21
end_of_record
TN:
SF:src\services\authService.js
FN:12,(anonymous_0)
FN:78,(anonymous_1)
FN:146,(anonymous_2)
FN:224,(anonymous_3)
FN:254,(anonymous_4)
FN:293,(anonymous_5)
FN:323,(anonymous_6)
FN:329,(anonymous_7)
FN:362,(anonymous_8)
FN:398,(anonymous_9)
FN:427,(anonymous_10)
FN:460,(anonymous_11)
FN:490,(anonymous_12)
FN:533,(anonymous_13)
FN:541,(anonymous_14)
FN:557,(anonymous_15)
FN:571,(anonymous_16)
FN:600,(anonymous_17)
FN:605,(anonymous_18)
FN:610,(anonymous_19)
FN:624,(anonymous_20)
FN:633,(anonymous_21)
FN:645,(anonymous_22)
FN:655,(anonymous_23)
FN:686,(anonymous_24)
FN:717,(anonymous_25)
FNF:26
FNH:7
FNDA:2,(anonymous_0)
FNDA:0,(anonymous_1)
FNDA:4,(anonymous_2)
FNDA:2,(anonymous_3)
FNDA:2,(anonymous_4)
FNDA:0,(anonymous_5)
FNDA:0,(anonymous_6)
FNDA:0,(anonymous_7)
FNDA:0,(anonymous_8)
FNDA:0,(anonymous_9)
FNDA:0,(anonymous_10)
FNDA:0,(anonymous_11)
FNDA:2,(anonymous_12)
FNDA:1,(anonymous_13)
FNDA:0,(anonymous_14)
FNDA:0,(anonymous_15)
FNDA:5,(anonymous_16)
FNDA:0,(anonymous_17)
FNDA:0,(anonymous_18)
FNDA:0,(anonymous_19)
FNDA:0,(anonymous_20)
FNDA:0,(anonymous_21)
FNDA:0,(anonymous_22)
FNDA:0,(anonymous_23)
FNDA:0,(anonymous_24)
FNDA:0,(anonymous_25)
DA:1,1
DA:2,1
DA:3,1
DA:4,1
DA:5,1
DA:6,1
DA:7,1
DA:8,1
DA:13,2
DA:15,2
DA:16,0
DA:19,2
DA:20,0
DA:24,2
DA:25,2
DA:26,0
DA:27,0
DA:28,0
DA:29,0
DA:33,2
DA:38,2
DA:39,1
DA:43,1
DA:44,1
DA:47,1
DA:52,1
DA:55,1
DA:62,1
DA:67,1
DA:79,0
DA:81,0
DA:82,0
DA:85,0
DA:86,0
DA:87,0
DA:90,0
DA:91,0
DA:92,0
DA:93,0
DA:94,0
DA:95,0
DA:98,0
DA:103,0
DA:104,0
DA:107,0
DA:108,0
DA:110,0
DA:116,0
DA:117,0
DA:123,0
DA:124,0
DA:130,0
DA:131,0
DA:137,0
DA:147,4
DA:148,0
DA:152,4
DA:157,4
DA:158,0
DA:159,0
DA:162,4
DA:165,4
DA:166,0
DA:170,4
DA:171,0
DA:175,4
DA:176,1
DA:177,1
DA:178,1
DA:179,1
DA:182,0
DA:190,3
DA:192,3
DA:194,1
DA:195,1
DA:196,1
DA:199,1
DA:200,0
DA:201,0
DA:202,0
DA:205,1
DA:206,1
DA:207,1
DA:211,2
DA:212,1
DA:220,1
DA:225,2
DA:230,2
DA:231,0
DA:234,2
DA:236,2
DA:237,0
DA:241,2
DA:246,2
DA:247,1
DA:250,1
DA:256,2
DA:263,2
DA:270,2
DA:276,2
DA:278,2
DA:294,0
DA:295,0
DA:298,0
DA:303,0
DA:304,0
DA:307,0
DA:310,0
DA:316,0
DA:318,0
DA:324,0
DA:325,0
DA:330,0
DA:335,0
DA:336,0
DA:339,0
DA:341,0
DA:342,0
DA:343,0
DA:344,0
DA:347,0
DA:351,0
DA:356,0
DA:358,0
DA:363,0
DA:368,0
DA:369,0
DA:372,0
DA:375,0
DA:376,0
DA:380,0
DA:385,0
DA:387,0
DA:392,0
DA:394,0
DA:399,0
DA:404,0
DA:405,0
DA:408,0
DA:411,0
DA:412,0
DA:415,0
DA:418,0
DA:423,0
DA:428,0
DA:433,0
DA:434,0
DA:437,0
DA:439,0
DA:440,0
DA:444,0
DA:449,0
DA:450,0
DA:454,0
DA:456,0
DA:461,0
DA:466,0
DA:467,0
DA:470,0
DA:473,0
DA:475,0
DA:476,0
DA:479,0
DA:484,0
DA:486,0
DA:491,2
DA:496,2
DA:497,0
DA:500,2
DA:503,2
DA:505,2
DA:506,1
DA:510,1
DA:511,1
DA:512,0
DA:513,0
DA:514,0
DA:515,0
DA:519,1
DA:520,1
DA:522,1
DA:527,1
DA:529,1
DA:534,1
DA:542,0
DA:543,0
DA:544,0
DA:545,0
DA:551,0
DA:558,0
DA:559,0
DA:562,0
DA:563,0
DA:564,0
DA:566,0
DA:572,5
DA:574,5
DA:575,5
DA:576,5
DA:580,4
DA:581,1
DA:585,4
DA:586,4
DA:587,4
DA:590,4
DA:595,1
DA:601,0
DA:606,0
DA:611,0
DA:616,0
DA:617,0
DA:620,0
DA:625,0
DA:629,0
DA:634,0
DA:636,0
DA:641,0
DA:646,0
DA:651,0
DA:657,0
DA:662,0
DA:663,0
DA:666,0
DA:669,0
DA:675,0
DA:681,0
DA:682,0
DA:688,0
DA:693,0
DA:694,0
DA:697,0
DA:700,0
DA:706,0
DA:712,0
DA:713,0
DA:719,0
DA:724,0
DA:725,0
DA:729,0
DA:735,0
DA:739,0
DA:743,1
DA:744,1
DA:745,1
LF:244
LH:87
BRDA:13,0,0,2
BRDA:15,1,0,0
BRDA:15,1,1,2
BRDA:19,2,0,0
BRDA:19,2,1,2
BRDA:25,3,0,0
BRDA:25,3,1,2
BRDA:38,4,0,1
BRDA:38,4,1,1
BRDA:58,5,0,1
BRDA:58,5,1,1
BRDA:58,6,0,1
BRDA:58,6,1,1
BRDA:64,7,0,1
BRDA:64,7,1,1
BRDA:64,8,0,1
BRDA:64,8,1,1
BRDA:79,9,0,0
BRDA:81,10,0,0
BRDA:81,10,1,0
BRDA:81,11,0,0
BRDA:81,11,1,0
BRDA:81,11,2,0
BRDA:81,11,3,0
BRDA:86,12,0,0
BRDA:86,12,1,0
BRDA:91,13,0,0
BRDA:91,13,1,0
BRDA:103,14,0,0
BRDA:103,14,1,0
BRDA:113,15,0,0
BRDA:113,15,1,0
BRDA:113,16,0,0
BRDA:113,16,1,0
BRDA:116,17,0,0
BRDA:116,17,1,0
BRDA:119,18,0,0
BRDA:119,18,1,0
BRDA:119,19,0,0
BRDA:119,19,1,0
BRDA:123,20,0,0
BRDA:123,20,1,0
BRDA:123,21,0,0
BRDA:123,21,1,0
BRDA:126,22,0,0
BRDA:126,22,1,0
BRDA:126,23,0,0
BRDA:126,23,1,0
BRDA:126,24,0,0
BRDA:126,24,1,0
BRDA:126,25,0,0
BRDA:126,25,1,0
BRDA:130,26,0,0
BRDA:130,26,1,0
BRDA:133,27,0,0
BRDA:133,27,1,0
BRDA:133,28,0,0
BRDA:133,28,1,0
BRDA:133,29,0,0
BRDA:133,29,1,0
BRDA:133,30,0,0
BRDA:133,30,1,0
BRDA:147,31,0,0
BRDA:147,31,1,4
BRDA:147,32,0,4
BRDA:147,32,1,4
BRDA:157,33,0,0
BRDA:157,33,1,4
BRDA:165,34,0,0
BRDA:165,34,1,4
BRDA:170,35,0,0
BRDA:170,35,1,4
BRDA:175,36,0,1
BRDA:175,36,1,3
BRDA:177,37,0,1
BRDA:177,37,1,0
BRDA:192,38,0,1
BRDA:192,38,1,2
BRDA:194,39,0,1
BRDA:194,39,1,1
BRDA:199,40,0,0
BRDA:199,40,1,1
BRDA:211,41,0,1
BRDA:211,41,1,1
BRDA:211,42,0,2
BRDA:211,42,1,1
BRDA:230,43,0,0
BRDA:230,43,1,2
BRDA:236,44,0,0
BRDA:236,44,1,2
BRDA:246,45,0,1
BRDA:246,45,1,1
BRDA:259,46,0,2
BRDA:259,46,1,2
BRDA:266,47,0,2
BRDA:266,47,1,2
BRDA:303,48,0,0
BRDA:303,48,1,0
BRDA:313,49,0,0
BRDA:313,49,1,0
BRDA:335,50,0,0
BRDA:335,50,1,0
BRDA:343,51,0,0
BRDA:343,51,1,0
BRDA:343,52,0,0
BRDA:343,52,1,0
BRDA:368,53,0,0
BRDA:368,53,1,0
BRDA:375,54,0,0
BRDA:375,54,1,0
BRDA:404,55,0,0
BRDA:404,55,1,0
BRDA:412,56,0,0
BRDA:412,56,1,0
BRDA:433,57,0,0
BRDA:433,57,1,0
BRDA:439,58,0,0
BRDA:439,58,1,0
BRDA:449,59,0,0
BRDA:449,59,1,0
BRDA:466,60,0,0
BRDA:466,60,1,0
BRDA:475,61,0,0
BRDA:475,61,1,0
BRDA:496,62,0,0
BRDA:496,62,1,2
BRDA:505,63,0,1
BRDA:505,63,1,1
BRDA:511,64,0,0
BRDA:511,64,1,1
BRDA:558,65,0,0
BRDA:558,65,1,0
BRDA:558,66,0,0
BRDA:558,66,1,0
BRDA:558,66,2,0
BRDA:575,67,0,5
BRDA:575,67,1,0
BRDA:580,68,0,1
BRDA:580,68,1,3
BRDA:585,69,0,4
BRDA:585,69,1,1
BRDA:586,70,0,4
BRDA:586,70,1,1
BRDA:587,71,0,0
BRDA:587,71,1,4
BRDA:592,72,0,4
BRDA:592,72,1,0
BRDA:592,73,0,4
BRDA:592,73,1,1
BRDA:616,74,0,0
BRDA:616,74,1,0
BRDA:662,75,0,0
BRDA:662,75,1,0
BRDA:693,76,0,0
BRDA:693,76,1,0
BRDA:724,77,0,0
BRDA:724,77,1,0
BRF:157
BRH:55
end_of_record
TN:
SF:src\services\fichaGroomingService.js
FN:5,(anonymous_0)
FN:55,(anonymous_1)
FN:102,(anonymous_2)
FN:107,(anonymous_3)
FN:159,(anonymous_4)
FN:198,(anonymous_5)
FN:230,(anonymous_6)
FNF:7
FNH:3
FNDA:0,(anonymous_0)
FNDA:2,(anonymous_1)
FNDA:0,(anonymous_2)
FNDA:0,(anonymous_3)
FNDA:2,(anonymous_4)
FNDA:2,(anonymous_5)
FNDA:0,(anonymous_6)
DA:1,1
DA:2,1
DA:6,0
DA:37,0
DA:39,0
DA:40,0
DA:41,0
DA:44,0
DA:45,0
DA:46,0
DA:49,0
DA:51,0
DA:52,0
DA:56,2
DA:88,1
DA:89,0
DA:92,1
DA:100,1
DA:101,1
DA:102,0
DA:104,0
DA:116,0
DA:118,0
DA:119,0
DA:122,0
DA:123,0
DA:124,0
DA:127,0
DA:132,0
DA:133,0
DA:136,0
DA:150,0
DA:155,0
DA:156,0
DA:160,2
DA:162,2
DA:167,2
DA:168,0
DA:171,2
DA:176,2
DA:177,0
DA:180,2
DA:181,1
DA:184,1
DA:189,1
DA:194,1
DA:195,1
DA:199,2
DA:204,2
DA:205,0
DA:208,2
DA:210,2
DA:215,2
DA:220,2
DA:221,0
DA:227,0
DA:231,0
DA:243,0
DA:247,1
DA:248,1
DA:249,1
LF:61
LH:27
BRDA:5,0,0,0
BRDA:39,1,0,0
BRDA:39,1,1,0
BRDA:44,2,0,0
BRDA:44,2,1,0
BRDA:88,3,0,0
BRDA:88,3,1,1
BRDA:111,4,0,0
BRDA:112,5,0,0
BRDA:113,6,0,0
BRDA:118,7,0,0
BRDA:118,7,1,0
BRDA:123,8,0,0
BRDA:123,8,1,0
BRDA:132,9,0,0
BRDA:132,9,1,0
BRDA:141,10,0,0
BRDA:141,10,1,0
BRDA:142,11,0,0
BRDA:142,11,1,0
BRDA:143,12,0,0
BRDA:143,12,1,0
BRDA:144,13,0,0
BRDA:144,13,1,0
BRDA:145,14,0,0
BRDA:145,14,1,0
BRDA:146,15,0,0
BRDA:146,15,1,0
BRDA:167,16,0,0
BRDA:167,16,1,2
BRDA:176,17,0,0
BRDA:176,17,1,2
BRDA:180,18,0,1
BRDA:180,18,1,1
BRDA:204,19,0,0
BRDA:204,19,1,2
BRF:36
BRH:6
end_of_record
