TN:
SF:middleware\auth.js
FNF:0
FNH:0
DA:2,2
LF:1
LH:1
BRF:0
BRH:0
end_of_record
TN:
SF:middleware\checklistValidator.js
FNF:0
FNH:0
DA:2,1
LF:1
LH:1
BRF:0
BRH:0
end_of_record
TN:
SF:src\config\database.js
FNF:0
FNH:0
DA:1,3
DA:2,3
DA:4,3
DA:17,3
LF:4
LH:4
BRDA:5,0,0,3
BRDA:5,0,1,0
BRDA:6,1,0,3
BRDA:6,1,1,0
BRDA:7,2,0,3
BRDA:7,2,1,3
BRDA:8,3,0,3
BRDA:8,3,1,0
BRDA:9,4,0,3
BRDA:9,4,1,3
BRF:10
BRH:7
end_of_record
TN:
SF:src\middleware\auth.js
FN:5,(anonymous_0)
FN:14,(anonymous_1)
FN:22,(anonymous_2)
FN:45,(anonymous_3)
FN:46,(anonymous_4)
FN:74,(anonymous_5)
FN:75,(anonymous_6)
FN:160,(anonymous_7)
FN:169,(anonymous_8)
FN:174,(anonymous_9)
FN:179,(anonymous_10)
FNF:11
FNH:6
FNDA:8,(anonymous_0)
FNDA:19,(anonymous_1)
FNDA:16,(anonymous_2)
FNDA:5,(anonymous_3)
FNDA:8,(anonymous_4)
FNDA:0,(anonymous_5)
FNDA:0,(anonymous_6)
FNDA:0,(anonymous_7)
FNDA:13,(anonymous_8)
FNDA:0,(anonymous_9)
FNDA:0,(anonymous_10)
DA:1,3
DA:2,3
DA:3,3
DA:5,3
DA:6,8
DA:7,8
DA:8,8
DA:14,3
DA:15,19
DA:16,19
DA:18,19
DA:19,3
DA:22,16
DA:23,16
DA:24,3
DA:25,3
DA:29,13
DA:30,13
DA:31,0
DA:34,13
DA:35,13
DA:36,13
DA:45,3
DA:46,5
DA:47,8
DA:48,0
DA:51,8
DA:52,8
DA:53,8
DA:55,8
DA:56,4
DA:57,4
DA:64,4
DA:74,3
DA:75,0
DA:76,0
DA:77,0
DA:81,0
DA:82,0
DA:85,0
DA:86,0
DA:87,0
DA:90,0
DA:91,0
DA:93,0
DA:95,0
DA:101,0
DA:102,0
DA:104,0
DA:108,0
DA:109,0
DA:111,0
DA:118,0
DA:119,0
DA:121,0
DA:129,0
DA:130,0
DA:131,0
DA:132,0
DA:136,0
DA:137,0
DA:138,0
DA:143,0
DA:145,0
DA:146,0
DA:155,3
DA:160,3
DA:162,0
DA:163,0
DA:169,3
DA:171,13
DA:174,3
DA:175,0
DA:176,0
DA:178,0
DA:179,0
DA:180,0
DA:181,0
DA:186,0
DA:189,3
LF:80
LH:38
BRDA:6,0,0,0
BRDA:6,0,1,8
BRDA:6,1,0,8
BRDA:6,1,1,8
BRDA:7,2,0,0
BRDA:7,2,1,8
BRDA:16,3,0,19
BRDA:16,3,1,16
BRDA:18,4,0,3
BRDA:18,4,1,16
BRDA:23,5,0,3
BRDA:23,5,1,13
BRDA:30,6,0,0
BRDA:30,6,1,13
BRDA:47,7,0,0
BRDA:47,7,1,8
BRDA:51,8,0,2
BRDA:51,8,1,6
BRDA:55,9,0,4
BRDA:55,9,1,4
BRDA:74,10,0,0
BRDA:76,11,0,0
BRDA:76,11,1,0
BRDA:81,12,0,0
BRDA:81,12,1,0
BRDA:86,13,0,0
BRDA:86,13,1,0
BRDA:93,14,0,0
BRDA:93,14,1,0
BRDA:101,15,0,0
BRDA:101,15,1,0
BRDA:102,16,0,0
BRDA:102,16,1,0
BRDA:108,17,0,0
BRDA:108,17,1,0
BRDA:109,18,0,0
BRDA:109,18,1,0
BRDA:118,19,0,0
BRDA:118,19,1,0
BRDA:119,20,0,0
BRDA:119,20,1,0
BRDA:129,21,0,0
BRDA:129,21,1,0
BRDA:130,22,0,0
BRDA:130,22,1,0
BRDA:132,23,0,0
BRDA:132,23,1,0
BRDA:136,24,0,0
BRDA:136,24,1,0
BRDA:176,25,0,0
BRDA:176,25,1,0
BRDA:178,26,0,0
BRDA:178,26,1,0
BRDA:180,27,0,0
BRDA:180,27,1,0
BRDA:180,28,0,0
BRDA:180,28,1,0
BRF:57
BRH:16
end_of_record
TN:
SF:src\middleware\checklistValidator.js
FN:23,getChecklistByFichaId
FN:31,normalizeChecklistName
FN:35,validateChecklistCompletion
FN:39,(anonymous_3)
FN:45,(anonymous_4)
FN:54,(anonymous_5)
FN:58,(anonymous_6)
FN:85,addChecklistItem
FN:93,updateChecklistItem
FN:101,getChecklistSummary
FNF:10
FNH:0
FNDA:0,getChecklistByFichaId
FNDA:0,normalizeChecklistName
FNDA:0,validateChecklistCompletion
FNDA:0,(anonymous_3)
FNDA:0,(anonymous_4)
FNDA:0,(anonymous_5)
FNDA:0,(anonymous_6)
FNDA:0,addChecklistItem
FNDA:0,updateChecklistItem
FNDA:0,getChecklistSummary
DA:6,2
DA:11,2
DA:24,0
DA:28,0
DA:32,0
DA:36,0
DA:37,0
DA:39,0
DA:40,0
DA:41,0
DA:45,0
DA:46,0
DA:49,0
DA:54,0
DA:58,2
DA:59,0
DA:61,0
DA:62,0
DA:65,0
DA:66,0
DA:68,0
DA:69,0
DA:77,0
DA:78,0
DA:80,0
DA:81,0
DA:86,0
DA:90,0
DA:94,0
DA:98,0
DA:102,0
DA:103,0
DA:113,2
LF:33
LH:4
BRDA:28,0,0,0
BRDA:28,0,1,0
BRDA:32,1,0,0
BRDA:32,1,1,0
BRDA:40,2,0,0
BRDA:40,2,1,0
BRDA:46,3,0,0
BRDA:46,3,1,0
BRDA:61,4,0,0
BRDA:61,4,1,0
BRDA:68,5,0,0
BRDA:68,5,1,0
BRDA:85,6,0,0
BRDA:85,7,0,0
BRDA:88,8,0,0
BRDA:88,8,1,0
BRDA:96,9,0,0
BRDA:96,9,1,0
BRDA:107,10,0,0
BRDA:107,10,1,0
BRF:20
BRH:0
end_of_record
TN:
SF:src\services\agendaService.js
FN:5,(anonymous_0)
FN:66,(anonymous_1)
FN:116,(anonymous_2)
FN:211,(anonymous_3)
FN:232,(anonymous_4)
FN:294,(anonymous_5)
FN:312,(anonymous_6)
FN:324,(anonymous_7)
FN:336,(anonymous_8)
FN:398,(anonymous_9)
FN:414,(anonymous_10)
FN:418,(anonymous_11)
FN:449,(anonymous_12)
FN:460,(anonymous_13)
FN:504,(anonymous_14)
FN:529,(anonymous_15)
FN:563,(anonymous_16)
FN:582,(anonymous_17)
FN:586,(anonymous_18)
FN:592,(anonymous_19)
FN:596,(anonymous_20)
FN:607,(anonymous_21)
FN:612,(anonymous_22)
FN:616,(anonymous_23)
FN:632,(anonymous_24)
FNF:25
FNH:12
FNDA:0,(anonymous_0)
FNDA:1,(anonymous_1)
FNDA:2,(anonymous_2)
FNDA:0,(anonymous_3)
FNDA:0,(anonymous_4)
FNDA:0,(anonymous_5)
FNDA:0,(anonymous_6)
FNDA:21,(anonymous_7)
FNDA:2,(anonymous_8)
FNDA:1,(anonymous_9)
FNDA:0,(anonymous_10)
FNDA:16,(anonymous_11)
FNDA:0,(anonymous_12)
FNDA:0,(anonymous_13)
FNDA:0,(anonymous_14)
FNDA:1,(anonymous_15)
FNDA:1,(anonymous_16)
FNDA:1,(anonymous_17)
FNDA:0,(anonymous_18)
FNDA:1,(anonymous_19)
FNDA:0,(anonymous_20)
FNDA:16,(anonymous_21)
FNDA:0,(anonymous_22)
FNDA:0,(anonymous_23)
FNDA:16,(anonymous_24)
DA:1,1
DA:2,1
DA:6,0
DA:35,0
DA:37,0
DA:38,0
DA:39,0
DA:42,0
DA:43,0
DA:44,0
DA:47,0
DA:48,0
DA:49,0
DA:52,0
DA:53,0
DA:54,0
DA:55,0
DA:56,0
DA:57,0
DA:60,0
DA:62,0
DA:63,0
DA:67,1
DA:97,1
DA:101,1
DA:102,1
DA:105,0
DA:106,0
DA:107,0
DA:109,0
DA:110,0
DA:113,0
DA:118,2
DA:128,2
DA:130,2
DA:131,0
DA:134,2
DA:135,0
DA:142,0
DA:143,0
DA:147,2
DA:149,2
DA:150,2
DA:151,2
DA:152,2
DA:154,2
DA:155,2
DA:161,2
DA:162,2
DA:164,0
DA:165,0
DA:166,0
DA:167,0
DA:169,0
DA:170,0
DA:171,0
DA:173,0
DA:177,2
DA:183,2
DA:186,2
DA:188,2
DA:189,1
DA:192,1
DA:194,1
DA:195,1
DA:198,1
DA:212,0
DA:213,0
DA:214,0
DA:215,0
DA:216,0
DA:218,0
DA:219,0
DA:222,0
DA:223,0
DA:224,0
DA:225,0
DA:229,0
DA:233,0
DA:234,0
DA:236,0
DA:237,0
DA:238,0
DA:240,0
DA:241,0
DA:242,0
DA:243,0
DA:244,0
DA:248,0
DA:249,0
DA:250,0
DA:253,0
DA:254,0
DA:255,0
DA:258,0
DA:259,0
DA:260,0
DA:261,0
DA:262,0
DA:263,0
DA:264,0
DA:265,0
DA:267,0
DA:268,0
DA:269,0
DA:272,0
DA:273,0
DA:274,0
DA:275,0
DA:278,0
DA:279,0
DA:282,0
DA:283,0
DA:286,0
DA:287,0
DA:289,0
DA:290,0
DA:291,0
DA:295,0
DA:296,0
DA:298,0
DA:299,0
DA:300,0
DA:301,0
DA:303,0
DA:305,0
DA:306,0
DA:307,0
DA:309,0
DA:313,0
DA:314,0
DA:316,0
DA:317,0
DA:319,0
DA:320,0
DA:321,0
DA:325,21
DA:326,0
DA:328,21
DA:329,21
DA:330,21
DA:331,0
DA:333,21
DA:337,2
DA:341,2
DA:342,2
DA:343,2
DA:346,2
DA:347,0
DA:350,2
DA:354,2
DA:355,2
DA:356,2
DA:359,2
DA:360,0
DA:363,2
DA:364,2
DA:366,2
DA:367,2
DA:368,2
DA:369,0
DA:372,2
DA:373,2
DA:374,0
DA:377,2
DA:378,2
DA:379,0
DA:383,0
DA:384,0
DA:385,0
DA:389,2
DA:399,1
DA:400,1
DA:403,0
DA:404,0
DA:405,0
DA:407,0
DA:411,0
DA:415,0
DA:419,16
DA:420,16
DA:423,0
DA:424,0
DA:425,0
DA:427,0
DA:428,0
DA:431,0
DA:432,0
DA:435,0
DA:436,0
DA:439,0
DA:440,0
DA:441,0
DA:442,0
DA:443,0
DA:444,0
DA:446,0
DA:450,0
DA:456,0
DA:457,0
DA:461,0
DA:462,0
DA:463,0
DA:464,0
DA:467,0
DA:471,0
DA:473,0
DA:474,0
DA:478,0
DA:479,0
DA:480,0
DA:483,0
DA:484,0
DA:487,0
DA:488,0
DA:494,0
DA:495,0
DA:496,0
DA:499,0
DA:500,0
DA:501,0
DA:505,0
DA:506,0
DA:507,0
DA:508,0
DA:511,0
DA:512,0
DA:515,0
DA:516,0
DA:517,0
DA:518,0
DA:520,0
DA:521,0
DA:522,0
DA:526,0
DA:530,1
DA:531,0
DA:534,1
DA:538,1
DA:540,1
DA:541,0
DA:544,1
DA:545,1
DA:546,1
DA:547,0
DA:548,0
DA:551,1
DA:552,1
DA:553,1
DA:557,1
DA:559,1
DA:560,0
DA:563,1
DA:568,1
DA:573,1
DA:575,1
DA:580,1
DA:582,1
DA:583,1
DA:584,1
DA:586,1
DA:587,0
DA:588,0
DA:592,1
DA:593,1
DA:594,1
DA:596,1
DA:597,0
DA:598,0
DA:602,1
DA:603,1
DA:604,1
DA:605,1
DA:607,1
DA:608,16
DA:609,0
DA:612,16
DA:613,0
DA:616,16
DA:617,0
DA:620,16
DA:623,1
DA:624,9
DA:625,18
DA:626,18
DA:627,18
DA:628,18
DA:629,2
DA:632,16
DA:633,16
DA:638,1
DA:642,1
DA:643,1
DA:644,1
LF:294
LH:104
BRDA:5,0,0,0
BRDA:37,1,0,0
BRDA:37,1,1,0
BRDA:42,2,0,0
BRDA:42,2,1,0
BRDA:47,3,0,0
BRDA:47,3,1,0
BRDA:47,4,0,0
BRDA:47,4,1,0
BRDA:52,5,0,0
BRDA:52,5,1,0
BRDA:55,6,0,0
BRDA:55,6,1,0
BRDA:97,7,0,0
BRDA:97,7,1,1
BRDA:98,8,0,0
BRDA:98,8,1,0
BRDA:101,9,0,1
BRDA:101,9,1,0
BRDA:101,10,0,1
BRDA:101,10,1,0
BRDA:106,11,0,0
BRDA:106,11,1,0
BRDA:106,12,0,0
BRDA:106,12,1,0
BRDA:109,13,0,0
BRDA:109,13,1,0
BRDA:109,14,0,0
BRDA:109,14,1,0
BRDA:119,15,0,2
BRDA:119,15,1,0
BRDA:120,16,0,2
BRDA:120,16,1,0
BRDA:121,17,0,0
BRDA:121,17,1,2
BRDA:122,18,0,2
BRDA:122,18,1,0
BRDA:123,19,0,2
BRDA:123,19,1,0
BRDA:124,20,0,2
BRDA:124,20,1,1
BRDA:125,21,0,0
BRDA:125,21,1,2
BRDA:130,22,0,0
BRDA:130,22,1,2
BRDA:130,23,0,2
BRDA:130,23,1,2
BRDA:130,23,2,2
BRDA:130,23,3,2
BRDA:134,24,0,0
BRDA:134,24,1,2
BRDA:142,25,0,0
BRDA:142,25,1,0
BRDA:142,26,0,0
BRDA:142,26,1,0
BRDA:155,27,0,0
BRDA:155,27,1,2
BRDA:155,28,0,2
BRDA:155,28,1,0
BRDA:162,29,0,0
BRDA:162,29,1,2
BRDA:165,30,0,0
BRDA:165,30,1,0
BRDA:165,31,0,0
BRDA:165,31,1,0
BRDA:166,32,0,0
BRDA:166,32,1,0
BRDA:170,33,0,0
BRDA:170,33,1,0
BRDA:183,34,0,1
BRDA:183,34,1,1
BRDA:184,35,0,0
BRDA:184,35,1,1
BRDA:186,36,0,1
BRDA:186,36,1,1
BRDA:186,37,0,2
BRDA:186,37,1,1
BRDA:188,38,0,1
BRDA:188,38,1,1
BRDA:211,39,0,0
BRDA:214,40,0,0
BRDA:214,40,1,0
BRDA:215,41,0,0
BRDA:215,41,1,0
BRDA:218,42,0,0
BRDA:218,42,1,0
BRDA:224,43,0,0
BRDA:224,43,1,0
BRDA:240,44,0,0
BRDA:240,44,1,0
BRDA:243,45,0,0
BRDA:243,45,1,0
BRDA:248,46,0,0
BRDA:248,46,1,0
BRDA:253,47,0,0
BRDA:253,47,1,0
BRDA:258,48,0,0
BRDA:258,48,1,0
BRDA:258,49,0,0
BRDA:258,49,1,0
BRDA:259,50,0,0
BRDA:259,50,1,0
BRDA:260,51,0,0
BRDA:260,51,1,0
BRDA:268,52,0,0
BRDA:268,52,1,0
BRDA:278,53,0,0
BRDA:278,53,1,0
BRDA:282,54,0,0
BRDA:282,54,1,0
BRDA:295,55,0,0
BRDA:295,55,1,0
BRDA:298,56,0,0
BRDA:298,56,1,0
BRDA:298,57,0,0
BRDA:298,57,1,0
BRDA:300,58,0,0
BRDA:300,58,1,0
BRDA:306,59,0,0
BRDA:306,59,1,0
BRDA:313,60,0,0
BRDA:313,60,1,0
BRDA:316,61,0,0
BRDA:316,61,1,0
BRDA:319,62,0,0
BRDA:319,62,1,0
BRDA:320,63,0,0
BRDA:320,63,1,0
BRDA:325,64,0,0
BRDA:325,64,1,21
BRDA:325,65,0,21
BRDA:325,65,1,21
BRDA:330,66,0,0
BRDA:330,66,1,21
BRDA:342,67,0,2
BRDA:342,67,1,0
BRDA:343,68,0,2
BRDA:343,68,1,0
BRDA:346,69,0,0
BRDA:346,69,1,2
BRDA:355,70,0,2
BRDA:355,70,1,0
BRDA:356,71,0,2
BRDA:356,71,1,0
BRDA:359,72,0,0
BRDA:359,72,1,2
BRDA:368,73,0,0
BRDA:368,73,1,2
BRDA:368,74,0,2
BRDA:368,74,1,2
BRDA:372,75,0,2
BRDA:372,75,1,0
BRDA:373,76,0,0
BRDA:373,76,1,2
BRDA:377,77,0,2
BRDA:377,77,1,2
BRDA:378,78,0,0
BRDA:378,78,1,2
BRDA:383,79,0,0
BRDA:383,79,1,0
BRDA:383,80,0,0
BRDA:383,80,1,0
BRDA:384,81,0,0
BRDA:384,81,1,0
BRDA:385,82,0,0
BRDA:385,82,1,0
BRDA:390,83,0,2
BRDA:390,83,1,0
BRDA:391,84,0,2
BRDA:391,84,1,0
BRDA:392,85,0,2
BRDA:392,85,1,0
BRDA:392,86,0,2
BRDA:392,86,1,0
BRDA:393,87,0,2
BRDA:393,87,1,0
BRDA:399,88,0,1
BRDA:399,88,1,0
BRDA:403,89,0,0
BRDA:403,89,1,0
BRDA:415,90,0,0
BRDA:415,90,1,0
BRDA:419,91,0,16
BRDA:419,91,1,0
BRDA:427,92,0,0
BRDA:427,92,1,0
BRDA:427,93,0,0
BRDA:427,93,1,0
BRDA:431,94,0,0
BRDA:431,94,1,0
BRDA:431,95,0,0
BRDA:431,95,1,0
BRDA:435,96,0,0
BRDA:435,96,1,0
BRDA:446,97,0,0
BRDA:446,97,1,0
BRDA:456,98,0,0
BRDA:456,98,1,0
BRDA:456,99,0,0
BRDA:456,99,1,0
BRDA:460,100,0,0
BRDA:463,101,0,0
BRDA:463,101,1,0
BRDA:463,102,0,0
BRDA:463,102,1,0
BRDA:471,103,0,0
BRDA:471,103,1,0
BRDA:471,104,0,0
BRDA:471,104,1,0
BRDA:473,105,0,0
BRDA:473,105,1,0
BRDA:478,106,0,0
BRDA:478,106,1,0
BRDA:479,107,0,0
BRDA:479,107,1,0
BRDA:479,108,0,0
BRDA:479,108,1,0
BRDA:483,109,0,0
BRDA:483,109,1,0
BRDA:494,110,0,0
BRDA:494,110,1,0
BRDA:500,111,0,0
BRDA:500,111,1,0
BRDA:500,112,0,0
BRDA:500,112,1,0
BRDA:504,113,0,0
BRDA:504,114,0,0
BRDA:507,115,0,0
BRDA:507,115,1,0
BRDA:507,116,0,0
BRDA:507,116,1,0
BRDA:511,117,0,0
BRDA:511,117,1,0
BRDA:517,118,0,0
BRDA:517,118,1,0
BRDA:518,119,0,0
BRDA:518,119,1,0
BRDA:521,120,0,0
BRDA:521,120,1,0
BRDA:529,121,0,1
BRDA:529,122,0,1
BRDA:530,123,0,0
BRDA:530,123,1,1
BRDA:530,124,0,1
BRDA:530,124,1,1
BRDA:538,125,0,1
BRDA:538,125,1,0
BRDA:538,126,0,1
BRDA:538,126,1,1
BRDA:540,127,0,0
BRDA:540,127,1,1
BRDA:545,128,0,1
BRDA:545,128,1,0
BRDA:546,129,0,0
BRDA:546,129,1,1
BRDA:551,130,0,0
BRDA:551,130,1,1
BRDA:552,131,0,0
BRDA:552,131,1,1
BRDA:557,132,0,1
BRDA:557,132,1,0
BRDA:557,133,0,1
BRDA:557,133,1,1
BRDA:559,134,0,0
BRDA:559,134,1,1
BRDA:573,135,0,0
BRDA:573,135,1,1
BRDA:573,136,0,1
BRDA:573,136,1,0
BRDA:580,137,0,0
BRDA:580,137,1,1
BRDA:580,138,0,1
BRDA:580,138,1,0
BRDA:587,139,0,0
BRDA:587,139,1,0
BRDA:597,140,0,0
BRDA:597,140,1,0
BRDA:608,141,0,0
BRDA:608,141,1,16
BRDA:612,142,0,0
BRDA:612,142,1,16
BRDA:616,143,0,0
BRDA:616,143,1,16
BRDA:628,144,0,2
BRDA:628,144,1,16
BRDA:632,145,0,16
BRDA:632,145,1,0
BRF:287
BRH:81
end_of_record
TN:
SF:src\services\authService.js
FN:11,(anonymous_0)
FN:17,(anonymous_1)
FN:25,(anonymous_2)
FN:27,(anonymous_3)
FN:31,(anonymous_4)
FN:97,(anonymous_5)
FN:165,(anonymous_6)
FN:243,(anonymous_7)
FN:273,(anonymous_8)
FN:314,(anonymous_9)
FN:344,(anonymous_10)
FN:350,(anonymous_11)
FN:382,(anonymous_12)
FN:409,(anonymous_13)
FN:445,(anonymous_14)
FN:474,(anonymous_15)
FN:507,(anonymous_16)
FN:537,(anonymous_17)
FN:580,(anonymous_18)
FN:588,(anonymous_19)
FN:604,(anonymous_20)
FN:618,(anonymous_21)
FN:637,(anonymous_22)
FN:642,(anonymous_23)
FN:647,(anonymous_24)
FN:661,(anonymous_25)
FN:670,(anonymous_26)
FN:682,(anonymous_27)
FN:692,(anonymous_28)
FN:746,(anonymous_29)
FN:777,(anonymous_30)
FNF:31
FNH:8
FNDA:2,(anonymous_0)
FNDA:0,(anonymous_1)
FNDA:0,(anonymous_2)
FNDA:0,(anonymous_3)
FNDA:2,(anonymous_4)
FNDA:0,(anonymous_5)
FNDA:4,(anonymous_6)
FNDA:2,(anonymous_7)
FNDA:2,(anonymous_8)
FNDA:0,(anonymous_9)
FNDA:0,(anonymous_10)
FNDA:0,(anonymous_11)
FNDA:0,(anonymous_12)
FNDA:0,(anonymous_13)
FNDA:0,(anonymous_14)
FNDA:0,(anonymous_15)
FNDA:0,(anonymous_16)
FNDA:2,(anonymous_17)
FNDA:1,(anonymous_18)
FNDA:0,(anonymous_19)
FNDA:0,(anonymous_20)
FNDA:6,(anonymous_21)
FNDA:0,(anonymous_22)
FNDA:0,(anonymous_23)
FNDA:0,(anonymous_24)
FNDA:0,(anonymous_25)
FNDA:0,(anonymous_26)
FNDA:0,(anonymous_27)
FNDA:0,(anonymous_28)
FNDA:0,(anonymous_29)
FNDA:0,(anonymous_30)
DA:1,1
DA:2,1
DA:3,1
DA:4,1
DA:5,1
DA:6,1
DA:7,1
DA:8,1
DA:12,2
DA:13,2
DA:14,2
DA:18,0
DA:19,0
DA:26,0
DA:27,0
DA:32,2
DA:34,2
DA:35,0
DA:38,2
DA:39,0
DA:43,2
DA:44,2
DA:45,0
DA:46,0
DA:47,0
DA:48,0
DA:52,2
DA:57,2
DA:58,1
DA:62,1
DA:63,1
DA:66,1
DA:71,1
DA:74,1
DA:81,1
DA:86,1
DA:98,0
DA:100,0
DA:101,0
DA:104,0
DA:105,0
DA:106,0
DA:109,0
DA:110,0
DA:111,0
DA:112,0
DA:113,0
DA:114,0
DA:117,0
DA:122,0
DA:123,0
DA:126,0
DA:127,0
DA:129,0
DA:135,0
DA:136,0
DA:142,0
DA:143,0
DA:149,0
DA:150,0
DA:156,0
DA:166,4
DA:167,0
DA:171,4
DA:176,4
DA:177,0
DA:178,0
DA:181,4
DA:184,4
DA:185,0
DA:189,4
DA:190,0
DA:194,4
DA:195,1
DA:196,1
DA:197,1
DA:198,1
DA:201,0
DA:209,3
DA:211,3
DA:213,1
DA:214,1
DA:215,1
DA:218,1
DA:219,0
DA:220,0
DA:221,0
DA:224,1
DA:225,1
DA:226,1
DA:230,2
DA:231,1
DA:239,1
DA:244,2
DA:249,2
DA:250,0
DA:253,2
DA:255,2
DA:256,0
DA:260,2
DA:265,2
DA:266,1
DA:269,1
DA:274,2
DA:277,2
DA:284,2
DA:291,2
DA:297,2
DA:299,2
DA:315,0
DA:316,0
DA:319,0
DA:324,0
DA:325,0
DA:328,0
DA:331,0
DA:337,0
DA:339,0
DA:345,0
DA:346,0
DA:351,0
DA:356,0
DA:357,0
DA:360,0
DA:362,0
DA:363,0
DA:364,0
DA:365,0
DA:368,0
DA:372,0
DA:377,0
DA:379,0
DA:383,0
DA:388,0
DA:389,0
DA:392,0
DA:394,0
DA:395,0
DA:398,0
DA:403,0
DA:405,0
DA:410,0
DA:415,0
DA:416,0
DA:419,0
DA:422,0
DA:423,0
DA:427,0
DA:432,0
DA:434,0
DA:439,0
DA:441,0
DA:446,0
DA:451,0
DA:452,0
DA:455,0
DA:458,0
DA:459,0
DA:462,0
DA:465,0
DA:470,0
DA:475,0
DA:480,0
DA:481,0
DA:484,0
DA:486,0
DA:487,0
DA:491,0
DA:496,0
DA:497,0
DA:501,0
DA:503,0
DA:508,0
DA:513,0
DA:514,0
DA:517,0
DA:520,0
DA:522,0
DA:523,0
DA:526,0
DA:531,0
DA:533,0
DA:538,2
DA:543,2
DA:544,0
DA:547,2
DA:550,2
DA:552,2
DA:553,1
DA:557,1
DA:558,1
DA:559,0
DA:560,0
DA:561,0
DA:562,0
DA:566,1
DA:567,1
DA:569,1
DA:574,1
DA:576,1
DA:581,1
DA:589,0
DA:590,0
DA:591,0
DA:592,0
DA:598,0
DA:605,0
DA:606,0
DA:609,0
DA:610,0
DA:611,0
DA:613,0
DA:619,6
DA:621,6
DA:622,6
DA:623,6
DA:624,6
DA:627,6
DA:632,0
DA:638,0
DA:643,0
DA:648,0
DA:653,0
DA:654,0
DA:657,0
DA:662,0
DA:666,0
DA:671,0
DA:673,0
DA:678,0
DA:683,0
DA:688,0
DA:694,0
DA:699,0
DA:700,0
DA:703,0
DA:706,0
DA:712,0
DA:713,0
DA:718,0
DA:719,0
DA:721,0
DA:730,0
DA:731,0
DA:735,0
DA:741,0
DA:742,0
DA:748,0
DA:753,0
DA:754,0
DA:757,0
DA:760,0
DA:766,0
DA:772,0
DA:773,0
DA:779,0
DA:784,0
DA:785,0
DA:789,0
DA:795,0
DA:799,0
DA:803,1
DA:804,1
DA:805,1
LF:264
LH:86
BRDA:12,0,0,0
BRDA:12,0,1,2
BRDA:12,1,0,2
BRDA:12,1,1,2
BRDA:13,2,0,0
BRDA:13,2,1,2
BRDA:18,3,0,0
BRDA:18,3,1,0
BRDA:18,4,0,0
BRDA:18,4,1,0
BRDA:26,5,0,0
BRDA:26,5,1,0
BRDA:32,6,0,2
BRDA:34,7,0,0
BRDA:34,7,1,2
BRDA:38,8,0,0
BRDA:38,8,1,2
BRDA:44,9,0,0
BRDA:44,9,1,2
BRDA:57,10,0,1
BRDA:57,10,1,1
BRDA:77,11,0,1
BRDA:77,11,1,1
BRDA:77,12,0,1
BRDA:77,12,1,1
BRDA:83,13,0,1
BRDA:83,13,1,1
BRDA:83,14,0,1
BRDA:83,14,1,1
BRDA:98,15,0,0
BRDA:100,16,0,0
BRDA:100,16,1,0
BRDA:100,17,0,0
BRDA:100,17,1,0
BRDA:100,17,2,0
BRDA:100,17,3,0
BRDA:105,18,0,0
BRDA:105,18,1,0
BRDA:110,19,0,0
BRDA:110,19,1,0
BRDA:122,20,0,0
BRDA:122,20,1,0
BRDA:132,21,0,0
BRDA:132,21,1,0
BRDA:132,22,0,0
BRDA:132,22,1,0
BRDA:135,23,0,0
BRDA:135,23,1,0
BRDA:138,24,0,0
BRDA:138,24,1,0
BRDA:138,25,0,0
BRDA:138,25,1,0
BRDA:142,26,0,0
BRDA:142,26,1,0
BRDA:142,27,0,0
BRDA:142,27,1,0
BRDA:142,27,2,0
BRDA:145,28,0,0
BRDA:145,28,1,0
BRDA:145,29,0,0
BRDA:145,29,1,0
BRDA:145,30,0,0
BRDA:145,30,1,0
BRDA:145,31,0,0
BRDA:145,31,1,0
BRDA:149,32,0,0
BRDA:149,32,1,0
BRDA:152,33,0,0
BRDA:152,33,1,0
BRDA:152,34,0,0
BRDA:152,34,1,0
BRDA:152,35,0,0
BRDA:152,35,1,0
BRDA:152,36,0,0
BRDA:152,36,1,0
BRDA:166,37,0,0
BRDA:166,37,1,4
BRDA:166,38,0,4
BRDA:166,38,1,4
BRDA:176,39,0,0
BRDA:176,39,1,4
BRDA:184,40,0,0
BRDA:184,40,1,4
BRDA:189,41,0,0
BRDA:189,41,1,4
BRDA:189,42,0,4
BRDA:189,42,1,0
BRDA:189,42,2,0
BRDA:194,43,0,1
BRDA:194,43,1,3
BRDA:196,44,0,1
BRDA:196,44,1,0
BRDA:211,45,0,1
BRDA:211,45,1,2
BRDA:213,46,0,1
BRDA:213,46,1,1
BRDA:218,47,0,0
BRDA:218,47,1,1
BRDA:230,48,0,1
BRDA:230,48,1,1
BRDA:249,49,0,0
BRDA:249,49,1,2
BRDA:255,50,0,0
BRDA:255,50,1,2
BRDA:265,51,0,1
BRDA:265,51,1,1
BRDA:280,52,0,2
BRDA:280,52,1,2
BRDA:287,53,0,2
BRDA:287,53,1,2
BRDA:324,54,0,0
BRDA:324,54,1,0
BRDA:334,55,0,0
BRDA:334,55,1,0
BRDA:356,56,0,0
BRDA:356,56,1,0
BRDA:364,57,0,0
BRDA:364,57,1,0
BRDA:364,58,0,0
BRDA:364,58,1,0
BRDA:388,59,0,0
BRDA:388,59,1,0
BRDA:394,60,0,0
BRDA:394,60,1,0
BRDA:415,61,0,0
BRDA:415,61,1,0
BRDA:422,62,0,0
BRDA:422,62,1,0
BRDA:451,63,0,0
BRDA:451,63,1,0
BRDA:459,64,0,0
BRDA:459,64,1,0
BRDA:480,65,0,0
BRDA:480,65,1,0
BRDA:486,66,0,0
BRDA:486,66,1,0
BRDA:496,67,0,0
BRDA:496,67,1,0
BRDA:513,68,0,0
BRDA:513,68,1,0
BRDA:522,69,0,0
BRDA:522,69,1,0
BRDA:543,70,0,0
BRDA:543,70,1,2
BRDA:552,71,0,1
BRDA:552,71,1,1
BRDA:558,72,0,0
BRDA:558,72,1,1
BRDA:605,73,0,0
BRDA:605,73,1,0
BRDA:605,74,0,0
BRDA:605,74,1,0
BRDA:605,74,2,0
BRDA:622,75,0,6
BRDA:622,75,1,3
BRDA:623,76,0,6
BRDA:623,76,1,3
BRDA:624,77,0,0
BRDA:624,77,1,6
BRDA:629,78,0,6
BRDA:629,78,1,0
BRDA:629,79,0,6
BRDA:629,79,1,3
BRDA:653,80,0,0
BRDA:653,80,1,0
BRDA:699,81,0,0
BRDA:699,81,1,0
BRDA:712,82,0,0
BRDA:712,82,1,0
BRDA:718,83,0,0
BRDA:718,83,1,0
BRDA:724,84,0,0
BRDA:724,84,1,0
BRDA:724,85,0,0
BRDA:724,85,1,0
BRDA:730,86,0,0
BRDA:730,86,1,0
BRDA:730,87,0,0
BRDA:730,87,1,0
BRDA:753,88,0,0
BRDA:753,88,1,0
BRDA:784,89,0,0
BRDA:784,89,1,0
BRF:183
BRH:55
end_of_record
TN:
SF:src\services\fichaGroomingService.js
FN:6,(anonymous_0)
FN:60,(anonymous_1)
FN:120,(anonymous_2)
FN:122,(anonymous_3)
FN:123,(anonymous_4)
FN:134,(anonymous_5)
FN:188,(anonymous_6)
FN:189,(anonymous_7)
FN:195,(anonymous_8)
FN:240,(anonymous_9)
FN:274,(anonymous_10)
FN:315,(anonymous_11)
FNF:12
FNH:3
FNDA:0,(anonymous_0)
FNDA:1,(anonymous_1)
FNDA:0,(anonymous_2)
FNDA:0,(anonymous_3)
FNDA:0,(anonymous_4)
FNDA:0,(anonymous_5)
FNDA:0,(anonymous_6)
FNDA:0,(anonymous_7)
FNDA:2,(anonymous_8)
FNDA:0,(anonymous_9)
FNDA:2,(anonymous_10)
FNDA:0,(anonymous_11)
DA:1,1
DA:2,1
DA:3,1
DA:7,0
DA:41,0
DA:43,0
DA:44,0
DA:45,0
DA:48,0
DA:50,0
DA:51,0
DA:54,0
DA:56,0
DA:57,0
DA:61,1
DA:96,1
DA:97,0
DA:100,1
DA:108,1
DA:113,0
DA:118,0
DA:119,0
DA:120,0
DA:121,0
DA:122,0
DA:123,0
DA:125,0
DA:126,0
DA:128,0
DA:131,0
DA:143,0
DA:145,0
DA:146,0
DA:149,0
DA:150,0
DA:151,0
DA:154,0
DA:159,0
DA:160,0
DA:163,0
DA:177,0
DA:179,0
DA:184,0
DA:185,0
DA:189,0
DA:190,0
DA:192,0
DA:196,2
DA:198,2
DA:203,2
DA:204,0
DA:207,2
DA:212,2
DA:213,0
DA:216,2
DA:217,1
DA:220,1
DA:225,1
DA:231,1
DA:236,1
DA:237,1
DA:247,0
DA:249,0
DA:253,0
DA:266,0
DA:271,0
DA:275,2
DA:280,2
DA:281,0
DA:284,2
DA:287,2
DA:288,1
DA:292,1
DA:298,1
DA:303,1
DA:304,0
DA:311,0
DA:312,0
DA:316,0
DA:328,0
DA:332,1
DA:333,1
DA:334,1
LF:83
LH:30
BRDA:6,0,0,0
BRDA:43,1,0,0
BRDA:43,1,1,0
BRDA:48,2,0,0
BRDA:48,2,1,0
BRDA:96,3,0,0
BRDA:96,3,1,1
BRDA:126,4,0,0
BRDA:126,4,1,0
BRDA:128,5,0,0
BRDA:128,5,1,0
BRDA:138,6,0,0
BRDA:139,7,0,0
BRDA:140,8,0,0
BRDA:145,9,0,0
BRDA:145,9,1,0
BRDA:150,10,0,0
BRDA:150,10,1,0
BRDA:159,11,0,0
BRDA:159,11,1,0
BRDA:168,12,0,0
BRDA:168,12,1,0
BRDA:169,13,0,0
BRDA:169,13,1,0
BRDA:170,14,0,0
BRDA:170,14,1,0
BRDA:171,15,0,0
BRDA:171,15,1,0
BRDA:172,16,0,0
BRDA:172,16,1,0
BRDA:173,17,0,0
BRDA:173,17,1,0
BRDA:203,18,0,0
BRDA:203,18,1,2
BRDA:212,19,0,0
BRDA:212,19,1,2
BRDA:216,20,0,1
BRDA:216,20,1,1
BRDA:249,21,0,0
BRDA:249,21,1,0
BRDA:251,22,0,0
BRDA:251,22,1,0
BRDA:258,23,0,0
BRDA:258,23,1,0
BRDA:259,24,0,0
BRDA:259,24,1,0
BRDA:260,25,0,0
BRDA:260,25,1,0
BRDA:261,26,0,0
BRDA:261,26,1,0
BRDA:280,27,0,0
BRDA:280,27,1,2
BRDA:287,28,0,1
BRDA:287,28,1,1
BRDA:287,29,0,2
BRDA:287,29,1,1
BRF:56
BRH:10
end_of_record
